[2020-06-15 18:26:07,492][MwebServer.logger(MwebServer.py:52)][16421][INFO]:   __  ____      _______
[2020-06-15 18:26:07,492][MwebServer.logger(MwebServer.py:52)][16421][INFO]:  /  |/  / | /| / / ___/
[2020-06-15 18:26:07,492][MwebServer.logger(MwebServer.py:52)][16421][INFO]: / /|_/ /| |/ |/ / /__  
[2020-06-15 18:26:07,492][MwebServer.logger(MwebServer.py:52)][16421][INFO]:/ /  /_/ |__/|__/\___/
[2020-06-15 18:26:07,492][MwebServer.logger(MwebServer.py:52)][16421][INFO]:\/
[2020-06-15 18:26:07,492][MwebServer.logger(MwebServer.py:52)][16421][INFO]:==== MCDRWEBCONSOLE ====
[2020-06-15 18:26:07,993][MwebServer.logger(MwebServer.py:52)][16421][INFO]:正在启动MCDR-WEBCONSOLE
[2020-06-15 18:26:07,993][MwebServer.logger(MwebServer.py:52)][16421][INFO]:上报BUG请联系 ixiaohei:
[2020-06-15 18:26:07,993][MwebServer.logger(MwebServer.py:52)][16421][INFO]:QQ: 486118772
[2020-06-15 18:26:07,993][MwebServer.logger(MwebServer.py:52)][16421][INFO]:MwebConsole is OpenSource, find it here:
[2020-06-15 18:26:07,993][MwebServer.logger(MwebServer.py:52)][16421][INFO]:GAYHUB: https://github.com/ixiaohei-sakura/
[2020-06-15 18:26:07,993][MwebServer.logger(MwebServer.py:52)][16421][INFO]:G-PROJECT: https://github.com/ixiaohei-sakura/MWConsole
[2020-06-15 18:26:10,996][MwebServer.logger(MwebServer.py:52)][16421][INFO]:WSocketServer已启动, 等待网页端上线
[2020-06-15 18:26:10,997][MwebServer.logger(MwebServer.py:52)][16421][INFO]:SocketServer已启动, 等待客户端连接
[2020-06-15 18:26:10,997][MwebServer.logger(MwebServer.py:52)][16421][INFO]:检查必要的数据表
[2020-06-15 18:26:10,998][MwebServer.logger(MwebServer.py:52)][16421][INFO]:Server Running at PID:16426
[2020-06-15 18:26:10,998][MwebServer.logger(MwebServer.py:52)][16421][INFO]:Monitor Started
[2020-06-15 18:26:11,014][MwebServer.logger(MwebServer.py:52)][16421][INFO]:Django is nothing wrong
[2020-06-15 18:26:11,275][MwebServer.logger(MwebServer.py:52)][16421][INFO]:Operations to perform:  Apply all migrations: admin, auth, contenttypes, sessionsRunning migrations:  No migrations to apply.
[2020-06-15 18:26:13,371][MwebServer.logger(MwebServer.py:52)][16421][INFO]:Monitor Stoped
[2020-06-15 18:26:13,371][MwebServer.logger(MwebServer.py:52)][16421][INFO]:StartProcess
[2020-06-15 18:26:13,372][MwebServer.logger(MwebServer.py:52)][16421][INFO]:Server Running at PID:16434
[2020-06-15 18:26:13,372][MwebServer.logger(MwebServer.py:52)][16421][INFO]:Monitor Started
[2020-06-15 18:26:13,388][MwebServer.logger(MwebServer.py:52)][16421][INFO]:Django is nothing wrong
[2020-06-15 18:26:13,640][MwebServer.logger(MwebServer.py:52)][16421][INFO]:Django is nothing wrong
[2020-06-15 18:26:13,942][MwebServer.logger(MwebServer.py:52)][16421][INFO]:Performing system checks...
[2020-06-15 18:26:13,985][MwebServer.logger(MwebServer.py:52)][16421][INFO]:System check identified no issues (0 silenced).
[2020-06-15 18:26:14,007][MwebServer.logger(MwebServer.py:52)][16421][INFO]:June 15, 2020 - 10:26:14Django version 3.0.6, using settings 'MwebConsole.settings'Starting development server at http://0:8000/Quit the server with CONTROL-C.
[2020-06-15 20:23:48,394][MwebServer.logger(MwebServer.py:52)][16421][INFO]:STOPPING
[2020-06-15 20:23:50,473][MwebServer.logger(MwebServer.py:52)][16421][INFO]:Stoped server, return code: -6
[2020-06-15 20:23:50,473][MwebServer.logger(MwebServer.py:52)][16421][INFO]:Monitor Stoped
[2020-06-15 20:23:50,473][MwebServer.logger(MwebServer.py:52)][16421][INFO]:Socket服务端会自动停止
[2020-06-15 20:23:52,454][MwebServer.logger(MwebServer.py:52)][6290][INFO]:   __  ____      _____/\
[2020-06-15 20:23:52,454][MwebServer.logger(MwebServer.py:52)][6290][INFO]:  /  |/  / | /| / / ___/
[2020-06-15 20:23:52,454][MwebServer.logger(MwebServer.py:52)][6290][INFO]: / /|_/ /| |/ |/ / /__  
[2020-06-15 20:23:52,454][MwebServer.logger(MwebServer.py:52)][6290][INFO]:/ /  /_/ |__/|__/\___/
[2020-06-15 20:23:52,455][MwebServer.logger(MwebServer.py:52)][6290][INFO]:\/
[2020-06-15 20:23:52,455][MwebServer.logger(MwebServer.py:52)][6290][INFO]:==== MCDRWEBCONSOLE ====
[2020-06-15 20:23:52,955][MwebServer.logger(MwebServer.py:52)][6290][INFO]:正在启动MCDR-WEBCONSOLE
[2020-06-15 20:23:52,955][MwebServer.logger(MwebServer.py:52)][6290][INFO]:上报BUG请联系 ixiaohei:
[2020-06-15 20:23:52,956][MwebServer.logger(MwebServer.py:52)][6290][INFO]:QQ: 486118772
[2020-06-15 20:23:52,956][MwebServer.logger(MwebServer.py:52)][6290][INFO]:MwebConsole is OpenSource, find it here:
[2020-06-15 20:23:52,956][MwebServer.logger(MwebServer.py:52)][6290][INFO]:GAYHUB: https://github.com/ixiaohei-sakura/
[2020-06-15 20:23:52,956][MwebServer.logger(MwebServer.py:52)][6290][INFO]:G-PROJECT: https://github.com/ixiaohei-sakura/MWConsole
[2020-06-15 20:23:55,957][MwebServer.logger(MwebServer.py:52)][6290][INFO]:WSocketServer已启动, 等待网页端上线
[2020-06-15 20:23:55,957][MwebServer.logger(MwebServer.py:52)][6290][INFO]:SocketServer已启动, 等待客户端连接
[2020-06-15 20:23:55,957][MwebServer.logger(MwebServer.py:52)][6290][INFO]:检查必要的数据表
[2020-06-15 20:23:55,958][MwebServer.logger(MwebServer.py:52)][6290][INFO]:Server Running at PID:6327
[2020-06-15 20:23:55,958][MwebServer.logger(MwebServer.py:52)][6290][INFO]:Monitor Started
[2020-06-15 20:23:55,974][MwebServer.logger(MwebServer.py:52)][6290][INFO]:Django is nothing wrong
[2020-06-15 20:23:56,154][MwebServer.logger(MwebServer.py:52)][6290][INFO]:Operations to perform:  Apply all migrations: admin, auth, contenttypes, sessionsRunning migrations:  No migrations to apply.
[2020-06-15 20:23:58,244][MwebServer.logger(MwebServer.py:52)][6290][INFO]:Monitor Stoped
[2020-06-15 20:23:58,244][MwebServer.logger(MwebServer.py:52)][6290][INFO]:StartProcess
[2020-06-15 20:23:58,245][MwebServer.logger(MwebServer.py:52)][6290][INFO]:Server Running at PID:6337
[2020-06-15 20:23:58,246][MwebServer.logger(MwebServer.py:52)][6290][INFO]:Monitor Started
[2020-06-15 20:23:58,261][MwebServer.logger(MwebServer.py:52)][6290][INFO]:Django is nothing wrong
[2020-06-15 20:23:58,446][MwebServer.logger(MwebServer.py:52)][6290][INFO]:Django is nothing wrong
[2020-06-15 20:23:59,080][MwebServer.logger(MwebServer.py:52)][6290][INFO]:Performing system checks...
[2020-06-15 20:23:59,141][MwebServer.logger(MwebServer.py:52)][6290][INFO]:System check identified no issues (0 silenced).
[2020-06-15 20:23:59,177][MwebServer.logger(MwebServer.py:52)][6290][INFO]:June 15, 2020 - 12:23:59Django version 3.0.6, using settings 'MwebConsole.settings'Starting development server at http://0:8000/Quit the server with CONTROL-C.
[2020-06-15 21:45:14,125][MwebServer.logger(MwebServer.py:52)][6290][INFO]:STOPPING
[2020-06-15 21:45:16,200][MwebServer.logger(MwebServer.py:52)][6290][INFO]:Stoped server, return code: -6
[2020-06-15 21:45:16,200][MwebServer.logger(MwebServer.py:52)][6290][INFO]:Monitor Stoped
[2020-06-15 21:45:16,200][MwebServer.logger(MwebServer.py:52)][6290][INFO]:Socket服务端会自动停止
[2020-06-15 21:45:17,909][MwebServer.logger(MwebServer.py:52)][25917][INFO]:   __  ____      _____/\
[2020-06-15 21:45:17,909][MwebServer.logger(MwebServer.py:52)][25917][INFO]:  /  |/  / | /| / / ___/
[2020-06-15 21:45:17,909][MwebServer.logger(MwebServer.py:52)][25917][INFO]: / /|_/ /| |/ |/ / /__  
[2020-06-15 21:45:17,909][MwebServer.logger(MwebServer.py:52)][25917][INFO]:/ /  /_/ |__/|__/\___/
[2020-06-15 21:45:17,909][MwebServer.logger(MwebServer.py:52)][25917][INFO]:\/
[2020-06-15 21:45:17,909][MwebServer.logger(MwebServer.py:52)][25917][INFO]:==== MCDRWEBCONSOLE ====
[2020-06-15 21:45:18,410][MwebServer.logger(MwebServer.py:52)][25917][INFO]:正在启动MCDR-WEBCONSOLE
[2020-06-15 21:45:18,410][MwebServer.logger(MwebServer.py:52)][25917][INFO]:上报BUG请联系 ixiaohei:
[2020-06-15 21:45:18,410][MwebServer.logger(MwebServer.py:52)][25917][INFO]:QQ: 486118772
[2020-06-15 21:45:18,410][MwebServer.logger(MwebServer.py:52)][25917][INFO]:MwebConsole is OpenSource, find it here:
[2020-06-15 21:45:18,410][MwebServer.logger(MwebServer.py:52)][25917][INFO]:GAYHUB: https://github.com/ixiaohei-sakura/
[2020-06-15 21:45:18,410][MwebServer.logger(MwebServer.py:52)][25917][INFO]:G-PROJECT: https://github.com/ixiaohei-sakura/MWConsole
[2020-06-15 21:45:21,412][MwebServer.logger(MwebServer.py:52)][25917][INFO]:WSocketServer已启动, 等待网页端上线
[2020-06-15 21:45:21,412][MwebServer.logger(MwebServer.py:52)][25917][INFO]:SocketServer已启动, 等待客户端连接
[2020-06-15 21:45:21,412][MwebServer.logger(MwebServer.py:52)][25917][INFO]:检查必要的数据表
[2020-06-15 21:45:21,413][MwebServer.logger(MwebServer.py:52)][25917][INFO]:Server Running at PID:25920
[2020-06-15 21:45:21,413][MwebServer.logger(MwebServer.py:52)][25917][INFO]:Monitor Started
[2020-06-15 21:45:21,429][MwebServer.logger(MwebServer.py:52)][25917][INFO]:Django is nothing wrong
[2020-06-15 21:45:21,622][MwebServer.logger(MwebServer.py:52)][25917][INFO]:Operations to perform:  Apply all migrations: admin, auth, contenttypes, sessionsRunning migrations:  No migrations to apply.
[2020-06-15 21:45:23,718][MwebServer.logger(MwebServer.py:52)][25917][INFO]:Monitor Stoped
[2020-06-15 21:45:23,719][MwebServer.logger(MwebServer.py:52)][25917][INFO]:StartProcess
[2020-06-15 21:45:23,720][MwebServer.logger(MwebServer.py:52)][25917][INFO]:Server Running at PID:25928
[2020-06-15 21:45:23,720][MwebServer.logger(MwebServer.py:52)][25917][INFO]:Monitor Started
[2020-06-15 21:45:23,735][MwebServer.logger(MwebServer.py:52)][25917][INFO]:Django is nothing wrong
[2020-06-15 21:45:23,949][MwebServer.logger(MwebServer.py:52)][25917][INFO]:Django is nothing wrong
[2020-06-15 21:45:24,127][MwebServer.logger(MwebServer.py:52)][25917][INFO]:Performing system checks...
[2020-06-15 21:45:24,191][MwebServer.logger(MwebServer.py:52)][25917][INFO]:System check identified no issues (0 silenced).
[2020-06-15 21:45:24,203][MwebServer.logger(MwebServer.py:52)][25917][INFO]:June 15, 2020 - 13:45:24Django version 3.0.6, using settings 'MwebConsole.settings'Starting development server at http://0:8000/Quit the server with CONTROL-C.
[2020-06-15 21:45:29,008][MwebServer.logger(MwebServer.py:52)][25917][INFO]:STOPPING
[2020-06-15 21:45:31,082][MwebServer.logger(MwebServer.py:52)][25917][INFO]:Stoped server, return code: -6
[2020-06-15 21:45:31,082][MwebServer.logger(MwebServer.py:52)][25917][INFO]:Socket服务端会自动停止
[2020-06-15 21:45:31,082][MwebServer.logger(MwebServer.py:52)][25917][INFO]:Monitor Stoped
[2020-06-15 21:45:31,082][MwebServer.logger(MwebServer.py:52)][25917][INFO]:RESTARTING
[2020-06-15 21:45:31,082][MwebServer.logger(MwebServer.py:52)][25917][INFO]:所有线程全部退出, 等待主进程停止.
[2020-06-15 21:45:31,142][MwebServer.logger(MwebServer.py:52)][25917][INFO]:   __  ____      _____/\
[2020-06-15 21:45:31,142][MwebServer.logger(MwebServer.py:52)][25917][INFO]:  /  |/  / | /| / / ___/
[2020-06-15 21:45:31,142][MwebServer.logger(MwebServer.py:52)][25917][INFO]: / /|_/ /| |/ |/ / /__  
[2020-06-15 21:45:31,142][MwebServer.logger(MwebServer.py:52)][25917][INFO]:/ /  /_/ |__/|__/\___/
[2020-06-15 21:45:31,142][MwebServer.logger(MwebServer.py:52)][25917][INFO]:\/
[2020-06-15 21:45:31,142][MwebServer.logger(MwebServer.py:52)][25917][INFO]:==== MCDRWEBCONSOLE ====
[2020-06-15 21:45:31,643][MwebServer.logger(MwebServer.py:52)][25917][INFO]:正在启动MCDR-WEBCONSOLE
[2020-06-15 21:45:31,643][MwebServer.logger(MwebServer.py:52)][25917][INFO]:上报BUG请联系 ixiaohei:
[2020-06-15 21:45:31,643][MwebServer.logger(MwebServer.py:52)][25917][INFO]:QQ: 486118772
[2020-06-15 21:45:31,643][MwebServer.logger(MwebServer.py:52)][25917][INFO]:MwebConsole is OpenSource, find it here:
[2020-06-15 21:45:31,643][MwebServer.logger(MwebServer.py:52)][25917][INFO]:GAYHUB: https://github.com/ixiaohei-sakura/
[2020-06-15 21:45:31,643][MwebServer.logger(MwebServer.py:52)][25917][INFO]:G-PROJECT: https://github.com/ixiaohei-sakura/MWConsole
[2020-06-15 21:45:34,647][MwebServer.logger(MwebServer.py:52)][25917][INFO]:WSocketServer已启动, 等待网页端上线
[2020-06-15 21:45:34,647][MwebServer.logger(MwebServer.py:52)][25917][INFO]:SocketServer已启动, 等待客户端连接
[2020-06-15 21:45:34,648][MwebServer.logger(MwebServer.py:52)][25917][INFO]:检查必要的数据表
[2020-06-15 21:45:34,649][MwebServer.logger(MwebServer.py:52)][25917][INFO]:Server Running at PID:26019
[2020-06-15 21:45:34,649][MwebServer.logger(MwebServer.py:52)][25917][INFO]:Monitor Started
[2020-06-15 21:45:34,664][MwebServer.logger(MwebServer.py:52)][25917][INFO]:Django is nothing wrong
[2020-06-15 21:45:34,880][MwebServer.logger(MwebServer.py:52)][25917][INFO]:Operations to perform:  Apply all migrations: admin, auth, contenttypes, sessionsRunning migrations:  No migrations to apply.
[2020-06-15 21:45:36,971][MwebServer.logger(MwebServer.py:52)][25917][INFO]:Monitor Stoped
[2020-06-15 21:45:36,971][MwebServer.logger(MwebServer.py:52)][25917][INFO]:StartProcess
[2020-06-15 21:45:36,972][MwebServer.logger(MwebServer.py:52)][25917][INFO]:Server Running at PID:26029
[2020-06-15 21:45:36,972][MwebServer.logger(MwebServer.py:52)][25917][INFO]:Monitor Started
[2020-06-15 21:45:36,987][MwebServer.logger(MwebServer.py:52)][25917][INFO]:Django is nothing wrong
[2020-06-15 21:45:37,178][MwebServer.logger(MwebServer.py:52)][25917][INFO]:Django is nothing wrong
[2020-06-15 21:45:37,699][MwebServer.logger(MwebServer.py:52)][25917][INFO]:Performing system checks...
[2020-06-15 21:45:37,776][MwebServer.logger(MwebServer.py:52)][25917][INFO]:System check identified no issues (0 silenced).
[2020-06-15 21:45:37,820][MwebServer.logger(MwebServer.py:52)][25917][INFO]:June 15, 2020 - 13:45:37Django version 3.0.6, using settings 'MwebConsole.settings'Starting development server at http://0:8000/Quit the server with CONTROL-C.
[2020-06-15 21:48:01,232][MwebServer.logger(MwebServer.py:52)][25917][INFO]:STOPPING
[2020-06-15 21:48:01,484][MwebServer.logger(MwebServer.py:52)][25917][INFO]:STOPPING
[2020-06-15 21:48:17,427][MwebServer.logger(MwebServer.py:52)][26685][INFO]:   __  ____      _____/\
[2020-06-15 21:48:17,428][MwebServer.logger(MwebServer.py:52)][26685][INFO]:  /  |/  / | /| / / ___/
[2020-06-15 21:48:17,428][MwebServer.logger(MwebServer.py:52)][26685][INFO]: / /|_/ /| |/ |/ / /__  
[2020-06-15 21:48:17,428][MwebServer.logger(MwebServer.py:52)][26685][INFO]:/ /  /_/ |__/|__/\___/
[2020-06-15 21:48:17,428][MwebServer.logger(MwebServer.py:52)][26685][INFO]:\/
[2020-06-15 21:48:17,428][MwebServer.logger(MwebServer.py:52)][26685][INFO]:==== MCDRWEBCONSOLE ====
[2020-06-15 21:48:17,928][MwebServer.logger(MwebServer.py:52)][26685][INFO]:正在启动MCDR-WEBCONSOLE
[2020-06-15 21:48:17,929][MwebServer.logger(MwebServer.py:52)][26685][INFO]:上报BUG请联系 ixiaohei:
[2020-06-15 21:48:17,929][MwebServer.logger(MwebServer.py:52)][26685][INFO]:QQ: 486118772
[2020-06-15 21:48:17,929][MwebServer.logger(MwebServer.py:52)][26685][INFO]:MwebConsole is OpenSource, find it here:
[2020-06-15 21:48:17,929][MwebServer.logger(MwebServer.py:52)][26685][INFO]:GAYHUB: https://github.com/ixiaohei-sakura/
[2020-06-15 21:48:17,929][MwebServer.logger(MwebServer.py:52)][26685][INFO]:G-PROJECT: https://github.com/ixiaohei-sakura/MWConsole
[2020-06-15 21:48:20,930][MwebServer.logger(MwebServer.py:52)][26685][INFO]:WSocketServer已启动, 等待网页端上线
[2020-06-15 21:48:20,930][MwebServer.logger(MwebServer.py:52)][26685][INFO]:SocketServer已启动, 等待客户端连接
[2020-06-15 21:48:20,930][MwebServer.logger(MwebServer.py:52)][26685][INFO]:检查必要的数据表
[2020-06-15 21:48:20,931][MwebServer.logger(MwebServer.py:52)][26685][INFO]:Server Running at PID:26688
[2020-06-15 21:48:20,932][MwebServer.logger(MwebServer.py:52)][26685][INFO]:Monitor Started
[2020-06-15 21:48:20,947][MwebServer.logger(MwebServer.py:52)][26685][INFO]:Django is nothing wrong
[2020-06-15 21:48:21,241][MwebServer.logger(MwebServer.py:52)][26685][INFO]:Operations to perform:  Apply all migrations: admin, auth, contenttypes, sessionsRunning migrations:  No migrations to apply.
[2020-06-15 21:48:23,333][MwebServer.logger(MwebServer.py:52)][26685][INFO]:Monitor Stoped
[2020-06-15 21:48:23,333][MwebServer.logger(MwebServer.py:52)][26685][INFO]:StartProcess
[2020-06-15 21:48:23,334][MwebServer.logger(MwebServer.py:52)][26685][INFO]:Server Running at PID:26696
[2020-06-15 21:48:23,334][MwebServer.logger(MwebServer.py:52)][26685][INFO]:Monitor Started
[2020-06-15 21:48:23,349][MwebServer.logger(MwebServer.py:52)][26685][INFO]:Django is nothing wrong
[2020-06-15 21:48:23,536][MwebServer.logger(MwebServer.py:52)][26685][INFO]:Django is nothing wrong
[2020-06-15 21:48:23,819][MwebServer.logger(MwebServer.py:52)][26685][INFO]:Performing system checks...
[2020-06-15 21:48:23,883][MwebServer.logger(MwebServer.py:52)][26685][INFO]:System check identified no issues (0 silenced).
[2020-06-15 21:48:23,898][MwebServer.logger(MwebServer.py:52)][26685][INFO]:June 15, 2020 - 13:48:23Django version 3.0.6, using settings 'MwebConsole.settings'Starting development server at http://0:8000/Quit the server with CONTROL-C.
[2020-06-15 21:48:27,998][MwebServer.logger(MwebServer.py:52)][26685][INFO]:STOPPING
[2020-06-15 21:48:30,071][MwebServer.logger(MwebServer.py:52)][26685][INFO]:Stoped server, return code: -6
[2020-06-15 21:48:30,071][MwebServer.logger(MwebServer.py:52)][26685][INFO]:Socket服务端会自动停止
[2020-06-15 21:48:30,072][MwebServer.logger(MwebServer.py:52)][26685][INFO]:Monitor Stoped
[2020-06-15 21:48:30,072][MwebServer.logger(MwebServer.py:52)][26685][INFO]:===BEGIN TO RESTART===
[2020-06-15 21:48:30,072][MwebServer.logger(MwebServer.py:52)][26685][INFO]:所有线程全部退出, 等待主进程停止.
[2020-06-15 21:48:30,072][MwebServer.logger(MwebServer.py:52)][26685][INFO]:Main Process call to wait 3 seconds.
[2020-06-15 21:49:22,890][MwebServer.logger(MwebServer.py:52)][26937][INFO]:   __  ____      _____/\
[2020-06-15 21:49:22,890][MwebServer.logger(MwebServer.py:52)][26937][INFO]:  /  |/  / | /| / / ___/
[2020-06-15 21:49:22,890][MwebServer.logger(MwebServer.py:52)][26937][INFO]: / /|_/ /| |/ |/ / /__  
[2020-06-15 21:49:22,890][MwebServer.logger(MwebServer.py:52)][26937][INFO]:/ /  /_/ |__/|__/\___/
[2020-06-15 21:49:22,890][MwebServer.logger(MwebServer.py:52)][26937][INFO]:\/
[2020-06-15 21:49:22,890][MwebServer.logger(MwebServer.py:52)][26937][INFO]:==== MCDRWEBCONSOLE ====
[2020-06-15 21:49:23,391][MwebServer.logger(MwebServer.py:52)][26937][INFO]:正在启动MCDR-WEBCONSOLE
[2020-06-15 21:49:23,391][MwebServer.logger(MwebServer.py:52)][26937][INFO]:上报BUG请联系 ixiaohei:
[2020-06-15 21:49:23,391][MwebServer.logger(MwebServer.py:52)][26937][INFO]:QQ: 486118772
[2020-06-15 21:49:23,391][MwebServer.logger(MwebServer.py:52)][26937][INFO]:MwebConsole is OpenSource, find it here:
[2020-06-15 21:49:23,391][MwebServer.logger(MwebServer.py:52)][26937][INFO]:GAYHUB: https://github.com/ixiaohei-sakura/
[2020-06-15 21:49:23,391][MwebServer.logger(MwebServer.py:52)][26937][INFO]:G-PROJECT: https://github.com/ixiaohei-sakura/MWConsole
[2020-06-15 21:49:26,394][MwebServer.logger(MwebServer.py:52)][26937][INFO]:WSocketServer已启动, 等待网页端上线
[2020-06-15 21:49:26,395][MwebServer.logger(MwebServer.py:52)][26937][INFO]:SocketServer已启动, 等待客户端连接
[2020-06-15 21:49:26,395][MwebServer.logger(MwebServer.py:52)][26937][INFO]:检查必要的数据表
[2020-06-15 21:49:26,396][MwebServer.logger(MwebServer.py:52)][26937][INFO]:Server Running at PID:26978
[2020-06-15 21:49:26,396][MwebServer.logger(MwebServer.py:52)][26937][INFO]:Monitor Started
[2020-06-15 21:49:26,413][MwebServer.logger(MwebServer.py:52)][26937][INFO]:Django is nothing wrong
[2020-06-15 21:49:26,602][MwebServer.logger(MwebServer.py:52)][26937][INFO]:Operations to perform:  Apply all migrations: admin, auth, contenttypes, sessionsRunning migrations:  No migrations to apply.
[2020-06-15 21:49:28,693][MwebServer.logger(MwebServer.py:52)][26937][INFO]:Monitor Stoped
[2020-06-15 21:49:28,693][MwebServer.logger(MwebServer.py:52)][26937][INFO]:StartProcess
[2020-06-15 21:49:28,694][MwebServer.logger(MwebServer.py:52)][26937][INFO]:Server Running at PID:26986
[2020-06-15 21:49:28,694][MwebServer.logger(MwebServer.py:52)][26937][INFO]:Monitor Started
[2020-06-15 21:49:28,710][MwebServer.logger(MwebServer.py:52)][26937][INFO]:Django is nothing wrong
[2020-06-15 21:49:28,952][MwebServer.logger(MwebServer.py:52)][26937][INFO]:Django is nothing wrong
[2020-06-15 21:49:29,136][MwebServer.logger(MwebServer.py:52)][26937][INFO]:Performing system checks...
[2020-06-15 21:49:29,182][MwebServer.logger(MwebServer.py:52)][26937][INFO]:System check identified no issues (0 silenced).
[2020-06-15 21:49:29,197][MwebServer.logger(MwebServer.py:52)][26937][INFO]:June 15, 2020 - 13:49:29Django version 3.0.6, using settings 'MwebConsole.settings'Starting development server at http://0:8000/Quit the server with CONTROL-C.
[2020-06-15 21:49:33,303][MwebServer.logger(MwebServer.py:52)][26937][INFO]:STOPPING
[2020-06-15 21:49:35,377][MwebServer.logger(MwebServer.py:52)][26937][INFO]:Stoped server, return code: -6
[2020-06-15 21:49:35,377][MwebServer.logger(MwebServer.py:52)][26937][INFO]:Socket服务端会自动停止
[2020-06-15 21:49:35,377][MwebServer.logger(MwebServer.py:52)][26937][INFO]:===BEGIN TO RESTART===
[2020-06-15 21:49:35,377][MwebServer.logger(MwebServer.py:52)][26937][INFO]:所有线程全部退出, 等待主进程停止.
[2020-06-15 21:49:35,378][MwebServer.logger(MwebServer.py:52)][26937][INFO]:Main Process call to wait 3 seconds.
[2020-06-15 21:49:35,378][MwebServer.logger(MwebServer.py:52)][26937][INFO]:Monitor Stoped
[2020-06-15 21:49:38,378][MwebServer.logger(MwebServer.py:52)][26937][INFO]:RESTARTING...
[2020-06-15 21:49:38,439][MwebServer.logger(MwebServer.py:52)][26937][INFO]:   __  ____      _____/\
[2020-06-15 21:49:38,439][MwebServer.logger(MwebServer.py:52)][26937][INFO]:  /  |/  / | /| / / ___/
[2020-06-15 21:49:38,439][MwebServer.logger(MwebServer.py:52)][26937][INFO]: / /|_/ /| |/ |/ / /__  
[2020-06-15 21:49:38,439][MwebServer.logger(MwebServer.py:52)][26937][INFO]:/ /  /_/ |__/|__/\___/
[2020-06-15 21:49:38,439][MwebServer.logger(MwebServer.py:52)][26937][INFO]:\/
[2020-06-15 21:49:38,439][MwebServer.logger(MwebServer.py:52)][26937][INFO]:==== MCDRWEBCONSOLE ====
[2020-06-15 21:49:38,940][MwebServer.logger(MwebServer.py:52)][26937][INFO]:正在启动MCDR-WEBCONSOLE
[2020-06-15 21:49:38,940][MwebServer.logger(MwebServer.py:52)][26937][INFO]:上报BUG请联系 ixiaohei:
[2020-06-15 21:49:38,940][MwebServer.logger(MwebServer.py:52)][26937][INFO]:QQ: 486118772
[2020-06-15 21:49:38,940][MwebServer.logger(MwebServer.py:52)][26937][INFO]:MwebConsole is OpenSource, find it here:
[2020-06-15 21:49:38,940][MwebServer.logger(MwebServer.py:52)][26937][INFO]:GAYHUB: https://github.com/ixiaohei-sakura/
[2020-06-15 21:49:38,940][MwebServer.logger(MwebServer.py:52)][26937][INFO]:G-PROJECT: https://github.com/ixiaohei-sakura/MWConsole
[2020-06-15 21:49:41,944][MwebServer.logger(MwebServer.py:52)][26937][INFO]:WSocketServer已启动, 等待网页端上线
[2020-06-15 21:49:41,944][MwebServer.logger(MwebServer.py:52)][26937][INFO]:SocketServer已启动, 等待客户端连接
[2020-06-15 21:49:41,944][MwebServer.logger(MwebServer.py:52)][26937][INFO]:检查必要的数据表
[2020-06-15 21:49:41,945][MwebServer.logger(MwebServer.py:52)][26937][INFO]:Server Running at PID:27039
[2020-06-15 21:49:41,945][MwebServer.logger(MwebServer.py:52)][26937][INFO]:Monitor Started
[2020-06-15 21:49:41,961][MwebServer.logger(MwebServer.py:52)][26937][INFO]:Django is nothing wrong
[2020-06-15 21:49:42,153][MwebServer.logger(MwebServer.py:52)][26937][INFO]:Operations to perform:  Apply all migrations: admin, auth, contenttypes, sessionsRunning migrations:  No migrations to apply.
[2020-06-15 21:49:44,249][MwebServer.logger(MwebServer.py:52)][26937][INFO]:Monitor Stoped
[2020-06-15 21:49:44,250][MwebServer.logger(MwebServer.py:52)][26937][INFO]:StartProcess
[2020-06-15 21:49:44,251][MwebServer.logger(MwebServer.py:52)][26937][INFO]:Server Running at PID:27081
[2020-06-15 21:49:44,251][MwebServer.logger(MwebServer.py:52)][26937][INFO]:Monitor Started
[2020-06-15 21:49:44,266][MwebServer.logger(MwebServer.py:52)][26937][INFO]:Django is nothing wrong
[2020-06-15 21:49:44,450][MwebServer.logger(MwebServer.py:52)][26937][INFO]:Django is nothing wrong
[2020-06-15 21:49:44,714][MwebServer.logger(MwebServer.py:52)][26937][INFO]:Performing system checks...
[2020-06-15 21:49:44,749][MwebServer.logger(MwebServer.py:52)][26937][INFO]:System check identified no issues (0 silenced).
[2020-06-15 21:49:44,778][MwebServer.logger(MwebServer.py:52)][26937][INFO]:June 15, 2020 - 13:49:44Django version 3.0.6, using settings 'MwebConsole.settings'Starting development server at http://0:8000/Quit the server with CONTROL-C.
[2020-06-15 21:50:26,606][MwebServer.logger(MwebServer.py:52)][26937][INFO]:STOPPING
[2020-06-15 21:50:28,681][MwebServer.logger(MwebServer.py:52)][26937][INFO]:Stoped server, return code: -6
[2020-06-15 21:50:28,681][MwebServer.logger(MwebServer.py:52)][26937][INFO]:Monitor Stoped
[2020-06-15 21:50:28,681][MwebServer.logger(MwebServer.py:52)][26937][INFO]:Socket服务端会自动停止
[2020-06-15 21:50:28,682][MwebServer.logger(MwebServer.py:52)][26937][INFO]:===BEGIN TO RESTART===
[2020-06-15 21:50:28,682][MwebServer.logger(MwebServer.py:52)][26937][INFO]:所有线程全部退出, 等待主进程停止.
[2020-06-15 21:50:28,682][MwebServer.logger(MwebServer.py:52)][26937][INFO]:Main Process call to wait 3 seconds.
[2020-06-15 21:52:22,948][MwebServer.logger(MwebServer.py:52)][27669][INFO]:   __  ____      _____/\
[2020-06-15 21:52:22,948][MwebServer.logger(MwebServer.py:52)][27669][INFO]:  /  |/  / | /| / / ___/
[2020-06-15 21:52:22,948][MwebServer.logger(MwebServer.py:52)][27669][INFO]: / /|_/ /| |/ |/ / /__  
[2020-06-15 21:52:22,948][MwebServer.logger(MwebServer.py:52)][27669][INFO]:/ /  /_/ |__/|__/\___/
[2020-06-15 21:52:22,948][MwebServer.logger(MwebServer.py:52)][27669][INFO]:\/
[2020-06-15 21:52:22,948][MwebServer.logger(MwebServer.py:52)][27669][INFO]:==== MCDRWEBCONSOLE ====
[2020-06-15 21:52:23,449][MwebServer.logger(MwebServer.py:52)][27669][INFO]:正在启动MCDR-WEBCONSOLE
[2020-06-15 21:52:23,449][MwebServer.logger(MwebServer.py:52)][27669][INFO]:上报BUG请联系 ixiaohei:
[2020-06-15 21:52:23,449][MwebServer.logger(MwebServer.py:52)][27669][INFO]:QQ: 486118772
[2020-06-15 21:52:23,449][MwebServer.logger(MwebServer.py:52)][27669][INFO]:MwebConsole is OpenSource, find it here:
[2020-06-15 21:52:23,449][MwebServer.logger(MwebServer.py:52)][27669][INFO]:GAYHUB: https://github.com/ixiaohei-sakura/
[2020-06-15 21:52:23,449][MwebServer.logger(MwebServer.py:52)][27669][INFO]:G-PROJECT: https://github.com/ixiaohei-sakura/MWConsole
[2020-06-15 21:52:26,452][MwebServer.logger(MwebServer.py:52)][27669][INFO]:WSocketServer已启动, 等待网页端上线
[2020-06-15 21:52:26,453][MwebServer.logger(MwebServer.py:52)][27669][INFO]:SocketServer已启动, 等待客户端连接
[2020-06-15 21:52:26,453][MwebServer.logger(MwebServer.py:52)][27669][INFO]:检查必要的数据表
[2020-06-15 21:52:26,454][MwebServer.logger(MwebServer.py:52)][27669][INFO]:Server Running at PID:27712
[2020-06-15 21:52:26,454][MwebServer.logger(MwebServer.py:52)][27669][INFO]:Monitor Started
[2020-06-15 21:52:26,470][MwebServer.logger(MwebServer.py:52)][27669][INFO]:Django is nothing wrong
[2020-06-15 21:52:26,721][MwebServer.logger(MwebServer.py:52)][27669][INFO]:Operations to perform:  Apply all migrations: admin, auth, contenttypes, sessionsRunning migrations:  No migrations to apply.
[2020-06-15 21:52:28,811][MwebServer.logger(MwebServer.py:52)][27669][INFO]:Monitor Stoped
[2020-06-15 21:52:28,811][MwebServer.logger(MwebServer.py:52)][27669][INFO]:StartProcess
[2020-06-15 21:52:28,812][MwebServer.logger(MwebServer.py:52)][27669][INFO]:Server Running at PID:27720
[2020-06-15 21:52:28,812][MwebServer.logger(MwebServer.py:52)][27669][INFO]:Monitor Started
[2020-06-15 21:52:28,828][MwebServer.logger(MwebServer.py:52)][27669][INFO]:Django is nothing wrong
[2020-06-15 21:52:29,287][MwebServer.logger(MwebServer.py:52)][27669][INFO]:Django is nothing wrong
[2020-06-15 21:52:29,525][MwebServer.logger(MwebServer.py:52)][27669][INFO]:Performing system checks...
[2020-06-15 21:52:29,554][MwebServer.logger(MwebServer.py:52)][27669][INFO]:System check identified no issues (0 silenced).
[2020-06-15 21:52:29,623][MwebServer.logger(MwebServer.py:52)][27669][INFO]:June 15, 2020 - 13:52:29Django version 3.0.6, using settings 'MwebConsole.settings'Starting development server at http://0:8000/Quit the server with CONTROL-C.
[2020-06-15 21:53:12,117][MwebServer.logger(MwebServer.py:52)][27669][INFO]:STOPPING
[2020-06-15 21:53:14,196][MwebServer.logger(MwebServer.py:52)][27669][INFO]:Stoped server, return code: -6
[2020-06-15 21:53:14,196][MwebServer.logger(MwebServer.py:52)][27669][INFO]:Monitor Stoped
[2020-06-15 21:53:14,197][MwebServer.logger(MwebServer.py:52)][27669][INFO]:Socket服务端会自动停止
[2020-06-15 21:53:14,197][MwebServer.logger(MwebServer.py:52)][27669][INFO]:===BEGIN TO RESTART===
[2020-06-15 21:53:14,197][MwebServer.logger(MwebServer.py:52)][27669][INFO]:所有线程全部退出, 等待主进程停止.
[2020-06-15 21:53:14,197][MwebServer.logger(MwebServer.py:52)][27669][INFO]:Main Process call to wait 3 seconds.
[2020-06-15 21:53:17,200][MwebServer.logger(MwebServer.py:52)][27669][INFO]:RESTARTING...
[2020-06-15 21:53:17,261][MwebServer.logger(MwebServer.py:53)][27669][INFO]:   __  ____      _____/\
[2020-06-15 21:53:17,261][MwebServer.logger(MwebServer.py:53)][27669][INFO]:  /  |/  / | /| / / ___/
[2020-06-15 21:53:17,261][MwebServer.logger(MwebServer.py:53)][27669][INFO]: / /|_/ /| |/ |/ / /__  
[2020-06-15 21:53:17,261][MwebServer.logger(MwebServer.py:53)][27669][INFO]:/ /  /_/ |__/|__/\___/
[2020-06-15 21:53:17,261][MwebServer.logger(MwebServer.py:53)][27669][INFO]:\/
[2020-06-15 21:53:17,261][MwebServer.logger(MwebServer.py:53)][27669][INFO]:==== MCDRWEBCONSOLE ====
[2020-06-15 21:53:17,761][MwebServer.logger(MwebServer.py:53)][27669][INFO]:正在启动MCDR-WEBCONSOLE
[2020-06-15 21:53:17,761][MwebServer.logger(MwebServer.py:53)][27669][INFO]:上报BUG请联系 ixiaohei:
[2020-06-15 21:53:17,761][MwebServer.logger(MwebServer.py:53)][27669][INFO]:QQ: 486118772
[2020-06-15 21:53:17,761][MwebServer.logger(MwebServer.py:53)][27669][INFO]:MwebConsole is OpenSource, find it here:
[2020-06-15 21:53:17,761][MwebServer.logger(MwebServer.py:53)][27669][INFO]:GAYHUB: https://github.com/ixiaohei-sakura/
[2020-06-15 21:53:17,762][MwebServer.logger(MwebServer.py:53)][27669][INFO]:G-PROJECT: https://github.com/ixiaohei-sakura/MWConsole
[2020-06-15 21:53:20,763][MwebServer.logger(MwebServer.py:53)][27669][INFO]:WSocketServer已启动, 等待网页端上线
[2020-06-15 21:53:20,764][MwebServer.logger(MwebServer.py:53)][27669][INFO]:SocketServer已启动, 等待客户端连接
[2020-06-15 21:53:20,764][MwebServer.logger(MwebServer.py:53)][27669][INFO]:检查必要的数据表
[2020-06-15 21:53:20,765][MwebServer.logger(MwebServer.py:53)][27669][INFO]:Server Running at PID:27932
[2020-06-15 21:53:20,765][MwebServer.logger(MwebServer.py:53)][27669][INFO]:Monitor Started
[2020-06-15 21:53:20,780][MwebServer.logger(MwebServer.py:53)][27669][INFO]:Django is nothing wrong
[2020-06-15 21:53:20,959][MwebServer.logger(MwebServer.py:53)][27669][INFO]:Operations to perform:  Apply all migrations: admin, auth, contenttypes, sessionsRunning migrations:  No migrations to apply.
[2020-06-15 21:53:23,050][MwebServer.logger(MwebServer.py:53)][27669][INFO]:Monitor Stoped
[2020-06-15 21:53:23,050][MwebServer.logger(MwebServer.py:53)][27669][INFO]:StartProcess
[2020-06-15 21:53:23,051][MwebServer.logger(MwebServer.py:53)][27669][INFO]:Server Running at PID:27941
[2020-06-15 21:53:23,051][MwebServer.logger(MwebServer.py:53)][27669][INFO]:Monitor Started
[2020-06-15 21:53:23,067][MwebServer.logger(MwebServer.py:53)][27669][INFO]:Django is nothing wrong
[2020-06-15 21:53:23,253][MwebServer.logger(MwebServer.py:53)][27669][INFO]:Django is nothing wrong
[2020-06-15 21:53:23,565][MwebServer.logger(MwebServer.py:53)][27669][INFO]:Performing system checks...
[2020-06-15 21:53:23,638][MwebServer.logger(MwebServer.py:53)][27669][INFO]:System check identified no issues (0 silenced).
[2020-06-15 21:53:23,718][MwebServer.logger(MwebServer.py:53)][27669][INFO]:June 15, 2020 - 13:53:23Django version 3.0.6, using settings 'MwebConsole.settings'Starting development server at http://0:8000/Quit the server with CONTROL-C.
[2020-06-15 21:53:27,631][MwebServer.logger(MwebServer.py:53)][27669][INFO]:STOPPING
[2020-06-15 21:53:29,709][MwebServer.logger(MwebServer.py:53)][27669][INFO]:Stoped server, return code: -6
[2020-06-15 21:53:29,709][MwebServer.logger(MwebServer.py:53)][27669][INFO]:Monitor Stoped
[2020-06-15 21:53:29,709][MwebServer.logger(MwebServer.py:53)][27669][INFO]:Socket服务端会自动停止
[2020-06-15 21:53:29,709][MwebServer.logger(MwebServer.py:53)][27669][INFO]:===BEGIN TO RESTART===
[2020-06-15 21:53:29,709][MwebServer.logger(MwebServer.py:53)][27669][INFO]:所有线程全部退出, 等待主进程停止.
[2020-06-15 21:53:29,709][MwebServer.logger(MwebServer.py:53)][27669][INFO]:Main Process call to wait 3 seconds.
[2020-06-15 21:53:32,712][MwebServer.logger(MwebServer.py:53)][27669][INFO]:RESTARTING...
[2020-06-15 21:53:32,772][MwebServer.logger(MwebServer.py:53)][27669][INFO]:   __  ____      _____/\
[2020-06-15 21:53:32,772][MwebServer.logger(MwebServer.py:53)][27669][INFO]:  /  |/  / | /| / / ___/
[2020-06-15 21:53:32,772][MwebServer.logger(MwebServer.py:53)][27669][INFO]: / /|_/ /| |/ |/ / /__  
[2020-06-15 21:53:32,773][MwebServer.logger(MwebServer.py:53)][27669][INFO]:/ /  /_/ |__/|__/\___/
[2020-06-15 21:53:32,773][MwebServer.logger(MwebServer.py:53)][27669][INFO]:\/
[2020-06-15 21:53:32,773][MwebServer.logger(MwebServer.py:53)][27669][INFO]:==== MCDRWEBCONSOLE ====
[2020-06-15 21:53:33,273][MwebServer.logger(MwebServer.py:53)][27669][INFO]:正在启动MCDR-WEBCONSOLE
[2020-06-15 21:53:33,273][MwebServer.logger(MwebServer.py:53)][27669][INFO]:上报BUG请联系 ixiaohei:
[2020-06-15 21:53:33,273][MwebServer.logger(MwebServer.py:53)][27669][INFO]:QQ: 486118772
[2020-06-15 21:53:33,274][MwebServer.logger(MwebServer.py:53)][27669][INFO]:MwebConsole is OpenSource, find it here:
[2020-06-15 21:53:33,274][MwebServer.logger(MwebServer.py:53)][27669][INFO]:GAYHUB: https://github.com/ixiaohei-sakura/
[2020-06-15 21:53:33,274][MwebServer.logger(MwebServer.py:53)][27669][INFO]:G-PROJECT: https://github.com/ixiaohei-sakura/MWConsole
[2020-06-15 21:53:36,275][MwebServer.logger(MwebServer.py:53)][27669][INFO]:WSocketServer已启动, 等待网页端上线
[2020-06-15 21:53:36,276][MwebServer.logger(MwebServer.py:53)][27669][INFO]:SocketServer已启动, 等待客户端连接
[2020-06-15 21:53:36,276][MwebServer.logger(MwebServer.py:53)][27669][INFO]:检查必要的数据表
[2020-06-15 21:53:36,277][MwebServer.logger(MwebServer.py:53)][27669][INFO]:Server Running at PID:28031
[2020-06-15 21:53:36,277][MwebServer.logger(MwebServer.py:53)][27669][INFO]:Monitor Started
[2020-06-15 21:53:36,292][MwebServer.logger(MwebServer.py:53)][27669][INFO]:Django is nothing wrong
[2020-06-15 21:53:36,548][MwebServer.logger(MwebServer.py:53)][27669][INFO]:Operations to perform:  Apply all migrations: admin, auth, contenttypes, sessionsRunning migrations:  No migrations to apply.
[2020-06-15 21:53:38,639][MwebServer.logger(MwebServer.py:53)][27669][INFO]:Monitor Stoped
[2020-06-15 21:53:38,639][MwebServer.logger(MwebServer.py:53)][27669][INFO]:StartProcess
[2020-06-15 21:53:38,640][MwebServer.logger(MwebServer.py:53)][27669][INFO]:Server Running at PID:28040
[2020-06-15 21:53:38,641][MwebServer.logger(MwebServer.py:53)][27669][INFO]:Monitor Started
[2020-06-15 21:53:38,656][MwebServer.logger(MwebServer.py:53)][27669][INFO]:Django is nothing wrong
[2020-06-15 21:53:38,852][MwebServer.logger(MwebServer.py:53)][27669][INFO]:Django is nothing wrong
[2020-06-15 21:53:39,021][MwebServer.logger(MwebServer.py:53)][27669][INFO]:Performing system checks...
[2020-06-15 21:53:39,052][MwebServer.logger(MwebServer.py:53)][27669][INFO]:System check identified no issues (0 silenced).
[2020-06-15 21:53:39,092][MwebServer.logger(MwebServer.py:53)][27669][INFO]:June 15, 2020 - 13:53:39Django version 3.0.6, using settings 'MwebConsole.settings'Starting development server at http://0:8000/Quit the server with CONTROL-C.
[2020-06-15 21:53:50,962][MwebServer.logger(MwebServer.py:53)][27669][INFO]:STOPPING
[2020-06-15 21:53:53,036][MwebServer.logger(MwebServer.py:53)][27669][INFO]:Stoped server, return code: -6
[2020-06-15 21:53:53,036][MwebServer.logger(MwebServer.py:53)][27669][INFO]:Monitor Stoped
[2020-06-15 21:53:53,036][MwebServer.logger(MwebServer.py:53)][27669][INFO]:Socket服务端会自动停止
[2020-06-15 21:53:53,036][MwebServer.logger(MwebServer.py:53)][27669][INFO]:===BEGIN TO RESTART===
[2020-06-15 21:53:53,036][MwebServer.logger(MwebServer.py:53)][27669][INFO]:所有线程全部退出, 等待主进程停止.
[2020-06-15 21:53:53,036][MwebServer.logger(MwebServer.py:53)][27669][INFO]:Main Process call to wait 3 seconds.
[2020-06-15 21:53:56,040][MwebServer.logger(MwebServer.py:53)][27669][INFO]:RESTARTING...
[2020-06-15 21:53:56,105][MwebServer.logger(MwebServer.py:53)][27669][INFO]:   __  ____      _____/\
[2020-06-15 21:53:56,105][MwebServer.logger(MwebServer.py:53)][27669][INFO]:  /  |/  / | /| / / ___/
[2020-06-15 21:53:56,105][MwebServer.logger(MwebServer.py:53)][27669][INFO]: / /|_/ /| |/ |/ / /__  
[2020-06-15 21:53:56,105][MwebServer.logger(MwebServer.py:53)][27669][INFO]:/ /  /_/ |__/|__/\___/
[2020-06-15 21:53:56,105][MwebServer.logger(MwebServer.py:53)][27669][INFO]:\/
[2020-06-15 21:53:56,105][MwebServer.logger(MwebServer.py:53)][27669][INFO]:==== MCDRWEBCONSOLE ====
[2020-06-15 21:53:56,606][MwebServer.logger(MwebServer.py:53)][27669][INFO]:正在启动MCDR-WEBCONSOLE
[2020-06-15 21:53:56,606][MwebServer.logger(MwebServer.py:53)][27669][INFO]:上报BUG请联系 ixiaohei:
[2020-06-15 21:53:56,606][MwebServer.logger(MwebServer.py:53)][27669][INFO]:QQ: 486118772
[2020-06-15 21:53:56,606][MwebServer.logger(MwebServer.py:53)][27669][INFO]:MwebConsole is OpenSource, find it here:
[2020-06-15 21:53:56,606][MwebServer.logger(MwebServer.py:53)][27669][INFO]:GAYHUB: https://github.com/ixiaohei-sakura/
[2020-06-15 21:53:56,606][MwebServer.logger(MwebServer.py:53)][27669][INFO]:G-PROJECT: https://github.com/ixiaohei-sakura/MWConsole
[2020-06-15 21:53:59,608][MwebServer.logger(MwebServer.py:53)][27669][INFO]:WSocketServer已启动, 等待网页端上线
[2020-06-15 21:53:59,609][MwebServer.logger(MwebServer.py:53)][27669][INFO]:SocketServer已启动, 等待客户端连接
[2020-06-15 21:53:59,609][MwebServer.logger(MwebServer.py:53)][27669][INFO]:检查必要的数据表
[2020-06-15 21:53:59,610][MwebServer.logger(MwebServer.py:53)][27669][INFO]:Server Running at PID:28132
[2020-06-15 21:53:59,610][MwebServer.logger(MwebServer.py:53)][27669][INFO]:Monitor Started
[2020-06-15 21:53:59,626][MwebServer.logger(MwebServer.py:53)][27669][INFO]:Django is nothing wrong
[2020-06-15 21:53:59,829][MwebServer.logger(MwebServer.py:53)][27669][INFO]:Operations to perform:  Apply all migrations: admin, auth, contenttypes, sessionsRunning migrations:  No migrations to apply.
[2020-06-15 21:54:01,920][MwebServer.logger(MwebServer.py:53)][27669][INFO]:Monitor Stoped
[2020-06-15 21:54:01,920][MwebServer.logger(MwebServer.py:53)][27669][INFO]:StartProcess
[2020-06-15 21:54:01,921][MwebServer.logger(MwebServer.py:53)][27669][INFO]:Server Running at PID:28140
[2020-06-15 21:54:01,921][MwebServer.logger(MwebServer.py:53)][27669][INFO]:Monitor Started
[2020-06-15 21:54:01,936][MwebServer.logger(MwebServer.py:53)][27669][INFO]:Django is nothing wrong
[2020-06-15 21:54:02,130][MwebServer.logger(MwebServer.py:53)][27669][INFO]:Django is nothing wrong
[2020-06-15 21:54:02,300][MwebServer.logger(MwebServer.py:53)][27669][INFO]:Performing system checks...
[2020-06-15 21:54:02,353][MwebServer.logger(MwebServer.py:53)][27669][INFO]:System check identified no issues (0 silenced).
[2020-06-15 21:54:02,421][MwebServer.logger(MwebServer.py:53)][27669][INFO]:June 15, 2020 - 13:54:02Django version 3.0.6, using settings 'MwebConsole.settings'Starting development server at http://0:8000/Quit the server with CONTROL-C.
[2020-06-15 21:54:41,858][MwebServer.logger(MwebServer.py:53)][27669][INFO]:STOPPING
[2020-06-15 21:54:43,932][MwebServer.logger(MwebServer.py:53)][27669][INFO]:Stoped server, return code: -6
[2020-06-15 21:54:43,932][MwebServer.logger(MwebServer.py:53)][27669][INFO]:Monitor Stoped
[2020-06-15 21:54:43,932][MwebServer.logger(MwebServer.py:53)][27669][INFO]:Socket服务端会自动停止
[2020-06-15 21:54:43,933][MwebServer.logger(MwebServer.py:53)][27669][INFO]:===BEGIN TO RESTART===
[2020-06-15 21:54:43,933][MwebServer.logger(MwebServer.py:53)][27669][INFO]:所有线程全部退出, 等待主进程停止.
[2020-06-15 21:54:43,933][MwebServer.logger(MwebServer.py:53)][27669][INFO]:Main Process call to wait 3 seconds.
[2020-06-15 21:54:46,936][MwebServer.logger(MwebServer.py:53)][27669][INFO]:RESTARTING...
[2020-06-15 21:54:46,997][MwebServer.logger(MwebServer.py:53)][27669][INFO]:   __  ____      _____/\
[2020-06-15 21:54:46,997][MwebServer.logger(MwebServer.py:53)][27669][INFO]:  /  |/  / | /| / / ___/
[2020-06-15 21:54:46,997][MwebServer.logger(MwebServer.py:53)][27669][INFO]: / /|_/ /| |/ |/ / /__  
[2020-06-15 21:54:46,997][MwebServer.logger(MwebServer.py:53)][27669][INFO]:/ /  /_/ |__/|__/\___/
[2020-06-15 21:54:46,997][MwebServer.logger(MwebServer.py:53)][27669][INFO]:\/
[2020-06-15 21:54:46,997][MwebServer.logger(MwebServer.py:53)][27669][INFO]:==== MCDRWEBCONSOLE ====
[2020-06-15 21:54:47,498][MwebServer.logger(MwebServer.py:53)][27669][INFO]:正在启动MCDR-WEBCONSOLE
[2020-06-15 21:54:47,498][MwebServer.logger(MwebServer.py:53)][27669][INFO]:上报BUG请联系 ixiaohei:
[2020-06-15 21:54:47,498][MwebServer.logger(MwebServer.py:53)][27669][INFO]:QQ: 486118772
[2020-06-15 21:54:47,498][MwebServer.logger(MwebServer.py:53)][27669][INFO]:MwebConsole is OpenSource, find it here:
[2020-06-15 21:54:47,498][MwebServer.logger(MwebServer.py:53)][27669][INFO]:GAYHUB: https://github.com/ixiaohei-sakura/
[2020-06-15 21:54:47,498][MwebServer.logger(MwebServer.py:53)][27669][INFO]:G-PROJECT: https://github.com/ixiaohei-sakura/MWConsole
[2020-06-15 21:54:50,500][MwebServer.logger(MwebServer.py:53)][27669][INFO]:WSocketServer已启动, 等待网页端上线
[2020-06-15 21:54:50,501][MwebServer.logger(MwebServer.py:53)][27669][INFO]:SocketServer已启动, 等待客户端连接
[2020-06-15 21:54:50,501][MwebServer.logger(MwebServer.py:53)][27669][INFO]:检查必要的数据表
[2020-06-15 21:54:50,502][MwebServer.logger(MwebServer.py:53)][27669][INFO]:Server Running at PID:28350
[2020-06-15 21:54:50,502][MwebServer.logger(MwebServer.py:53)][27669][INFO]:Monitor Started
[2020-06-15 21:54:50,517][MwebServer.logger(MwebServer.py:53)][27669][INFO]:Django is nothing wrong
[2020-06-15 21:54:50,723][MwebServer.logger(MwebServer.py:53)][27669][INFO]:Operations to perform:  Apply all migrations: admin, auth, contenttypes, sessionsRunning migrations:  No migrations to apply.
[2020-06-15 21:54:52,813][MwebServer.logger(MwebServer.py:53)][27669][INFO]:Monitor Stoped
[2020-06-15 21:54:52,813][MwebServer.logger(MwebServer.py:53)][27669][INFO]:StartProcess
[2020-06-15 21:54:52,814][MwebServer.logger(MwebServer.py:53)][27669][INFO]:Server Running at PID:28358
[2020-06-15 21:54:52,814][MwebServer.logger(MwebServer.py:53)][27669][INFO]:Monitor Started
[2020-06-15 21:54:52,829][MwebServer.logger(MwebServer.py:53)][27669][INFO]:Django is nothing wrong
[2020-06-15 21:54:53,086][MwebServer.logger(MwebServer.py:53)][27669][INFO]:Django is nothing wrong
[2020-06-15 21:54:53,360][MwebServer.logger(MwebServer.py:53)][27669][INFO]:Performing system checks...
[2020-06-15 21:54:53,379][MwebServer.logger(MwebServer.py:53)][27669][INFO]:System check identified no issues (0 silenced).
[2020-06-15 21:54:53,391][MwebServer.logger(MwebServer.py:53)][27669][INFO]:June 15, 2020 - 13:54:53Django version 3.0.6, using settings 'MwebConsole.settings'Starting development server at http://0:8000/Quit the server with CONTROL-C.
[2020-06-15 21:55:09,690][MwebServer.logger(MwebServer.py:53)][27669][INFO]:STOPPING
[2020-06-15 21:55:11,768][MwebServer.logger(MwebServer.py:53)][27669][INFO]:Stoped server, return code: -6
[2020-06-15 21:55:11,768][MwebServer.logger(MwebServer.py:53)][27669][INFO]:Monitor Stoped
[2020-06-15 21:55:11,768][MwebServer.logger(MwebServer.py:53)][27669][INFO]:Socket服务端会自动停止
[2020-06-15 21:55:11,768][MwebServer.logger(MwebServer.py:53)][27669][INFO]:===BEGIN TO RESTART===
[2020-06-15 21:55:11,768][MwebServer.logger(MwebServer.py:53)][27669][INFO]:所有线程全部退出, 等待主进程停止.
[2020-06-15 21:55:11,768][MwebServer.logger(MwebServer.py:53)][27669][INFO]:Main Process call to wait 3 seconds.
[2020-06-15 21:55:14,771][MwebServer.logger(MwebServer.py:53)][27669][INFO]:RESTARTING...
[2020-06-15 21:55:14,833][MwebServer.logger(MwebServer.py:52)][27669][INFO]:   __  ____      _____/\
[2020-06-15 21:55:14,833][MwebServer.logger(MwebServer.py:52)][27669][INFO]:  /  |/  / | /| / / ___/
[2020-06-15 21:55:14,833][MwebServer.logger(MwebServer.py:52)][27669][INFO]: / /|_/ /| |/ |/ / /__  
[2020-06-15 21:55:14,833][MwebServer.logger(MwebServer.py:52)][27669][INFO]:/ /  /_/ |__/|__/\___/
[2020-06-15 21:55:14,833][MwebServer.logger(MwebServer.py:52)][27669][INFO]:\/
[2020-06-15 21:55:14,833][MwebServer.logger(MwebServer.py:52)][27669][INFO]:==== MCDRWEBCONSOLE ====
[2020-06-15 21:55:15,334][MwebServer.logger(MwebServer.py:52)][27669][INFO]:正在启动MCDR-WEBCONSOLE
[2020-06-15 21:55:15,334][MwebServer.logger(MwebServer.py:52)][27669][INFO]:上报BUG请联系 ixiaohei:
[2020-06-15 21:55:15,334][MwebServer.logger(MwebServer.py:52)][27669][INFO]:QQ: 486118772
[2020-06-15 21:55:15,334][MwebServer.logger(MwebServer.py:52)][27669][INFO]:MwebConsole is OpenSource, find it here:
[2020-06-15 21:55:15,334][MwebServer.logger(MwebServer.py:52)][27669][INFO]:GAYHUB: https://github.com/ixiaohei-sakura/
[2020-06-15 21:55:15,334][MwebServer.logger(MwebServer.py:52)][27669][INFO]:G-PROJECT: https://github.com/ixiaohei-sakura/MWConsole
[2020-06-15 21:55:18,338][MwebServer.logger(MwebServer.py:52)][27669][INFO]:WSocketServer已启动, 等待网页端上线
[2020-06-15 21:55:18,338][MwebServer.logger(MwebServer.py:52)][27669][INFO]:SocketServer已启动, 等待客户端连接
[2020-06-15 21:55:18,339][MwebServer.logger(MwebServer.py:52)][27669][INFO]:检查必要的数据表
[2020-06-15 21:55:18,339][MwebServer.logger(MwebServer.py:52)][27669][INFO]:Server Running at PID:28497
[2020-06-15 21:55:18,340][MwebServer.logger(MwebServer.py:52)][27669][INFO]:Monitor Started
[2020-06-15 21:55:18,357][MwebServer.logger(MwebServer.py:52)][27669][INFO]:Django is nothing wrong
[2020-06-15 21:55:18,706][MwebServer.logger(MwebServer.py:52)][27669][INFO]:Operations to perform:  Apply all migrations: admin, auth, contenttypes, sessionsRunning migrations:  No migrations to apply.
[2020-06-15 21:55:20,798][MwebServer.logger(MwebServer.py:52)][27669][INFO]:Monitor Stoped
[2020-06-15 21:55:20,798][MwebServer.logger(MwebServer.py:52)][27669][INFO]:StartProcess
[2020-06-15 21:55:20,800][MwebServer.logger(MwebServer.py:52)][27669][INFO]:Server Running at PID:28507
[2020-06-15 21:55:20,800][MwebServer.logger(MwebServer.py:52)][27669][INFO]:Monitor Started
[2020-06-15 21:55:20,815][MwebServer.logger(MwebServer.py:52)][27669][INFO]:Django is nothing wrong
[2020-06-15 21:55:21,000][MwebServer.logger(MwebServer.py:52)][27669][INFO]:Django is nothing wrong
[2020-06-15 21:55:21,302][MwebServer.logger(MwebServer.py:52)][27669][INFO]:Performing system checks...
[2020-06-15 21:55:21,336][MwebServer.logger(MwebServer.py:52)][27669][INFO]:System check identified no issues (0 silenced).
[2020-06-15 21:55:21,403][MwebServer.logger(MwebServer.py:52)][27669][INFO]:June 15, 2020 - 13:55:21Django version 3.0.6, using settings 'MwebConsole.settings'Starting development server at http://0:8000/Quit the server with CONTROL-C.
[2020-06-15 21:55:27,410][MwebServer.logger(MwebServer.py:52)][27669][INFO]:STOPPING
[2020-06-15 21:55:29,485][MwebServer.logger(MwebServer.py:52)][27669][INFO]:Stoped server, return code: -6
[2020-06-15 21:55:29,485][MwebServer.logger(MwebServer.py:52)][27669][INFO]:Socket服务端会自动停止
[2020-06-15 21:55:29,485][MwebServer.logger(MwebServer.py:52)][27669][INFO]:===BEGIN TO RESTART===
[2020-06-15 21:55:29,485][MwebServer.logger(MwebServer.py:52)][27669][INFO]:Monitor Stoped
[2020-06-15 21:55:29,485][MwebServer.logger(MwebServer.py:52)][27669][INFO]:所有线程全部退出, 等待主进程停止.
[2020-06-15 21:55:29,485][MwebServer.logger(MwebServer.py:52)][27669][INFO]:Main Process call to wait 3 seconds.
[2020-06-15 21:55:32,487][MwebServer.logger(MwebServer.py:52)][27669][INFO]:RESTARTING...
[2020-06-15 21:55:32,549][MwebServer.logger(MwebServer.py:53)][27669][INFO]:   __  ____      _____/\
[2020-06-15 21:55:32,549][MwebServer.logger(MwebServer.py:53)][27669][INFO]:  /  |/  / | /| / / ___/
[2020-06-15 21:55:32,549][MwebServer.logger(MwebServer.py:53)][27669][INFO]: / /|_/ /| |/ |/ / /__  
[2020-06-15 21:55:32,549][MwebServer.logger(MwebServer.py:53)][27669][INFO]:/ /  /_/ |__/|__/\___/
[2020-06-15 21:55:32,549][MwebServer.logger(MwebServer.py:53)][27669][INFO]:\/
[2020-06-15 21:55:32,550][MwebServer.logger(MwebServer.py:53)][27669][INFO]:==== MCDRWEBCONSOLE ====
[2020-06-15 21:55:33,050][MwebServer.logger(MwebServer.py:53)][27669][INFO]:正在启动MCDR-WEBCONSOLE
[2020-06-15 21:55:33,050][MwebServer.logger(MwebServer.py:53)][27669][INFO]:上报BUG请联系 ixiaohei:
[2020-06-15 21:55:33,050][MwebServer.logger(MwebServer.py:53)][27669][INFO]:QQ: 486118772
[2020-06-15 21:55:33,050][MwebServer.logger(MwebServer.py:53)][27669][INFO]:MwebConsole is OpenSource, find it here:
[2020-06-15 21:55:33,050][MwebServer.logger(MwebServer.py:53)][27669][INFO]:GAYHUB: https://github.com/ixiaohei-sakura/
[2020-06-15 21:55:33,051][MwebServer.logger(MwebServer.py:53)][27669][INFO]:G-PROJECT: https://github.com/ixiaohei-sakura/MWConsole
[2020-06-15 21:55:36,054][MwebServer.logger(MwebServer.py:53)][27669][INFO]:WSocketServer已启动, 等待网页端上线
[2020-06-15 21:55:36,055][MwebServer.logger(MwebServer.py:53)][27669][INFO]:SocketServer已启动, 等待客户端连接
[2020-06-15 21:55:36,055][MwebServer.logger(MwebServer.py:53)][27669][INFO]:检查必要的数据表
[2020-06-15 21:55:36,056][MwebServer.logger(MwebServer.py:53)][27669][INFO]:Server Running at PID:28598
[2020-06-15 21:55:36,056][MwebServer.logger(MwebServer.py:53)][27669][INFO]:Monitor Started
[2020-06-15 21:55:36,071][MwebServer.logger(MwebServer.py:53)][27669][INFO]:Django is nothing wrong
[2020-06-15 21:55:36,268][MwebServer.logger(MwebServer.py:53)][27669][INFO]:Operations to perform:  Apply all migrations: admin, auth, contenttypes, sessionsRunning migrations:  No migrations to apply.
[2020-06-15 21:55:38,358][MwebServer.logger(MwebServer.py:53)][27669][INFO]:Monitor Stoped
[2020-06-15 21:55:38,359][MwebServer.logger(MwebServer.py:53)][27669][INFO]:StartProcess
[2020-06-15 21:55:38,359][MwebServer.logger(MwebServer.py:53)][27669][INFO]:Server Running at PID:28608
[2020-06-15 21:55:38,360][MwebServer.logger(MwebServer.py:53)][27669][INFO]:Monitor Started
[2020-06-15 21:55:38,375][MwebServer.logger(MwebServer.py:53)][27669][INFO]:Django is nothing wrong
[2020-06-15 21:55:38,661][MwebServer.logger(MwebServer.py:53)][27669][INFO]:Django is nothing wrong
[2020-06-15 21:55:38,830][MwebServer.logger(MwebServer.py:53)][27669][INFO]:Performing system checks...
[2020-06-15 21:55:38,874][MwebServer.logger(MwebServer.py:53)][27669][INFO]:System check identified no issues (0 silenced).
[2020-06-15 21:55:38,886][MwebServer.logger(MwebServer.py:53)][27669][INFO]:June 15, 2020 - 13:55:38Django version 3.0.6, using settings 'MwebConsole.settings'Starting development server at http://0:8000/Quit the server with CONTROL-C.
[2020-06-15 21:55:56,490][MwebServer.logger(MwebServer.py:53)][27669][INFO]:STOPPING
[2020-06-15 21:55:58,563][MwebServer.logger(MwebServer.py:53)][27669][INFO]:Stoped server, return code: -6
[2020-06-15 21:55:58,564][MwebServer.logger(MwebServer.py:53)][27669][INFO]:Monitor Stoped
[2020-06-15 21:55:58,564][MwebServer.logger(MwebServer.py:53)][27669][INFO]:Socket服务端会自动停止
[2020-06-15 21:55:58,564][MwebServer.logger(MwebServer.py:53)][27669][INFO]:===BEGIN TO RESTART===
[2020-06-15 21:55:58,564][MwebServer.logger(MwebServer.py:53)][27669][INFO]:所有线程全部退出, 等待主进程停止.
[2020-06-15 21:55:58,564][MwebServer.logger(MwebServer.py:53)][27669][INFO]:Main Process call to wait 3 seconds.
[2020-06-15 21:56:01,565][MwebServer.logger(MwebServer.py:53)][27669][INFO]:RESTARTING...
[2020-06-15 21:56:01,625][MwebServer.logger(MwebServer.py:53)][27669][INFO]:   __  ____      _____/\
[2020-06-15 21:56:01,625][MwebServer.logger(MwebServer.py:53)][27669][INFO]:  /  |/  / | /| / / ___/
[2020-06-15 21:56:01,625][MwebServer.logger(MwebServer.py:53)][27669][INFO]: / /|_/ /| |/ |/ / /__  
[2020-06-15 21:56:01,625][MwebServer.logger(MwebServer.py:53)][27669][INFO]:/ /  /_/ |__/|__/\___/
[2020-06-15 21:56:01,625][MwebServer.logger(MwebServer.py:53)][27669][INFO]:\/
[2020-06-15 21:56:01,625][MwebServer.logger(MwebServer.py:53)][27669][INFO]:==== MCDRWEBCONSOLE ====
[2020-06-15 21:56:02,126][MwebServer.logger(MwebServer.py:53)][27669][INFO]:正在启动MCDR-WEBCONSOLE
[2020-06-15 21:56:02,126][MwebServer.logger(MwebServer.py:53)][27669][INFO]:上报BUG请联系 ixiaohei:
[2020-06-15 21:56:02,126][MwebServer.logger(MwebServer.py:53)][27669][INFO]:QQ: 486118772
[2020-06-15 21:56:02,126][MwebServer.logger(MwebServer.py:53)][27669][INFO]:MwebConsole is OpenSource, find it here:
[2020-06-15 21:56:02,126][MwebServer.logger(MwebServer.py:53)][27669][INFO]:GAYHUB: https://github.com/ixiaohei-sakura/
[2020-06-15 21:56:02,126][MwebServer.logger(MwebServer.py:53)][27669][INFO]:G-PROJECT: https://github.com/ixiaohei-sakura/MWConsole
[2020-06-15 21:56:05,128][MwebServer.logger(MwebServer.py:53)][27669][INFO]:WSocketServer已启动, 等待网页端上线
[2020-06-15 21:56:05,129][MwebServer.logger(MwebServer.py:53)][27669][INFO]:SocketServer已启动, 等待客户端连接
[2020-06-15 21:56:05,129][MwebServer.logger(MwebServer.py:53)][27669][INFO]:检查必要的数据表
[2020-06-15 21:56:05,130][MwebServer.logger(MwebServer.py:53)][27669][INFO]:Server Running at PID:28735
[2020-06-15 21:56:05,130][MwebServer.logger(MwebServer.py:53)][27669][INFO]:Monitor Started
[2020-06-15 21:56:05,146][MwebServer.logger(MwebServer.py:53)][27669][INFO]:Django is nothing wrong
[2020-06-15 21:56:05,420][MwebServer.logger(MwebServer.py:53)][27669][INFO]:Operations to perform:  Apply all migrations: admin, auth, contenttypes, sessionsRunning migrations:  No migrations to apply.
[2020-06-15 21:56:07,510][MwebServer.logger(MwebServer.py:53)][27669][INFO]:Monitor Stoped
[2020-06-15 21:56:07,510][MwebServer.logger(MwebServer.py:53)][27669][INFO]:StartProcess
[2020-06-15 21:56:07,511][MwebServer.logger(MwebServer.py:53)][27669][INFO]:Server Running at PID:28745
[2020-06-15 21:56:07,511][MwebServer.logger(MwebServer.py:53)][27669][INFO]:Monitor Started
[2020-06-15 21:56:07,527][MwebServer.logger(MwebServer.py:53)][27669][INFO]:Django is nothing wrong
[2020-06-15 21:56:07,776][MwebServer.logger(MwebServer.py:53)][27669][INFO]:Django is nothing wrong
[2020-06-15 21:56:08,038][MwebServer.logger(MwebServer.py:53)][27669][INFO]:Performing system checks...
[2020-06-15 21:56:08,082][MwebServer.logger(MwebServer.py:53)][27669][INFO]:System check identified no issues (0 silenced).
[2020-06-15 21:56:08,093][MwebServer.logger(MwebServer.py:53)][27669][INFO]:June 15, 2020 - 13:56:08Django version 3.0.6, using settings 'MwebConsole.settings'Starting development server at http://0:8000/Quit the server with CONTROL-C.
[2020-06-15 21:56:15,187][MwebServer.logger(MwebServer.py:53)][27669][INFO]:STOPPING
[2020-06-15 21:56:17,263][MwebServer.logger(MwebServer.py:53)][27669][INFO]:Stoped server, return code: -6
[2020-06-15 21:56:17,263][MwebServer.logger(MwebServer.py:53)][27669][INFO]:Socket服务端会自动停止
[2020-06-15 21:56:17,263][MwebServer.logger(MwebServer.py:53)][27669][INFO]:Monitor Stoped
[2020-06-15 21:56:17,263][MwebServer.logger(MwebServer.py:53)][27669][INFO]:===BEGIN TO RESTART===
[2020-06-15 21:56:17,263][MwebServer.logger(MwebServer.py:53)][27669][INFO]:所有线程全部退出, 等待主进程停止.
[2020-06-15 21:56:17,263][MwebServer.logger(MwebServer.py:53)][27669][INFO]:Main Process call to wait 3 seconds.
[2020-06-15 21:56:20,265][MwebServer.logger(MwebServer.py:53)][27669][INFO]:RESTARTING...
[2020-06-15 21:56:20,326][MwebServer.logger(MwebServer.py:53)][27669][INFO]:   __  ____      _____/\
[2020-06-15 21:56:20,326][MwebServer.logger(MwebServer.py:53)][27669][INFO]:  /  |/  / | /| / / ___/
[2020-06-15 21:56:20,326][MwebServer.logger(MwebServer.py:53)][27669][INFO]: / /|_/ /| |/ |/ / /__  
[2020-06-15 21:56:20,326][MwebServer.logger(MwebServer.py:53)][27669][INFO]:/ /  /_/ |__/|__/\___/
[2020-06-15 21:56:20,326][MwebServer.logger(MwebServer.py:53)][27669][INFO]:\/
[2020-06-15 21:56:20,326][MwebServer.logger(MwebServer.py:53)][27669][INFO]:==== MCDRWEBCONSOLE ====
[2020-06-15 21:56:20,827][MwebServer.logger(MwebServer.py:53)][27669][INFO]:正在启动MCDR-WEBCONSOLE
[2020-06-15 21:56:20,827][MwebServer.logger(MwebServer.py:53)][27669][INFO]:上报BUG请联系 ixiaohei:
[2020-06-15 21:56:20,827][MwebServer.logger(MwebServer.py:53)][27669][INFO]:QQ: 486118772
[2020-06-15 21:56:20,827][MwebServer.logger(MwebServer.py:53)][27669][INFO]:MwebConsole is OpenSource, find it here:
[2020-06-15 21:56:20,827][MwebServer.logger(MwebServer.py:53)][27669][INFO]:GAYHUB: https://github.com/ixiaohei-sakura/
[2020-06-15 21:56:20,827][MwebServer.logger(MwebServer.py:53)][27669][INFO]:G-PROJECT: https://github.com/ixiaohei-sakura/MWConsole
[2020-06-15 21:56:23,830][MwebServer.logger(MwebServer.py:53)][27669][INFO]:WSocketServer已启动, 等待网页端上线
[2020-06-15 21:56:23,831][MwebServer.logger(MwebServer.py:53)][27669][INFO]:SocketServer已启动, 等待客户端连接
[2020-06-15 21:56:23,831][MwebServer.logger(MwebServer.py:53)][27669][INFO]:检查必要的数据表
[2020-06-15 21:56:23,832][MwebServer.logger(MwebServer.py:53)][27669][INFO]:Server Running at PID:28800
[2020-06-15 21:56:23,833][MwebServer.logger(MwebServer.py:53)][27669][INFO]:Monitor Started
[2020-06-15 21:56:23,848][MwebServer.logger(MwebServer.py:53)][27669][INFO]:Django is nothing wrong
[2020-06-15 21:56:24,127][MwebServer.logger(MwebServer.py:53)][27669][INFO]:Operations to perform:  Apply all migrations: admin, auth, contenttypes, sessionsRunning migrations:  No migrations to apply.
[2020-06-15 21:56:26,233][MwebServer.logger(MwebServer.py:53)][27669][INFO]:Monitor Stoped
[2020-06-15 21:56:26,233][MwebServer.logger(MwebServer.py:53)][27669][INFO]:StartProcess
[2020-06-15 21:56:26,234][MwebServer.logger(MwebServer.py:53)][27669][INFO]:Server Running at PID:28845
[2020-06-15 21:56:26,234][MwebServer.logger(MwebServer.py:53)][27669][INFO]:Monitor Started
[2020-06-15 21:56:26,251][MwebServer.logger(MwebServer.py:53)][27669][INFO]:Django is nothing wrong
[2020-06-15 21:56:26,571][MwebServer.logger(MwebServer.py:53)][27669][INFO]:Django is nothing wrong
[2020-06-15 21:56:27,021][MwebServer.logger(MwebServer.py:53)][27669][INFO]:Performing system checks...
[2020-06-15 21:56:27,041][MwebServer.logger(MwebServer.py:53)][27669][INFO]:System check identified no issues (0 silenced).
[2020-06-15 21:56:27,060][MwebServer.logger(MwebServer.py:53)][27669][INFO]:June 15, 2020 - 13:56:27Django version 3.0.6, using settings 'MwebConsole.settings'Starting development server at http://0:8000/Quit the server with CONTROL-C.
[2020-06-15 21:56:35,471][MwebServer.logger(MwebServer.py:53)][27669][INFO]:STOPPING
[2020-06-15 21:56:37,550][MwebServer.logger(MwebServer.py:53)][27669][INFO]:Stoped server, return code: -6
[2020-06-15 21:56:37,550][MwebServer.logger(MwebServer.py:53)][27669][INFO]:Monitor Stoped
[2020-06-15 21:56:37,551][MwebServer.logger(MwebServer.py:53)][27669][INFO]:Socket服务端会自动停止
[2020-06-15 21:56:37,551][MwebServer.logger(MwebServer.py:53)][27669][INFO]:===BEGIN TO RESTART===
[2020-06-15 21:56:37,551][MwebServer.logger(MwebServer.py:53)][27669][INFO]:所有线程全部退出, 等待主进程停止.
[2020-06-15 21:56:37,551][MwebServer.logger(MwebServer.py:53)][27669][INFO]:Main Process call to wait 3 seconds.
[2020-06-15 21:56:40,552][MwebServer.logger(MwebServer.py:53)][27669][INFO]:RESTARTING...
[2020-06-15 21:56:40,612][MwebServer.logger(MwebServer.py:53)][27669][INFO]:   __  ____      _____/\
[2020-06-15 21:56:40,612][MwebServer.logger(MwebServer.py:53)][27669][INFO]:  /  |/  / | /| / / ___/
[2020-06-15 21:56:40,612][MwebServer.logger(MwebServer.py:53)][27669][INFO]: / /|_/ /| |/ |/ / /__  
[2020-06-15 21:56:40,613][MwebServer.logger(MwebServer.py:53)][27669][INFO]:/ /  /_/ |__/|__/\___/
[2020-06-15 21:56:40,613][MwebServer.logger(MwebServer.py:53)][27669][INFO]:\/
[2020-06-15 21:56:40,613][MwebServer.logger(MwebServer.py:53)][27669][INFO]:==== MCDRWEBCONSOLE ====
[2020-06-15 21:56:41,113][MwebServer.logger(MwebServer.py:53)][27669][INFO]:正在启动MCDR-WEBCONSOLE
[2020-06-15 21:56:41,113][MwebServer.logger(MwebServer.py:53)][27669][INFO]:上报BUG请联系 ixiaohei:
[2020-06-15 21:56:41,113][MwebServer.logger(MwebServer.py:53)][27669][INFO]:QQ: 486118772
[2020-06-15 21:56:41,114][MwebServer.logger(MwebServer.py:53)][27669][INFO]:MwebConsole is OpenSource, find it here:
[2020-06-15 21:56:41,114][MwebServer.logger(MwebServer.py:53)][27669][INFO]:GAYHUB: https://github.com/ixiaohei-sakura/
[2020-06-15 21:56:41,114][MwebServer.logger(MwebServer.py:53)][27669][INFO]:G-PROJECT: https://github.com/ixiaohei-sakura/MWConsole
[2020-06-15 21:56:44,115][MwebServer.logger(MwebServer.py:53)][27669][INFO]:WSocketServer已启动, 等待网页端上线
[2020-06-15 21:56:44,116][MwebServer.logger(MwebServer.py:53)][27669][INFO]:SocketServer已启动, 等待客户端连接
[2020-06-15 21:56:44,116][MwebServer.logger(MwebServer.py:53)][27669][INFO]:检查必要的数据表
[2020-06-15 21:56:44,117][MwebServer.logger(MwebServer.py:53)][27669][INFO]:Server Running at PID:28905
[2020-06-15 21:56:44,117][MwebServer.logger(MwebServer.py:53)][27669][INFO]:Monitor Started
[2020-06-15 21:56:44,133][MwebServer.logger(MwebServer.py:53)][27669][INFO]:Django is nothing wrong
[2020-06-15 21:56:44,328][MwebServer.logger(MwebServer.py:53)][27669][INFO]:Operations to perform:  Apply all migrations: admin, auth, contenttypes, sessionsRunning migrations:  No migrations to apply.
[2020-06-15 21:56:46,418][MwebServer.logger(MwebServer.py:53)][27669][INFO]:Monitor Stoped
[2020-06-15 21:56:46,418][MwebServer.logger(MwebServer.py:53)][27669][INFO]:StartProcess
[2020-06-15 21:56:46,419][MwebServer.logger(MwebServer.py:53)][27669][INFO]:Server Running at PID:28950
[2020-06-15 21:56:46,420][MwebServer.logger(MwebServer.py:53)][27669][INFO]:Monitor Started
[2020-06-15 21:56:46,435][MwebServer.logger(MwebServer.py:53)][27669][INFO]:Django is nothing wrong
[2020-06-15 21:56:46,724][MwebServer.logger(MwebServer.py:53)][27669][INFO]:Django is nothing wrong
[2020-06-15 21:56:47,037][MwebServer.logger(MwebServer.py:53)][27669][INFO]:Performing system checks...
[2020-06-15 21:56:47,213][MwebServer.logger(MwebServer.py:53)][27669][INFO]:System check identified no issues (0 silenced).
[2020-06-15 21:56:47,232][MwebServer.logger(MwebServer.py:53)][27669][INFO]:June 15, 2020 - 13:56:47Django version 3.0.6, using settings 'MwebConsole.settings'Starting development server at http://0:8000/Quit the server with CONTROL-C.
[2020-06-15 21:57:13,248][MwebServer.logger(MwebServer.py:53)][27669][INFO]:STOPPING
[2020-06-15 21:57:15,322][MwebServer.logger(MwebServer.py:53)][27669][INFO]:Stoped server, return code: -6
[2020-06-15 21:57:15,322][MwebServer.logger(MwebServer.py:53)][27669][INFO]:Socket服务端会自动停止
[2020-06-15 21:57:15,322][MwebServer.logger(MwebServer.py:53)][27669][INFO]:===BEGIN TO RESTART===
[2020-06-15 21:57:15,322][MwebServer.logger(MwebServer.py:53)][27669][INFO]:Monitor Stoped
[2020-06-15 21:57:15,323][MwebServer.logger(MwebServer.py:53)][27669][INFO]:所有线程全部退出, 等待主进程停止.
[2020-06-15 21:57:15,323][MwebServer.logger(MwebServer.py:53)][27669][INFO]:Main Process call to wait 3 seconds.
[2020-06-15 21:57:18,326][MwebServer.logger(MwebServer.py:53)][27669][INFO]:RESTARTING...
[2020-06-15 21:57:18,389][MwebServer.logger(MwebServer.py:52)][27669][INFO]:   __  ____      _____/\
[2020-06-15 21:57:18,389][MwebServer.logger(MwebServer.py:52)][27669][INFO]:  /  |/  / | /| / / ___/
[2020-06-15 21:57:18,389][MwebServer.logger(MwebServer.py:52)][27669][INFO]: / /|_/ /| |/ |/ / /__  
[2020-06-15 21:57:18,389][MwebServer.logger(MwebServer.py:52)][27669][INFO]:/ /  /_/ |__/|__/\___/
[2020-06-15 21:57:18,389][MwebServer.logger(MwebServer.py:52)][27669][INFO]:\/
[2020-06-15 21:57:18,390][MwebServer.logger(MwebServer.py:52)][27669][INFO]:==== MCDRWEBCONSOLE ====
[2020-06-15 21:57:18,890][MwebServer.logger(MwebServer.py:52)][27669][INFO]:正在启动MCDR-WEBCONSOLE
[2020-06-15 21:57:18,890][MwebServer.logger(MwebServer.py:52)][27669][INFO]:上报BUG请联系 ixiaohei:
[2020-06-15 21:57:18,890][MwebServer.logger(MwebServer.py:52)][27669][INFO]:QQ: 486118772
[2020-06-15 21:57:18,890][MwebServer.logger(MwebServer.py:52)][27669][INFO]:MwebConsole is OpenSource, find it here:
[2020-06-15 21:57:18,890][MwebServer.logger(MwebServer.py:52)][27669][INFO]:GAYHUB: https://github.com/ixiaohei-sakura/
[2020-06-15 21:57:18,890][MwebServer.logger(MwebServer.py:52)][27669][INFO]:G-PROJECT: https://github.com/ixiaohei-sakura/MWConsole
[2020-06-15 21:57:21,891][MwebServer.logger(MwebServer.py:52)][27669][INFO]:WSocketServer已启动, 等待网页端上线
[2020-06-15 21:57:21,892][MwebServer.logger(MwebServer.py:52)][27669][INFO]:SocketServer已启动, 等待客户端连接
[2020-06-15 21:57:21,892][MwebServer.logger(MwebServer.py:52)][27669][INFO]:检查必要的数据表
[2020-06-15 21:57:21,893][MwebServer.logger(MwebServer.py:52)][27669][INFO]:Server Running at PID:29080
[2020-06-15 21:57:21,893][MwebServer.logger(MwebServer.py:52)][27669][INFO]:Monitor Started
[2020-06-15 21:57:21,908][MwebServer.logger(MwebServer.py:52)][27669][INFO]:Django is nothing wrong
[2020-06-15 21:57:22,097][MwebServer.logger(MwebServer.py:52)][27669][INFO]:Operations to perform:  Apply all migrations: admin, auth, contenttypes, sessionsRunning migrations:  No migrations to apply.
[2020-06-15 21:57:24,187][MwebServer.logger(MwebServer.py:52)][27669][INFO]:Monitor Stoped
[2020-06-15 21:57:24,187][MwebServer.logger(MwebServer.py:52)][27669][INFO]:StartProcess
[2020-06-15 21:57:24,188][MwebServer.logger(MwebServer.py:52)][27669][INFO]:Server Running at PID:29088
[2020-06-15 21:57:24,189][MwebServer.logger(MwebServer.py:52)][27669][INFO]:Monitor Started
[2020-06-15 21:57:24,204][MwebServer.logger(MwebServer.py:52)][27669][INFO]:Django is nothing wrong
[2020-06-15 21:57:24,401][MwebServer.logger(MwebServer.py:52)][27669][INFO]:Django is nothing wrong
[2020-06-15 21:57:24,645][MwebServer.logger(MwebServer.py:52)][27669][INFO]:Performing system checks...
[2020-06-15 21:57:24,680][MwebServer.logger(MwebServer.py:52)][27669][INFO]:System check identified no issues (0 silenced).
[2020-06-15 21:57:24,699][MwebServer.logger(MwebServer.py:52)][27669][INFO]:June 15, 2020 - 13:57:24Django version 3.0.6, using settings 'MwebConsole.settings'Starting development server at http://0:8000/Quit the server with CONTROL-C.
[2020-06-15 21:57:57,563][MwebServer.logger(MwebServer.py:52)][27669][INFO]:STOPPING
[2020-06-15 21:57:59,640][MwebServer.logger(MwebServer.py:52)][27669][INFO]:Stoped server, return code: -6
[2020-06-15 21:57:59,641][MwebServer.logger(MwebServer.py:52)][27669][INFO]:Socket服务端会自动停止
[2020-06-15 21:57:59,641][MwebServer.logger(MwebServer.py:52)][27669][INFO]:===BEGIN TO RESTART===
[2020-06-15 21:57:59,641][MwebServer.logger(MwebServer.py:52)][27669][INFO]:所有线程全部退出, 等待主进程停止.
[2020-06-15 21:57:59,641][MwebServer.logger(MwebServer.py:52)][27669][INFO]:Monitor Stoped
[2020-06-15 21:57:59,641][MwebServer.logger(MwebServer.py:52)][27669][INFO]:Main Process call to wait 3 seconds.
[2020-06-15 21:58:02,326][MwebServer.logger(MwebServer.py:52)][29253][INFO]:   __  ____      _____/\
[2020-06-15 21:58:02,326][MwebServer.logger(MwebServer.py:52)][29253][INFO]:  /  |/  / | /| / / ___/
[2020-06-15 21:58:02,327][MwebServer.logger(MwebServer.py:52)][29253][INFO]: / /|_/ /| |/ |/ / /__  
[2020-06-15 21:58:02,327][MwebServer.logger(MwebServer.py:52)][29253][INFO]:/ /  /_/ |__/|__/\___/
[2020-06-15 21:58:02,327][MwebServer.logger(MwebServer.py:52)][29253][INFO]:\/
[2020-06-15 21:58:02,327][MwebServer.logger(MwebServer.py:52)][29253][INFO]:==== MCDRWEBCONSOLE ====
[2020-06-15 21:58:02,827][MwebServer.logger(MwebServer.py:52)][29253][INFO]:正在启动MCDR-WEBCONSOLE
[2020-06-15 21:58:02,828][MwebServer.logger(MwebServer.py:52)][29253][INFO]:上报BUG请联系 ixiaohei:
[2020-06-15 21:58:02,828][MwebServer.logger(MwebServer.py:52)][29253][INFO]:QQ: 486118772
[2020-06-15 21:58:02,828][MwebServer.logger(MwebServer.py:52)][29253][INFO]:MwebConsole is OpenSource, find it here:
[2020-06-15 21:58:02,828][MwebServer.logger(MwebServer.py:52)][29253][INFO]:GAYHUB: https://github.com/ixiaohei-sakura/
[2020-06-15 21:58:02,828][MwebServer.logger(MwebServer.py:52)][29253][INFO]:G-PROJECT: https://github.com/ixiaohei-sakura/MWConsole
[2020-06-15 21:58:05,829][MwebServer.logger(MwebServer.py:52)][29253][INFO]:WSocketServer已启动, 等待网页端上线
[2020-06-15 21:58:05,829][MwebServer.logger(MwebServer.py:52)][29253][INFO]:SocketServer已启动, 等待客户端连接
[2020-06-15 21:58:05,829][MwebServer.logger(MwebServer.py:52)][29253][INFO]:检查必要的数据表
[2020-06-15 21:58:05,830][MwebServer.logger(MwebServer.py:52)][29253][INFO]:Server Running at PID:29291
[2020-06-15 21:58:05,830][MwebServer.logger(MwebServer.py:52)][29253][INFO]:Monitor Started
[2020-06-15 21:58:05,846][MwebServer.logger(MwebServer.py:52)][29253][INFO]:Django is nothing wrong
[2020-06-15 21:58:06,033][MwebServer.logger(MwebServer.py:52)][29253][INFO]:Operations to perform:  Apply all migrations: admin, auth, contenttypes, sessionsRunning migrations:  No migrations to apply.
[2020-06-15 21:58:08,127][MwebServer.logger(MwebServer.py:52)][29253][INFO]:Monitor Stoped
[2020-06-15 21:58:08,127][MwebServer.logger(MwebServer.py:52)][29253][INFO]:StartProcess
[2020-06-15 21:58:08,128][MwebServer.logger(MwebServer.py:52)][29253][INFO]:Server Running at PID:29302
[2020-06-15 21:58:08,128][MwebServer.logger(MwebServer.py:52)][29253][INFO]:Monitor Started
[2020-06-15 21:58:08,143][MwebServer.logger(MwebServer.py:52)][29253][INFO]:Django is nothing wrong
[2020-06-15 21:58:08,336][MwebServer.logger(MwebServer.py:52)][29253][INFO]:Django is nothing wrong
[2020-06-15 21:58:08,571][MwebServer.logger(MwebServer.py:52)][29253][INFO]:Performing system checks...
[2020-06-15 21:58:08,591][MwebServer.logger(MwebServer.py:52)][29253][INFO]:System check identified no issues (0 silenced).
[2020-06-15 21:58:08,617][MwebServer.logger(MwebServer.py:52)][29253][INFO]:June 15, 2020 - 13:58:08Django version 3.0.6, using settings 'MwebConsole.settings'Starting development server at http://0:8000/Quit the server with CONTROL-C.
[2020-06-15 21:59:21,095][MwebServer.logger(MwebServer.py:52)][29253][INFO]:STOPPING
[2020-06-15 21:59:23,173][MwebServer.logger(MwebServer.py:52)][29253][INFO]:Stoped server, return code: -6
[2020-06-15 21:59:23,173][MwebServer.logger(MwebServer.py:52)][29253][INFO]:Monitor Stoped
[2020-06-15 21:59:23,173][MwebServer.logger(MwebServer.py:52)][29253][INFO]:Socket服务端会自动停止
[2020-06-15 21:59:23,173][MwebServer.logger(MwebServer.py:52)][29253][INFO]:===BEGIN TO RESTART===
[2020-06-15 21:59:23,173][MwebServer.logger(MwebServer.py:52)][29253][INFO]:所有线程全部退出, 等待主进程停止.
[2020-06-15 21:59:23,173][MwebServer.logger(MwebServer.py:52)][29253][INFO]:Main Process call to wait 3 seconds.
[2020-06-15 21:59:26,174][MwebServer.logger(MwebServer.py:52)][29253][INFO]:RESTARTING...
[2020-06-15 21:59:26,240][MwebServer.logger(MwebServer.py:52)][29253][INFO]:   __  ____      _____/\
[2020-06-15 21:59:26,240][MwebServer.logger(MwebServer.py:52)][29253][INFO]:  /  |/  / | /| / / ___/
[2020-06-15 21:59:26,240][MwebServer.logger(MwebServer.py:52)][29253][INFO]: / /|_/ /| |/ |/ / /__  
[2020-06-15 21:59:26,240][MwebServer.logger(MwebServer.py:52)][29253][INFO]:/ /  /_/ |__/|__/\___/
[2020-06-15 21:59:26,240][MwebServer.logger(MwebServer.py:52)][29253][INFO]:\/
[2020-06-15 21:59:26,240][MwebServer.logger(MwebServer.py:52)][29253][INFO]:==== MCDRWEBCONSOLE ====
[2020-06-15 21:59:26,741][MwebServer.logger(MwebServer.py:52)][29253][INFO]:正在启动MCDR-WEBCONSOLE
[2020-06-15 21:59:26,741][MwebServer.logger(MwebServer.py:52)][29253][INFO]:上报BUG请联系 ixiaohei:
[2020-06-15 21:59:26,741][MwebServer.logger(MwebServer.py:52)][29253][INFO]:QQ: 486118772
[2020-06-15 21:59:26,741][MwebServer.logger(MwebServer.py:52)][29253][INFO]:MwebConsole is OpenSource, find it here:
[2020-06-15 21:59:26,741][MwebServer.logger(MwebServer.py:52)][29253][INFO]:GAYHUB: https://github.com/ixiaohei-sakura/
[2020-06-15 21:59:26,741][MwebServer.logger(MwebServer.py:52)][29253][INFO]:G-PROJECT: https://github.com/ixiaohei-sakura/MWConsole
[2020-06-15 21:59:26,741][MwebServer.logger(MwebServer.py:52)][29253][INFO]:ServerStarted. Quit the server with CONTROL-C
[2020-06-15 21:59:29,742][MwebServer.logger(MwebServer.py:52)][29253][INFO]:WSocketServer已启动, 等待网页端上线
[2020-06-15 21:59:29,743][MwebServer.logger(MwebServer.py:52)][29253][INFO]:SocketServer已启动, 等待客户端连接
[2020-06-15 21:59:29,743][MwebServer.logger(MwebServer.py:52)][29253][INFO]:检查必要的数据表
[2020-06-15 21:59:29,744][MwebServer.logger(MwebServer.py:52)][29253][INFO]:Server Running at PID:29639
[2020-06-15 21:59:29,744][MwebServer.logger(MwebServer.py:52)][29253][INFO]:Monitor Started
[2020-06-15 21:59:29,759][MwebServer.logger(MwebServer.py:52)][29253][INFO]:Django is nothing wrong
[2020-06-15 21:59:29,946][MwebServer.logger(MwebServer.py:52)][29253][INFO]:Operations to perform:  Apply all migrations: admin, auth, contenttypes, sessionsRunning migrations:  No migrations to apply.
[2020-06-15 21:59:32,035][MwebServer.logger(MwebServer.py:52)][29253][INFO]:Monitor Stoped
[2020-06-15 21:59:32,035][MwebServer.logger(MwebServer.py:52)][29253][INFO]:StartProcess
[2020-06-15 21:59:32,036][MwebServer.logger(MwebServer.py:52)][29253][INFO]:Server Running at PID:29648
[2020-06-15 21:59:32,036][MwebServer.logger(MwebServer.py:52)][29253][INFO]:Monitor Started
[2020-06-15 21:59:32,051][MwebServer.logger(MwebServer.py:52)][29253][INFO]:Django is nothing wrong
[2020-06-15 21:59:32,267][MwebServer.logger(MwebServer.py:52)][29253][INFO]:Django is nothing wrong
[2020-06-15 21:59:32,639][MwebServer.logger(MwebServer.py:52)][29253][INFO]:Performing system checks...
[2020-06-15 21:59:32,667][MwebServer.logger(MwebServer.py:52)][29253][INFO]:System check identified no issues (0 silenced).
[2020-06-15 21:59:32,694][MwebServer.logger(MwebServer.py:52)][29253][INFO]:June 15, 2020 - 13:59:32Django version 3.0.6, using settings 'MwebConsole.settings'Starting development server at http://0:8000/Quit the server with CONTROL-C.
[2020-06-15 21:59:35,066][MwebServer.logger(MwebServer.py:52)][29253][INFO]:STOPPING
[2020-06-15 21:59:35,407][MwebServer.logger(MwebServer.py:52)][29253][INFO]:STOPPING
[2020-06-15 21:59:36,140][MwebServer.logger(MwebServer.py:52)][29253][INFO]:Stoped server, return code: -11
[2020-06-15 21:59:36,140][MwebServer.logger(MwebServer.py:52)][29253][INFO]:Monitor Stoped
[2020-06-15 21:59:36,140][MwebServer.logger(MwebServer.py:52)][29253][INFO]:Socket服务端会自动停止
[2020-06-15 21:59:36,140][MwebServer.logger(MwebServer.py:52)][29253][INFO]:===BEGIN TO RESTART===
[2020-06-15 21:59:36,140][MwebServer.logger(MwebServer.py:52)][29253][INFO]:所有线程全部退出, 等待主进程停止.
[2020-06-15 21:59:36,140][MwebServer.logger(MwebServer.py:52)][29253][INFO]:Main Process call to wait 3 seconds.
