[2020-07-16 09:33:57,418][mlogger.__print(mlogger.py:35)][35450][INFO]:WSocketServer已启动, 等待网页端上线, 监听地址为 127.0.0.1:3548
[2020-07-16 09:33:57,425][mlogger.__print(mlogger.py:35)][35450][INFO]:SocketServer已启动, 等待客户端连接, 监听地址为 127.0.0.1:3547
[2020-07-16 09:33:57,425][mlogger.__print(mlogger.py:35)][35450][INFO]:检查必要的数据表
[2020-07-16 09:33:57,427][mlogger.__print(mlogger.py:35)][35450][INFO]:Server Running at PID:35454
[2020-07-16 09:33:58,145][mlogger.__print(mlogger.py:35)][35450][INFO]:Operations to perform:  Apply all migrations: admin, auth, contenttypes, sessions
[2020-07-16 09:33:58,196][mlogger.__print(mlogger.py:35)][35450][INFO]:Running migrations:  No migrations to apply.
[2020-07-16 09:34:00,158][mlogger.__print(mlogger.py:38)][35450][WARNING]:Fatal Python error: could not acquire lock for <_io.BufferedWriter name='<stdout>'> at interpreter shutdown, possibly due to daemon threads
[2020-07-16 09:34:00,158][mlogger.__print(mlogger.py:38)][35450][WARNING]:Thread 0x0000700000802000 (most recent call first):
[2020-07-16 09:34:00,158][mlogger.__print(mlogger.py:38)][35450][WARNING]:  File "manage.py", line 21 in out
[2020-07-16 09:34:00,159][mlogger.__print(mlogger.py:38)][35450][WARNING]:  File "/Library/Frameworks/Python.framework/Versions/3.7/lib/python3.7/threading.py", line 865 in run
[2020-07-16 09:34:00,159][mlogger.__print(mlogger.py:38)][35450][WARNING]:  File "/Library/Frameworks/Python.framework/Versions/3.7/lib/python3.7/threading.py", line 917 in _bootstrap_inner
[2020-07-16 09:34:00,159][mlogger.__print(mlogger.py:38)][35450][WARNING]:  File "/Library/Frameworks/Python.framework/Versions/3.7/lib/python3.7/threading.py", line 885 in _bootstrap
[2020-07-16 09:34:00,159][mlogger.__print(mlogger.py:38)][35450][WARNING]:Current thread 0x000000011201bdc0 (most recent call first):
[2020-07-16 09:34:00,210][mlogger.__print(mlogger.py:35)][35450][INFO]:服务器启动/初始化成功/initialized
[2020-07-16 09:34:00,716][mlogger.__print(mlogger.py:35)][35450][INFO]:StartServerProcess
[2020-07-16 09:34:00,719][mlogger.__print(mlogger.py:35)][35450][INFO]:Server Running at PID:35458
[2020-07-16 09:34:00,721][mlogger.__print(mlogger.py:35)][35450][INFO]:    __  ____      _____/\
[2020-07-16 09:34:00,721][mlogger.__print(mlogger.py:35)][35450][INFO]:   /  |/  / | /| / / ___/
[2020-07-16 09:34:00,721][mlogger.__print(mlogger.py:35)][35450][INFO]:  / /|_/ /| |/ |/ / /__  
[2020-07-16 09:34:00,721][mlogger.__print(mlogger.py:35)][35450][INFO]: / /  /_/ |__/|__/\___/
[2020-07-16 09:34:00,721][mlogger.__print(mlogger.py:35)][35450][INFO]: \/
[2020-07-16 09:34:00,721][mlogger.__print(mlogger.py:35)][35450][INFO]:==== MCDRWEBCONSOLE ====
[2020-07-16 09:34:01,224][mlogger.__print(mlogger.py:35)][35450][INFO]:正在启动MCDR-WEBCONSOLE
[2020-07-16 09:34:01,225][mlogger.__print(mlogger.py:35)][35450][INFO]:上报BUG请联系 ixiaohei:
[2020-07-16 09:34:01,225][mlogger.__print(mlogger.py:35)][35450][INFO]:QQ: 486118772
[2020-07-16 09:34:01,225][mlogger.__print(mlogger.py:35)][35450][INFO]:mwc-httpserver is OpenSource, find it here:
[2020-07-16 09:34:01,225][mlogger.__print(mlogger.py:35)][35450][INFO]:GAYHUB: https://github.com/ixiaohei-sakura/
[2020-07-16 09:34:01,226][mlogger.__print(mlogger.py:35)][35450][INFO]:G-PROJECT: https://github.com/ixiaohei-sakura/MWConsole
[2020-07-16 09:34:01,226][mlogger.__print(mlogger.py:35)][35450][INFO]:ServerStarted. Quit the server with CONTROL-C
[2020-07-16 09:34:01,385][mlogger.__print(mlogger.py:35)][35450][INFO]:Performing system checks...
[2020-07-16 09:34:01,491][mlogger.__print(mlogger.py:35)][35450][INFO]:System check identified no issues (0 silenced).
[2020-07-16 09:34:01,542][mlogger.__print(mlogger.py:35)][35450][INFO]:July 16, 2020 - 01:34:01Django version 3.0.7, using settings 'MwebConsole.settings'Starting development server at http://0:8000/Quit the server with CONTROL-C.
[2020-07-16 09:34:03,724][mlogger.__print(mlogger.py:35)][35450][INFO]:==MWC正在监听标准输入流==
[2020-07-16 09:34:03,724][mlogger.__print(mlogger.py:35)][35450][INFO]:命令列表: 
[2020-07-16 09:34:03,725][mlogger.__print(mlogger.py:35)][35450][INFO]:restart: 重启web服务器
[2020-07-16 09:34:03,725][mlogger.__print(mlogger.py:35)][35450][INFO]:restart_: 重启MWC
[2020-07-16 09:34:03,726][mlogger.__print(mlogger.py:35)][35450][INFO]:start: 启动web服务器
[2020-07-16 09:34:03,726][mlogger.__print(mlogger.py:35)][35450][INFO]:stop: 停止MWC
[2020-07-16 09:34:03,726][mlogger.__print(mlogger.py:35)][35450][INFO]:stop_: 停止web服务器并等待启动
[2020-07-16 09:34:03,727][mlogger.__print(mlogger.py:35)][35450][INFO]:debug [True/False]开启/关闭debug模式
[2020-07-16 09:34:03,727][mlogger.__print(mlogger.py:35)][35450][INFO]:命令需以#m#开头, 例: #m#debug True
[2020-07-16 09:34:23,175][mlogger.__print(mlogger.py:38)][35450][WARNING]:Fatal Python error: could not acquire lock for <_io.BufferedWriter name='<stdout>'> at interpreter shutdown, possibly due to daemon threads
[2020-07-16 09:34:23,175][mlogger.__print(mlogger.py:38)][35450][WARNING]:Thread 0x00007000075b7000 (most recent call first):
[2020-07-16 09:34:23,176][mlogger.__print(mlogger.py:38)][35450][WARNING]:  File "manage.py", line 21 in out
[2020-07-16 09:34:23,176][mlogger.__print(mlogger.py:38)][35450][WARNING]:  File "/Library/Frameworks/Python.framework/Versions/3.7/lib/python3.7/threading.py", line 865 in run
[2020-07-16 09:34:23,176][mlogger.__print(mlogger.py:38)][35450][WARNING]:  File "/Library/Frameworks/Python.framework/Versions/3.7/lib/python3.7/threading.py", line 917 in _bootstrap_inner
[2020-07-16 09:34:23,176][mlogger.__print(mlogger.py:38)][35450][WARNING]:  File "/Library/Frameworks/Python.framework/Versions/3.7/lib/python3.7/threading.py", line 885 in _bootstrap
[2020-07-16 09:34:23,177][mlogger.__print(mlogger.py:38)][35450][WARNING]:Current thread 0x00000001077ebdc0 (most recent call first):
[2020-07-16 09:34:23,217][mlogger.__print(mlogger.py:35)][35450][INFO]:Stoped server, return code: -6
[2020-07-16 09:34:23,230][mlogger.__print(mlogger.py:35)][35450][INFO]:Server Running at PID:35464
[2020-07-16 09:34:23,909][mlogger.__print(mlogger.py:35)][35450][INFO]:Performing system checks...
[2020-07-16 09:34:23,962][mlogger.__print(mlogger.py:35)][35450][INFO]:System check identified no issues (0 silenced).July 16, 2020 - 01:34:23Django version 3.0.7, using settings 'MwebConsole.settings'Starting development server at http://0:8000/Quit the server with CONTROL-C.
[2020-07-16 09:35:03,615][mlogger.__print(mlogger.py:38)][35450][WARNING]:服务器不能启动超过一次!
[2020-07-16 09:35:15,876][mlogger.__print(mlogger.py:38)][35450][WARNING]:Fatal Python error: could not acquire lock for <_io.BufferedWriter name='<stdout>'> at interpreter shutdown, possibly due to daemon threads
[2020-07-16 09:35:15,877][mlogger.__print(mlogger.py:38)][35450][WARNING]:/LibaFramrsos/lib/python3.7/thradi in run/Library/Fworks/Python.frmewersiython3.7/thradpyootsrap_ibrary/Frframe/V/3.7/libthon3.7/threading.py", line bp
[2020-07-16 09:35:15,878][mlogger.__print(mlogger.py:38)][35450][WARNING]:Thread 0x000070000cc06000 (most recent call first):
[2020-07-16 09:35:15,878][mlogger.__print(mlogger.py:38)][35450][WARNING]:  File "manage.py", line 21 in out
[2020-07-16 09:35:15,878][mlogger.__print(mlogger.py:38)][35450][WARNING]:  File "rry/ewok/Python.framework/Versin3.7/eng.py", line 865
[2020-07-16 09:35:15,878][mlogger.__print(mlogger.py:38)][35450][WARNING]:  File "rameaork/Vons/3.7/lib/peing.", line 917 in _btinner
[2020-07-16 09:35:15,878][mlogger.__print(mlogger.py:38)][35450][WARNING]:  File "/Lameworks/Python.workersions/py885 in _ootstraCurrent thread 0x0000000118476dc0 (most recent call first):
[2020-07-16 09:35:15,882][mlogger.__print(mlogger.py:35)][35450][INFO]:Stoped server, return code: -6
[2020-07-16 09:35:16,029][mlogger.__print(mlogger.py:35)][35450][INFO]:退出主程序
