[2020-07-18 10:32:18,866][mlogger.__print(mlogger.py:35)][28542][INFO]:WSocketServer已启动, 等待网页端上线, 监听地址为 127.0.0.1:3548
[2020-07-18 10:32:18,873][mlogger.__print(mlogger.py:35)][28542][INFO]:SocketServer已启动, 等待客户端连接, 监听地址为 127.0.0.1:3547
[2020-07-18 10:32:18,873][mlogger.__print(mlogger.py:35)][28542][INFO]:检查必要的数据表
[2020-07-18 10:32:18,875][mlogger.__print(mlogger.py:35)][28542][INFO]:Server Running at PID:28546
[2020-07-18 10:32:19,537][mlogger.__print(mlogger.py:35)][28542][INFO]:Operations to perform:  Apply all migrations: admin, auth, contenttypes, sessionsRunning migrations:  No migrations to apply.
[2020-07-18 10:32:21,545][mlogger.__print(mlogger.py:38)][28542][WARNING]:Fatal Python error: could not acquire lock for <_io.BufferedWriter name='<stdout>'> at interpreter shutdown, possibly due to daemon threads
[2020-07-18 10:32:21,545][mlogger.__print(mlogger.py:38)][28542][WARNING]:Thread 0x0000700007f3b000 (most recent call first):
[2020-07-18 10:32:21,545][mlogger.__print(mlogger.py:38)][28542][WARNING]:  File "manage.py", line 21 in out
[2020-07-18 10:32:21,545][mlogger.__print(mlogger.py:38)][28542][WARNING]:  File "/Library/Frameworks/Python.framework/Versions/3.7/lib/python3.7/threading.py", line 865 in run
[2020-07-18 10:32:21,546][mlogger.__print(mlogger.py:38)][28542][WARNING]:  File "/Library/Frameworks/Python.framework/Versions/3.7/lib/python3.7/threading.py", line 917 in _bootstrap_inner
[2020-07-18 10:32:21,546][mlogger.__print(mlogger.py:38)][28542][WARNING]:  File "/Library/Frameworks/Python.framework/Versions/3.7/lib/python3.7/threading.py", line 885 in _bootstrap
[2020-07-18 10:32:21,546][mlogger.__print(mlogger.py:38)][28542][WARNING]:Current thread 0x000000011dd28dc0 (most recent call first):
[2020-07-18 10:32:21,596][mlogger.__print(mlogger.py:35)][28542][INFO]:服务器启动/初始化成功/initialized
[2020-07-18 10:32:22,097][mlogger.__print(mlogger.py:35)][28542][INFO]:StartServerProcess
[2020-07-18 10:32:22,100][mlogger.__print(mlogger.py:35)][28542][INFO]:Server Running at PID:28549
[2020-07-18 10:32:22,101][mlogger.__print(mlogger.py:35)][28542][INFO]:    __  ____      _____/\
[2020-07-18 10:32:22,101][mlogger.__print(mlogger.py:35)][28542][INFO]:   /  |/  / | /| / / ___/
[2020-07-18 10:32:22,101][mlogger.__print(mlogger.py:35)][28542][INFO]:  / /|_/ /| |/ |/ / /__  
[2020-07-18 10:32:22,101][mlogger.__print(mlogger.py:35)][28542][INFO]: / /  /_/ |__/|__/\___/
[2020-07-18 10:32:22,101][mlogger.__print(mlogger.py:35)][28542][INFO]: \/
[2020-07-18 10:32:22,101][mlogger.__print(mlogger.py:35)][28542][INFO]:==== MCDRWEBCONSOLE ====
[2020-07-18 10:32:22,602][mlogger.__print(mlogger.py:35)][28542][INFO]:正在启动MCDR-WEBCONSOLE
[2020-07-18 10:32:22,602][mlogger.__print(mlogger.py:35)][28542][INFO]:上报BUG请联系 ixiaohei:
[2020-07-18 10:32:22,602][mlogger.__print(mlogger.py:35)][28542][INFO]:QQ: 486118772
[2020-07-18 10:32:22,602][mlogger.__print(mlogger.py:35)][28542][INFO]:mwc-httpserver is OpenSource, find it here:
[2020-07-18 10:32:22,603][mlogger.__print(mlogger.py:35)][28542][INFO]:GAYHUB: https://github.com/ixiaohei-sakura/
[2020-07-18 10:32:22,603][mlogger.__print(mlogger.py:35)][28542][INFO]:G-PROJECT: https://github.com/ixiaohei-sakura/MWConsole
[2020-07-18 10:32:22,603][mlogger.__print(mlogger.py:35)][28542][INFO]:ServerStarted. Quit the server with CONTROL-C
[2020-07-18 10:32:22,979][mlogger.__print(mlogger.py:35)][28542][INFO]:Performing system checks...System check identified no issues (0 silenced).July 18, 2020 - 02:32:22Django version 3.0.7, using settings 'MwebConsole.settings'Starting development server at http://0:8000/Quit the server with CONTROL-C.
[2020-07-18 10:32:25,102][mlogger.__print(mlogger.py:35)][28542][INFO]:==MWC正在监听标准输入流==
[2020-07-18 10:32:25,103][mlogger.__print(mlogger.py:35)][28542][INFO]:命令列表: 
[2020-07-18 10:32:25,103][mlogger.__print(mlogger.py:35)][28542][INFO]:restart: 重启web服务器
[2020-07-18 10:32:25,103][mlogger.__print(mlogger.py:35)][28542][INFO]:restart_: 重启MWC
[2020-07-18 10:32:25,103][mlogger.__print(mlogger.py:35)][28542][INFO]:start: 启动web服务器
[2020-07-18 10:32:25,103][mlogger.__print(mlogger.py:35)][28542][INFO]:stop: 停止MWC
[2020-07-18 10:32:25,104][mlogger.__print(mlogger.py:35)][28542][INFO]:stop_: 停止web服务器并等待启动
[2020-07-18 10:32:25,104][mlogger.__print(mlogger.py:35)][28542][INFO]:debug [True/False]开启/关闭debug模式
[2020-07-18 10:32:25,104][mlogger.__print(mlogger.py:35)][28542][INFO]:命令需以#m#开头, 例: #m#debug True
[2020-07-18 10:32:34,244][mlogger.__print(mlogger.py:35)][28542][INFO]:[1;33m[18/Jul/2020 02:32:34] "GET / HTTP/1.1" 200 9604[0m
[2020-07-18 10:32:34,353][mlogger.__print(mlogger.py:35)][28542][INFO]:[1;33m[18/Jul/2020 02:32:34] "GET /css/mwc.main.css HTTP/1.1" 200 4658[18/Jul/2020 02:32:34] "GET /css/bootstrap-4.3.1.css HTTP/1.1" 200 192348[0m
[2020-07-18 10:32:34,463][mlogger.__print(mlogger.py:35)][28542][INFO]:[1;33m[18/Jul/2020 02:32:34] "GET /js/bootstrap-4.3.1.js HTTP/1.1" 200 131637[18/Jul/2020 02:32:34] "GET /js/functions/check_browser.js HTTP/1.1" 200 237[0m
[2020-07-18 10:32:34,520][mlogger.__print(mlogger.py:35)][28542][INFO]:[1;33m[18/Jul/2020 02:32:34] "GET /js/functions/display.js HTTP/1.1" 200 1495[18/Jul/2020 02:32:34] "GET /js/mwc.js HTTP/1.1" 200 578[18/Jul/2020 02:32:34] "GET /js/popper.min.js HTTP/1.1" 200 21004[0m
[2020-07-18 10:32:34,578][mlogger.__print(mlogger.py:35)][28542][INFO]:[1;33m[18/Jul/2020 02:32:34] "GET /js/jquery-3.4.1.min.js HTTP/1.1" 200 88145[18/Jul/2020 02:32:34] "GET /js/functions/logger.js HTTP/1.1" 200 301[18/Jul/2020 02:32:34] "GET /js/pages/main.js HTTP/1.1" 200 22[0m
[2020-07-18 10:32:34,630][mlogger.__print(mlogger.py:35)][28542][INFO]:[1;33m[18/Jul/2020 02:32:34] "GET /js/functions/page_clock.js HTTP/1.1" 200 748[18/Jul/2020 02:32:34] "GET /js/functions/loadpage.js HTTP/1.1" 200 396[0m
[2020-07-18 10:32:34,791][mlogger.__print(mlogger.py:35)][28542][INFO]:[1;33m[18/Jul/2020 02:32:34] "GET /js/pages/shell.js HTTP/1.1" 200 2421[0m
[2020-07-18 10:32:34,846][mlogger.__print(mlogger.py:35)][28542][INFO]:[1;33m[18/Jul/2020 02:32:34] "GET /js/pages/smanage.js HTTP/1.1" 200 30[0m
[2020-07-18 10:32:34,901][mlogger.__print(mlogger.py:35)][28542][INFO]:[1;33m[18/Jul/2020 02:32:34] "GET /js/ws/websocket_main.js HTTP/1.1" 200 86[0m
[2020-07-18 10:32:44,970][mlogger.__print(mlogger.py:35)][28542][INFO]:[1;33m[18/Jul/2020 02:32:44] "GET / HTTP/1.1" 200 9604[0m
[2020-07-18 10:32:45,028][mlogger.__print(mlogger.py:35)][28542][INFO]:[1;33m[18/Jul/2020 02:32:44] "GET /css/bootstrap-4.3.1.css HTTP/1.1" 200 192348[18/Jul/2020 02:32:44] "GET /css/mwc.main.css HTTP/1.1" 200 4658[18/Jul/2020 02:32:44] "GET /js/functions/display.js HTTP/1.1" 200 1495[0m
[2020-07-18 10:32:45,080][mlogger.__print(mlogger.py:35)][28542][INFO]:[1;33m[18/Jul/2020 02:32:44] "GET /js/bootstrap-4.3.1.js HTTP/1.1" 200 131637[18/Jul/2020 02:32:44] "GET /js/mwc.js HTTP/1.1" 200 578[0m
[2020-07-18 10:32:45,133][mlogger.__print(mlogger.py:35)][28542][INFO]:[1;33m[18/Jul/2020 02:32:44] "GET /js/functions/check_browser.js HTTP/1.1" 200 237[0m
[2020-07-18 10:32:45,192][mlogger.__print(mlogger.py:35)][28542][INFO]:[1;33m[18/Jul/2020 02:32:44] "GET /js/popper.min.js HTTP/1.1" 200 21004[0m
[2020-07-18 10:32:45,247][mlogger.__print(mlogger.py:35)][28542][INFO]:[1;33m[18/Jul/2020 02:32:44] "GET /js/jquery-3.4.1.min.js HTTP/1.1" 200 88145[0m
[2020-07-18 10:32:45,301][mlogger.__print(mlogger.py:35)][28542][INFO]:[1;33m[18/Jul/2020 02:32:45] "GET /js/pages/main.js HTTP/1.1" 200 22[0m
[2020-07-18 10:32:45,357][mlogger.__print(mlogger.py:35)][28542][INFO]:[1;33m[18/Jul/2020 02:32:45] "GET /js/functions/page_clock.js HTTP/1.1" 200 748[18/Jul/2020 02:32:45] "GET /js/functions/logger.js HTTP/1.1" 200 301[18/Jul/2020 02:32:45] "GET /js/functions/loadpage.js HTTP/1.1" 200 396[18/Jul/2020 02:32:45] "GET /js/pages/smanage.js HTTP/1.1" 200 30[0m
[2020-07-18 10:32:45,461][mlogger.__print(mlogger.py:35)][28542][INFO]:[1;33m[18/Jul/2020 02:32:45] "GET /js/pages/login.js HTTP/1.1" 200 2645[0m
[2020-07-18 10:32:45,512][mlogger.__print(mlogger.py:35)][28542][INFO]:[1;33m[18/Jul/2020 02:32:45] "GET /js/pages/shell.js HTTP/1.1" 200 2421[0m
[2020-07-18 10:32:45,617][mlogger.__print(mlogger.py:35)][28542][INFO]:[1;33m[18/Jul/2020 02:32:45] "GET /js/mwc.main.js HTTP/1.1" 200 710[0m
[2020-07-18 10:32:45,726][mlogger.__print(mlogger.py:35)][28542][INFO]:[1;33m[18/Jul/2020 02:32:45] "GET /js/ws/websocket_main.js HTTP/1.1" 200 86[0m
[2020-07-18 10:32:47,527][mlogger.__print(mlogger.py:35)][28542][INFO]:[1;33m[18/Jul/2020 02:32:47] "GET / HTTP/1.1" 200 9604[0m
[2020-07-18 10:32:47,637][mlogger.__print(mlogger.py:35)][28542][INFO]:[1;33m[18/Jul/2020 02:32:47] "GET /css/mwc.main.css HTTP/1.1" 200 4658[18/Jul/2020 02:32:47] "GET /css/bootstrap-4.3.1.css HTTP/1.1" 200 192348[0m
[2020-07-18 10:32:47,691][mlogger.__print(mlogger.py:35)][28542][INFO]:[1;33m[18/Jul/2020 02:32:47] "GET /js/mwc.js HTTP/1.1" 200 578[0m
[2020-07-18 10:32:47,746][mlogger.__print(mlogger.py:35)][28542][INFO]:[1;33m[18/Jul/2020 02:32:47] "GET /js/functions/check_browser.js HTTP/1.1" 200 237[18/Jul/2020 02:32:47] "GET /js/bootstrap-4.3.1.js HTTP/1.1" 200 131637[0m
[2020-07-18 10:32:47,799][mlogger.__print(mlogger.py:35)][28542][INFO]:[1;33m[18/Jul/2020 02:32:47] "GET /js/functions/display.js HTTP/1.1" 200 1495[0m
[2020-07-18 10:32:47,852][mlogger.__print(mlogger.py:35)][28542][INFO]:[1;33m[18/Jul/2020 02:32:47] "GET /js/popper.min.js HTTP/1.1" 200 21004[0m
[2020-07-18 10:32:47,909][mlogger.__print(mlogger.py:35)][28542][INFO]:[1;33m[18/Jul/2020 02:32:47] "GET /js/jquery-3.4.1.min.js HTTP/1.1" 200 88145[18/Jul/2020 02:32:47] "GET /js/functions/loadpage.js HTTP/1.1" 200 396[0m
[2020-07-18 10:32:47,965][mlogger.__print(mlogger.py:35)][28542][INFO]:[1;33m[18/Jul/2020 02:32:47] "GET /js/functions/page_clock.js HTTP/1.1" 200 748[18/Jul/2020 02:32:47] "GET /js/functions/logger.js HTTP/1.1" 200 301[0m
[2020-07-18 10:32:48,073][mlogger.__print(mlogger.py:35)][28542][INFO]:[1;33m[18/Jul/2020 02:32:47] "GET /js/pages/main.js HTTP/1.1" 200 22[18/Jul/2020 02:32:47] "GET /js/pages/login.js HTTP/1.1" 200 2645[0m
[2020-07-18 10:32:48,235][mlogger.__print(mlogger.py:35)][28542][INFO]:[1;33m[18/Jul/2020 02:32:47] "GET /js/pages/shell.js HTTP/1.1" 200 2421[0m
[2020-07-18 10:32:48,344][mlogger.__print(mlogger.py:35)][28542][INFO]:[1;33m[18/Jul/2020 02:32:47] "GET /js/mwc.main.js HTTP/1.1" 200 710[0m
[2020-07-18 10:32:48,448][mlogger.__print(mlogger.py:35)][28542][INFO]:[1;33m[18/Jul/2020 02:32:47] "GET /js/ws/websocket_main.js HTTP/1.1" 200 86[0m
[2020-07-18 10:32:49,737][mlogger.__print(mlogger.py:35)][28542][INFO]:[1;33m[18/Jul/2020 02:32:49] "GET / HTTP/1.1" 200 9604[0m
[2020-07-18 10:32:49,794][mlogger.__print(mlogger.py:35)][28542][INFO]:[1;33m[18/Jul/2020 02:32:49] "GET /css/bootstrap-4.3.1.css HTTP/1.1" 200 192348[0m
[2020-07-18 10:32:49,900][mlogger.__print(mlogger.py:35)][28542][INFO]:[1;33m[18/Jul/2020 02:32:49] "GET /css/mwc.main.css HTTP/1.1" 200 4658[18/Jul/2020 02:32:49] "GET /js/mwc.js HTTP/1.1" 200 578[0m
[2020-07-18 10:32:49,957][mlogger.__print(mlogger.py:35)][28542][INFO]:[1;33m[18/Jul/2020 02:32:49] "GET /js/functions/check_browser.js HTTP/1.1" 200 237[18/Jul/2020 02:32:49] "GET /js/bootstrap-4.3.1.js HTTP/1.1" 200 131637[0m
[2020-07-18 10:32:50,013][mlogger.__print(mlogger.py:35)][28542][INFO]:[1;33m[18/Jul/2020 02:32:49] "GET /js/functions/display.js HTTP/1.1" 200 1495[0m
[2020-07-18 10:32:50,065][mlogger.__print(mlogger.py:35)][28542][INFO]:[1;33m[18/Jul/2020 02:32:49] "GET /js/jquery-3.4.1.min.js HTTP/1.1" 200 88145[18/Jul/2020 02:32:49] "GET /js/popper.min.js HTTP/1.1" 200 21004[0m
[2020-07-18 10:32:50,120][mlogger.__print(mlogger.py:35)][28542][INFO]:[1;33m[18/Jul/2020 02:32:49] "GET /js/pages/main.js HTTP/1.1" 200 22[0m
[2020-07-18 10:32:50,174][mlogger.__print(mlogger.py:35)][28542][INFO]:[1;33m[18/Jul/2020 02:32:49] "GET /js/functions/page_clock.js HTTP/1.1" 200 748[0m
[2020-07-18 10:32:50,280][mlogger.__print(mlogger.py:35)][28542][INFO]:[1;33m[18/Jul/2020 02:32:49] "GET /js/functions/loadpage.js HTTP/1.1" 200 396[18/Jul/2020 02:32:49] "GET /js/functions/logger.js HTTP/1.1" 200 301[18/Jul/2020 02:32:50] "GET /js/pages/login.js HTTP/1.1" 200 2645[0m
[2020-07-18 10:32:50,434][mlogger.__print(mlogger.py:35)][28542][INFO]:[1;33m[18/Jul/2020 02:32:50] "GET /js/pages/smanage.js HTTP/1.1" 200 30[0m
[2020-07-18 10:32:50,487][mlogger.__print(mlogger.py:35)][28542][INFO]:[1;33m[18/Jul/2020 02:32:50] "GET /js/mwc.main.js HTTP/1.1" 200 710[0m
[2020-07-18 10:32:50,542][mlogger.__print(mlogger.py:35)][28542][INFO]:[1;33m[18/Jul/2020 02:32:50] "GET /js/ws/websocket_main.js HTTP/1.1" 200 86[0m
[2020-07-18 10:32:52,583][mlogger.__print(mlogger.py:35)][28542][INFO]:[1;33m[18/Jul/2020 02:32:52] "GET / HTTP/1.1" 200 9604[18/Jul/2020 02:32:52] "GET /css/mwc.main.css HTTP/1.1" 200 4658[0m
[2020-07-18 10:32:52,637][mlogger.__print(mlogger.py:35)][28542][INFO]:[1;33m[18/Jul/2020 02:32:52] "GET /js/jquery-3.4.1.min.js HTTP/1.1" 200 88145[0m
[2020-07-18 10:32:52,693][mlogger.__print(mlogger.py:35)][28542][INFO]:[1;33m[18/Jul/2020 02:32:52] "GET /css/bootstrap-4.3.1.css HTTP/1.1" 200 192348[0m
[2020-07-18 10:32:52,852][mlogger.__print(mlogger.py:35)][28542][INFO]:[1;33m[18/Jul/2020 02:32:52] "GET /js/popper.min.js HTTP/1.1" 200 21004[18/Jul/2020 02:32:52] "GET /js/bootstrap-4.3.1.js HTTP/1.1" 200 131637[0m
[2020-07-18 10:32:52,910][mlogger.__print(mlogger.py:35)][28542][INFO]:[1;33m[18/Jul/2020 02:32:52] "GET /js/mwc.js HTTP/1.1" 200 578[0m
[2020-07-18 10:32:52,966][mlogger.__print(mlogger.py:35)][28542][INFO]:[1;33m[18/Jul/2020 02:32:52] "GET /js/functions/check_browser.js HTTP/1.1" 200 237[0m
[2020-07-18 10:32:53,071][mlogger.__print(mlogger.py:35)][28542][INFO]:[1;33m[18/Jul/2020 02:32:52] "GET /js/functions/display.js HTTP/1.1" 200 1495[18/Jul/2020 02:32:52] "GET /js/functions/loadpage.js HTTP/1.1" 200 396[0m
[2020-07-18 10:32:53,126][mlogger.__print(mlogger.py:35)][28542][INFO]:[1;33m[18/Jul/2020 02:32:52] "GET /js/pages/login.js HTTP/1.1" 200 2645[0m
[2020-07-18 10:32:53,180][mlogger.__print(mlogger.py:35)][28542][INFO]:[1;33m[18/Jul/2020 02:32:52] "GET /js/pages/main.js HTTP/1.1" 200 22[0m
[2020-07-18 10:32:53,235][mlogger.__print(mlogger.py:35)][28542][INFO]:[1;33m[18/Jul/2020 02:32:52] "GET /js/functions/logger.js HTTP/1.1" 200 301[18/Jul/2020 02:32:52] "GET /js/functions/page_clock.js HTTP/1.1" 200 748[0m
[2020-07-18 10:32:53,397][mlogger.__print(mlogger.py:35)][28542][INFO]:[1;33m[18/Jul/2020 02:32:53] "GET /js/pages/smanage.js HTTP/1.1" 200 30[0m
[2020-07-18 10:32:53,501][mlogger.__print(mlogger.py:35)][28542][INFO]:[1;33m[18/Jul/2020 02:32:53] "GET /js/pages/shell.js HTTP/1.1" 200 2421[0m
[2020-07-18 10:32:53,604][mlogger.__print(mlogger.py:35)][28542][INFO]:[1;33m[18/Jul/2020 02:32:53] "GET /js/mwc.main.js HTTP/1.1" 200 710[0m
[2020-07-18 10:32:53,659][mlogger.__print(mlogger.py:35)][28542][INFO]:[1;33m[18/Jul/2020 02:32:53] "GET /js/ws/websocket_main.js HTTP/1.1" 200 86[0m
[2020-07-18 10:32:56,242][mlogger.__print(mlogger.py:35)][28542][INFO]:[1;33m[18/Jul/2020 02:32:56] "GET / HTTP/1.1" 200 9604[0m
[2020-07-18 10:32:56,294][mlogger.__print(mlogger.py:35)][28542][INFO]:[1;33m[18/Jul/2020 02:32:56] "GET /css/mwc.main.css HTTP/1.1" 200 4658[18/Jul/2020 02:32:56] "GET /css/bootstrap-4.3.1.css HTTP/1.1" 200 192348[0m
[2020-07-18 10:32:56,350][mlogger.__print(mlogger.py:35)][28542][INFO]:[1;33m[18/Jul/2020 02:32:56] "GET /js/functions/display.js HTTP/1.1" 200 1495[18/Jul/2020 02:32:56] "GET /js/functions/check_browser.js HTTP/1.1" 200 237[0m
[2020-07-18 10:32:56,405][mlogger.__print(mlogger.py:35)][28542][INFO]:[1;33m[18/Jul/2020 02:32:56] "GET /js/mwc.js HTTP/1.1" 200 578[0m
[2020-07-18 10:32:56,463][mlogger.__print(mlogger.py:35)][28542][INFO]:[1;33m[18/Jul/2020 02:32:56] "GET /js/bootstrap-4.3.1.js HTTP/1.1" 200 131637[18/Jul/2020 02:32:56] "GET /js/popper.min.js HTTP/1.1" 200 21004[18/Jul/2020 02:32:56] "GET /js/jquery-3.4.1.min.js HTTP/1.1" 200 88145[0m
[2020-07-18 10:32:56,521][mlogger.__print(mlogger.py:35)][28542][INFO]:[1;33m[18/Jul/2020 02:32:56] "GET /js/pages/main.js HTTP/1.1" 200 22[18/Jul/2020 02:32:56] "GET /js/functions/page_clock.js HTTP/1.1" 200 748[0m
[2020-07-18 10:32:56,577][mlogger.__print(mlogger.py:35)][28542][INFO]:[1;33m[18/Jul/2020 02:32:56] "GET /js/functions/loadpage.js HTTP/1.1" 200 396[0m
[2020-07-18 10:32:56,680][mlogger.__print(mlogger.py:35)][28542][INFO]:[1;33m[18/Jul/2020 02:32:56] "GET /js/functions/logger.js HTTP/1.1" 200 301[0m
[2020-07-18 10:32:56,738][mlogger.__print(mlogger.py:35)][28542][INFO]:[1;33m[18/Jul/2020 02:32:56] "GET /js/pages/login.js HTTP/1.1" 200 2645[0m
[2020-07-18 10:32:56,793][mlogger.__print(mlogger.py:35)][28542][INFO]:[1;33m[18/Jul/2020 02:32:56] "GET /js/pages/smanage.js HTTP/1.1" 200 30[18/Jul/2020 02:32:56] "GET /js/pages/shell.js HTTP/1.1" 200 2421[0m
[2020-07-18 10:32:56,901][mlogger.__print(mlogger.py:35)][28542][INFO]:[1;33m[18/Jul/2020 02:32:56] "GET /js/mwc.main.js HTTP/1.1" 200 710[0m
[2020-07-18 10:32:56,958][mlogger.__print(mlogger.py:35)][28542][INFO]:[1;33m[18/Jul/2020 02:32:56] "GET /js/ws/websocket_main.js HTTP/1.1" 200 86[0m
