[2020-06-16 12:03:11,041][MwebServer.logger(MwebServer.py:52)][11443][INFO]:   __  ____      _____/\
[2020-06-16 12:03:11,041][MwebServer.logger(MwebServer.py:52)][11443][INFO]:  /  |/  / | /| / / ___/
[2020-06-16 12:03:11,042][MwebServer.logger(MwebServer.py:52)][11443][INFO]: / /|_/ /| |/ |/ / /__  
[2020-06-16 12:03:11,042][MwebServer.logger(MwebServer.py:52)][11443][INFO]:/ /  /_/ |__/|__/\___/
[2020-06-16 12:03:11,042][MwebServer.logger(MwebServer.py:52)][11443][INFO]:\/
[2020-06-16 12:03:11,042][MwebServer.logger(MwebServer.py:52)][11443][INFO]:==== MCDRWEBCONSOLE ====
[2020-06-16 12:03:11,542][MwebServer.logger(MwebServer.py:52)][11443][INFO]:正在启动MCDR-WEBCONSOLE
[2020-06-16 12:03:11,542][MwebServer.logger(MwebServer.py:52)][11443][INFO]:上报BUG请联系 ixiaohei:
[2020-06-16 12:03:11,542][MwebServer.logger(MwebServer.py:52)][11443][INFO]:QQ: 486118772
[2020-06-16 12:03:11,543][MwebServer.logger(MwebServer.py:52)][11443][INFO]:MwebConsole is OpenSource, find it here:
[2020-06-16 12:03:11,543][MwebServer.logger(MwebServer.py:52)][11443][INFO]:GAYHUB: https://github.com/ixiaohei-sakura/
[2020-06-16 12:03:11,543][MwebServer.logger(MwebServer.py:52)][11443][INFO]:G-PROJECT: https://github.com/ixiaohei-sakura/MWConsole
[2020-06-16 12:03:11,543][MwebServer.logger(MwebServer.py:52)][11443][INFO]:ServerStarted. Quit the server with CONTROL-C
[2020-06-16 12:03:14,544][MwebServer.logger(MwebServer.py:52)][11443][INFO]:WSocketServer已启动, 等待网页端上线
[2020-06-16 12:03:14,545][MwebServer.logger(MwebServer.py:52)][11443][INFO]:SocketServer已启动, 等待客户端连接
[2020-06-16 12:03:14,545][MwebServer.logger(MwebServer.py:52)][11443][INFO]:检查必要的数据表
[2020-06-16 12:03:14,546][MwebServer.logger(MwebServer.py:52)][11443][INFO]:Server Running at PID:11480
[2020-06-16 12:03:14,546][MwebServer.logger(MwebServer.py:52)][11443][INFO]:Monitor Started
[2020-06-16 12:03:14,561][MwebServer.logger(MwebServer.py:52)][11443][INFO]:Django is nothing wrong
[2020-06-16 12:03:14,760][MwebServer.logger(MwebServer.py:52)][11443][INFO]:Operations to perform:  Apply all migrations: admin, auth, contenttypes, sessionsRunning migrations:  No migrations to apply.
[2020-06-16 12:03:16,848][MwebServer.logger(MwebServer.py:52)][11443][INFO]:Monitor Stoped
[2020-06-16 12:03:16,848][MwebServer.logger(MwebServer.py:52)][11443][INFO]:StartProcess
[2020-06-16 12:03:16,849][MwebServer.logger(MwebServer.py:52)][11443][INFO]:Server Running at PID:11491
[2020-06-16 12:03:16,849][MwebServer.logger(MwebServer.py:52)][11443][INFO]:Monitor Started
[2020-06-16 12:03:16,865][MwebServer.logger(MwebServer.py:52)][11443][INFO]:Django is nothing wrong
[2020-06-16 12:03:17,088][MwebServer.logger(MwebServer.py:52)][11443][INFO]:Django is nothing wrong
[2020-06-16 12:03:17,315][MwebServer.logger(MwebServer.py:52)][11443][INFO]:Performing system checks...
[2020-06-16 12:03:17,376][MwebServer.logger(MwebServer.py:52)][11443][INFO]:System check identified no issues (0 silenced).
[2020-06-16 12:03:17,396][MwebServer.logger(MwebServer.py:52)][11443][INFO]:June 16, 2020 - 04:03:17Django version 3.0.6, using settings 'MwebConsole.settings'Starting development server at http://0:8000/Quit the server with CONTROL-C.
[2020-06-16 12:06:37,098][MwebServer.logger(MwebServer.py:52)][11443][INFO]:STOPPING
[2020-06-16 12:06:39,177][MwebServer.logger(MwebServer.py:52)][11443][INFO]:Stoped server, return code: -6
[2020-06-16 12:06:39,177][MwebServer.logger(MwebServer.py:52)][11443][INFO]:Socket服务端会自动停止
[2020-06-16 12:06:42,686][MwebServer.logger(MwebServer.py:52)][12273][INFO]:   __  ____      _____/\
[2020-06-16 12:06:42,686][MwebServer.logger(MwebServer.py:52)][12273][INFO]:  /  |/  / | /| / / ___/
[2020-06-16 12:06:42,686][MwebServer.logger(MwebServer.py:52)][12273][INFO]: / /|_/ /| |/ |/ / /__  
[2020-06-16 12:06:42,686][MwebServer.logger(MwebServer.py:52)][12273][INFO]:/ /  /_/ |__/|__/\___/
[2020-06-16 12:06:42,686][MwebServer.logger(MwebServer.py:52)][12273][INFO]:\/
[2020-06-16 12:06:42,686][MwebServer.logger(MwebServer.py:52)][12273][INFO]:==== MCDRWEBCONSOLE ====
[2020-06-16 12:06:43,187][MwebServer.logger(MwebServer.py:52)][12273][INFO]:正在启动MCDR-WEBCONSOLE
[2020-06-16 12:06:43,187][MwebServer.logger(MwebServer.py:52)][12273][INFO]:上报BUG请联系 ixiaohei:
[2020-06-16 12:06:43,187][MwebServer.logger(MwebServer.py:52)][12273][INFO]:QQ: 486118772
[2020-06-16 12:06:43,187][MwebServer.logger(MwebServer.py:52)][12273][INFO]:MwebConsole is OpenSource, find it here:
[2020-06-16 12:06:43,187][MwebServer.logger(MwebServer.py:52)][12273][INFO]:GAYHUB: https://github.com/ixiaohei-sakura/
[2020-06-16 12:06:43,187][MwebServer.logger(MwebServer.py:52)][12273][INFO]:G-PROJECT: https://github.com/ixiaohei-sakura/MWConsole
[2020-06-16 12:06:43,187][MwebServer.logger(MwebServer.py:52)][12273][INFO]:ServerStarted. Quit the server with CONTROL-C
[2020-06-16 12:06:46,190][MwebServer.logger(MwebServer.py:52)][12273][INFO]:WSocketServer已启动, 等待网页端上线
[2020-06-16 12:06:46,190][MwebServer.logger(MwebServer.py:52)][12273][INFO]:SocketServer已启动, 等待客户端连接
[2020-06-16 12:06:46,191][MwebServer.logger(MwebServer.py:52)][12273][INFO]:检查必要的数据表
[2020-06-16 12:06:46,191][MwebServer.logger(MwebServer.py:52)][12273][INFO]:Server Running at PID:12310
[2020-06-16 12:06:46,192][MwebServer.logger(MwebServer.py:52)][12273][INFO]:Monitor Started
[2020-06-16 12:06:46,207][MwebServer.logger(MwebServer.py:52)][12273][INFO]:Django is nothing wrong
[2020-06-16 12:06:46,448][MwebServer.logger(MwebServer.py:52)][12273][INFO]:Operations to perform:  Apply all migrations: admin, auth, contenttypes, sessionsRunning migrations:  No migrations to apply.
[2020-06-16 12:06:48,536][MwebServer.logger(MwebServer.py:52)][12273][INFO]:Monitor Stoped
[2020-06-16 12:06:48,537][MwebServer.logger(MwebServer.py:52)][12273][INFO]:StartProcess
[2020-06-16 12:06:48,538][MwebServer.logger(MwebServer.py:52)][12273][INFO]:Server Running at PID:12320
[2020-06-16 12:06:48,538][MwebServer.logger(MwebServer.py:52)][12273][INFO]:Monitor Started
[2020-06-16 12:06:48,553][MwebServer.logger(MwebServer.py:52)][12273][INFO]:Django is nothing wrong
[2020-06-16 12:06:48,750][MwebServer.logger(MwebServer.py:52)][12273][INFO]:Django is nothing wrong
[2020-06-16 12:06:49,066][MwebServer.logger(MwebServer.py:52)][12273][INFO]:Performing system checks...
[2020-06-16 12:06:49,107][MwebServer.logger(MwebServer.py:52)][12273][INFO]:System check identified no issues (0 silenced).
[2020-06-16 12:06:49,121][MwebServer.logger(MwebServer.py:52)][12273][INFO]:June 16, 2020 - 04:06:49Django version 3.0.6, using settings 'MwebConsole.settings'Starting development server at http://0:8000/Quit the server with CONTROL-C.
[2020-06-16 12:07:15,394][MwebServer.logger(MwebServer.py:52)][12273][INFO]:STOPPING
[2020-06-16 12:07:17,470][MwebServer.logger(MwebServer.py:52)][12273][INFO]:Stoped server, return code: -6
[2020-06-16 12:07:17,471][MwebServer.logger(MwebServer.py:52)][12273][INFO]:Socket服务端会自动停止
[2020-06-16 12:07:17,471][MwebServer.logger(MwebServer.py:52)][12273][INFO]:Monitor Stoped
[2020-06-16 12:07:20,790][MwebServer.logger(MwebServer.py:52)][12645][INFO]:   __  ____      _____/\
[2020-06-16 12:07:20,790][MwebServer.logger(MwebServer.py:52)][12645][INFO]:  /  |/  / | /| / / ___/
[2020-06-16 12:07:20,790][MwebServer.logger(MwebServer.py:52)][12645][INFO]: / /|_/ /| |/ |/ / /__  
[2020-06-16 12:07:20,791][MwebServer.logger(MwebServer.py:52)][12645][INFO]:/ /  /_/ |__/|__/\___/
[2020-06-16 12:07:20,791][MwebServer.logger(MwebServer.py:52)][12645][INFO]:\/
[2020-06-16 12:07:20,791][MwebServer.logger(MwebServer.py:52)][12645][INFO]:==== MCDRWEBCONSOLE ====
[2020-06-16 12:07:21,291][MwebServer.logger(MwebServer.py:52)][12645][INFO]:正在启动MCDR-WEBCONSOLE
[2020-06-16 12:07:21,291][MwebServer.logger(MwebServer.py:52)][12645][INFO]:上报BUG请联系 ixiaohei:
[2020-06-16 12:07:21,291][MwebServer.logger(MwebServer.py:52)][12645][INFO]:QQ: 486118772
[2020-06-16 12:07:21,291][MwebServer.logger(MwebServer.py:52)][12645][INFO]:MwebConsole is OpenSource, find it here:
[2020-06-16 12:07:21,292][MwebServer.logger(MwebServer.py:52)][12645][INFO]:GAYHUB: https://github.com/ixiaohei-sakura/
[2020-06-16 12:07:21,292][MwebServer.logger(MwebServer.py:52)][12645][INFO]:G-PROJECT: https://github.com/ixiaohei-sakura/MWConsole
[2020-06-16 12:07:21,292][MwebServer.logger(MwebServer.py:52)][12645][INFO]:ServerStarted. Quit the server with CONTROL-C
[2020-06-16 12:07:24,294][MwebServer.logger(MwebServer.py:52)][12645][INFO]:WSocketServer已启动, 等待网页端上线
[2020-06-16 12:07:24,295][MwebServer.logger(MwebServer.py:52)][12645][INFO]:SocketServer已启动, 等待客户端连接
[2020-06-16 12:07:24,295][MwebServer.logger(MwebServer.py:52)][12645][INFO]:检查必要的数据表
[2020-06-16 12:07:24,296][MwebServer.logger(MwebServer.py:52)][12645][INFO]:Server Running at PID:12682
[2020-06-16 12:07:24,297][MwebServer.logger(MwebServer.py:52)][12645][INFO]:Monitor Started
[2020-06-16 12:07:24,314][MwebServer.logger(MwebServer.py:52)][12645][INFO]:Django is nothing wrong
[2020-06-16 12:07:24,589][MwebServer.logger(MwebServer.py:52)][12645][INFO]:Operations to perform:  Apply all migrations: admin, auth, contenttypes, sessionsRunning migrations:  No migrations to apply.
[2020-06-16 12:07:26,684][MwebServer.logger(MwebServer.py:52)][12645][INFO]:Monitor Stoped
[2020-06-16 12:07:26,684][MwebServer.logger(MwebServer.py:52)][12645][INFO]:StartProcess
[2020-06-16 12:07:26,685][MwebServer.logger(MwebServer.py:52)][12645][INFO]:Server Running at PID:12693
[2020-06-16 12:07:26,685][MwebServer.logger(MwebServer.py:52)][12645][INFO]:Monitor Started
[2020-06-16 12:07:26,702][MwebServer.logger(MwebServer.py:52)][12645][INFO]:Django is nothing wrong
[2020-06-16 12:07:26,908][MwebServer.logger(MwebServer.py:52)][12645][INFO]:Django is nothing wrong
[2020-06-16 12:07:27,277][MwebServer.logger(MwebServer.py:52)][12645][INFO]:Performing system checks...
[2020-06-16 12:07:27,316][MwebServer.logger(MwebServer.py:52)][12645][INFO]:System check identified no issues (0 silenced).
[2020-06-16 12:07:27,330][MwebServer.logger(MwebServer.py:52)][12645][INFO]:June 16, 2020 - 04:07:27Django version 3.0.6, using settings 'MwebConsole.settings'Starting development server at http://0:8000/Quit the server with CONTROL-C.
[2020-06-16 12:09:01,826][MwebServer.logger(MwebServer.py:52)][12645][INFO]:STOPPING
[2020-06-16 12:09:03,903][MwebServer.logger(MwebServer.py:52)][12645][INFO]:Stoped server, return code: -6
[2020-06-16 12:09:03,903][MwebServer.logger(MwebServer.py:52)][12645][INFO]:Monitor Stoped
[2020-06-16 12:09:03,903][MwebServer.logger(MwebServer.py:52)][12645][INFO]:Socket服务端会自动停止
[2020-06-16 12:09:06,678][MwebServer.logger(MwebServer.py:52)][13102][INFO]:   __  ____      _____/\
[2020-06-16 12:09:06,678][MwebServer.logger(MwebServer.py:52)][13102][INFO]:  /  |/  / | /| / / ___/
[2020-06-16 12:09:06,678][MwebServer.logger(MwebServer.py:52)][13102][INFO]: / /|_/ /| |/ |/ / /__  
[2020-06-16 12:09:06,678][MwebServer.logger(MwebServer.py:52)][13102][INFO]:/ /  /_/ |__/|__/\___/
[2020-06-16 12:09:06,678][MwebServer.logger(MwebServer.py:52)][13102][INFO]:\/
[2020-06-16 12:09:06,678][MwebServer.logger(MwebServer.py:52)][13102][INFO]:==== MCDRWEBCONSOLE ====
[2020-06-16 12:09:07,179][MwebServer.logger(MwebServer.py:52)][13102][INFO]:正在启动MCDR-WEBCONSOLE
[2020-06-16 12:09:07,179][MwebServer.logger(MwebServer.py:52)][13102][INFO]:上报BUG请联系 ixiaohei:
[2020-06-16 12:09:07,179][MwebServer.logger(MwebServer.py:52)][13102][INFO]:QQ: 486118772
[2020-06-16 12:09:07,180][MwebServer.logger(MwebServer.py:52)][13102][INFO]:MwebConsole is OpenSource, find it here:
[2020-06-16 12:09:07,180][MwebServer.logger(MwebServer.py:52)][13102][INFO]:GAYHUB: https://github.com/ixiaohei-sakura/
[2020-06-16 12:09:07,180][MwebServer.logger(MwebServer.py:52)][13102][INFO]:G-PROJECT: https://github.com/ixiaohei-sakura/MWConsole
[2020-06-16 12:09:07,180][MwebServer.logger(MwebServer.py:52)][13102][INFO]:ServerStarted. Quit the server with CONTROL-C
[2020-06-16 12:09:10,180][MwebServer.logger(MwebServer.py:52)][13102][INFO]:WSocketServer已启动, 等待网页端上线
[2020-06-16 12:09:10,181][MwebServer.logger(MwebServer.py:52)][13102][INFO]:SocketServer已启动, 等待客户端连接
[2020-06-16 12:09:10,181][MwebServer.logger(MwebServer.py:52)][13102][INFO]:检查必要的数据表
[2020-06-16 12:09:10,182][MwebServer.logger(MwebServer.py:52)][13102][INFO]:Server Running at PID:13105
[2020-06-16 12:09:10,182][MwebServer.logger(MwebServer.py:52)][13102][INFO]:Monitor Started
[2020-06-16 12:09:10,198][MwebServer.logger(MwebServer.py:52)][13102][INFO]:Django is nothing wrong
[2020-06-16 12:09:10,467][MwebServer.logger(MwebServer.py:52)][13102][INFO]:Operations to perform:  Apply all migrations: admin, auth, contenttypes, sessionsRunning migrations:  No migrations to apply.
[2020-06-16 12:09:12,557][MwebServer.logger(MwebServer.py:52)][13102][INFO]:Monitor Stoped
[2020-06-16 12:09:12,557][MwebServer.logger(MwebServer.py:52)][13102][INFO]:StartProcess
[2020-06-16 12:09:12,559][MwebServer.logger(MwebServer.py:52)][13102][INFO]:Server Running at PID:13115
[2020-06-16 12:09:12,559][MwebServer.logger(MwebServer.py:52)][13102][INFO]:Monitor Started
[2020-06-16 12:09:12,574][MwebServer.logger(MwebServer.py:52)][13102][INFO]:Django is nothing wrong
[2020-06-16 12:09:13,049][MwebServer.logger(MwebServer.py:52)][13102][INFO]:Django is nothing wrong
[2020-06-16 12:09:13,243][MwebServer.logger(MwebServer.py:52)][13102][INFO]:Performing system checks...
[2020-06-16 12:09:13,300][MwebServer.logger(MwebServer.py:52)][13102][INFO]:System check identified no issues (0 silenced).
[2020-06-16 12:09:13,319][MwebServer.logger(MwebServer.py:52)][13102][INFO]:June 16, 2020 - 04:09:13Django version 3.0.6, using settings 'MwebConsole.settings'Starting development server at http://0:8000/Quit the server with CONTROL-C.
[2020-06-16 12:12:12,864][MwebServer.logger(MwebServer.py:52)][13102][INFO]:STOPPING
[2020-06-16 12:12:14,941][MwebServer.logger(MwebServer.py:52)][13102][INFO]:Stoped server, return code: -6
[2020-06-16 12:12:14,941][MwebServer.logger(MwebServer.py:52)][13102][INFO]:Monitor Stoped
[2020-06-16 12:12:14,941][MwebServer.logger(MwebServer.py:52)][13102][INFO]:Socket服务端会自动停止
[2020-06-16 12:14:07,420][MwebServer.logger(MwebServer.py:52)][14839][INFO]:   __  ____      _____/\
[2020-06-16 12:14:07,420][MwebServer.logger(MwebServer.py:52)][14839][INFO]:  /  |/  / | /| / / ___/
[2020-06-16 12:14:07,420][MwebServer.logger(MwebServer.py:52)][14839][INFO]: / /|_/ /| |/ |/ / /__  
[2020-06-16 12:14:07,420][MwebServer.logger(MwebServer.py:52)][14839][INFO]:/ /  /_/ |__/|__/\___/
[2020-06-16 12:14:07,420][MwebServer.logger(MwebServer.py:52)][14839][INFO]:\/
[2020-06-16 12:14:07,420][MwebServer.logger(MwebServer.py:52)][14839][INFO]:==== MCDRWEBCONSOLE ====
[2020-06-16 12:14:07,921][MwebServer.logger(MwebServer.py:52)][14839][INFO]:正在启动MCDR-WEBCONSOLE
[2020-06-16 12:14:07,921][MwebServer.logger(MwebServer.py:52)][14839][INFO]:上报BUG请联系 ixiaohei:
[2020-06-16 12:14:07,921][MwebServer.logger(MwebServer.py:52)][14839][INFO]:QQ: 486118772
[2020-06-16 12:14:07,921][MwebServer.logger(MwebServer.py:52)][14839][INFO]:MwebConsole is OpenSource, find it here:
[2020-06-16 12:14:07,921][MwebServer.logger(MwebServer.py:52)][14839][INFO]:GAYHUB: https://github.com/ixiaohei-sakura/
[2020-06-16 12:14:07,921][MwebServer.logger(MwebServer.py:52)][14839][INFO]:G-PROJECT: https://github.com/ixiaohei-sakura/MWConsole
[2020-06-16 12:14:07,921][MwebServer.logger(MwebServer.py:52)][14839][INFO]:ServerStarted. Quit the server with CONTROL-C
[2020-06-16 12:14:10,924][MwebServer.logger(MwebServer.py:52)][14839][INFO]:WSocketServer已启动, 等待网页端上线
[2020-06-16 12:14:10,925][MwebServer.logger(MwebServer.py:52)][14839][INFO]:SocketServer已启动, 等待客户端连接
[2020-06-16 12:14:10,925][MwebServer.logger(MwebServer.py:52)][14839][INFO]:检查必要的数据表
[2020-06-16 12:14:10,926][MwebServer.logger(MwebServer.py:52)][14839][INFO]:Server Running at PID:14844
[2020-06-16 12:14:10,926][MwebServer.logger(MwebServer.py:52)][14839][INFO]:Monitor Started
[2020-06-16 12:14:10,941][MwebServer.logger(MwebServer.py:52)][14839][INFO]:Django is nothing wrong
[2020-06-16 12:14:11,122][MwebServer.logger(MwebServer.py:52)][14839][INFO]:Operations to perform:  Apply all migrations: admin, auth, contenttypes, sessionsRunning migrations:  No migrations to apply.
[2020-06-16 12:14:13,217][MwebServer.logger(MwebServer.py:52)][14839][INFO]:Monitor Stoped
[2020-06-16 12:14:14,219][MwebServer.logger(MwebServer.py:52)][14839][INFO]:StartProcess
[2020-06-16 12:14:14,220][MwebServer.logger(MwebServer.py:52)][14839][INFO]:Server Running at PID:14891
[2020-06-16 12:14:14,220][MwebServer.logger(MwebServer.py:52)][14839][INFO]:Monitor Started
[2020-06-16 12:14:14,241][MwebServer.logger(MwebServer.py:52)][14839][INFO]:Django is nothing wrong
[2020-06-16 12:14:14,466][MwebServer.logger(MwebServer.py:52)][14839][INFO]:Django is nothing wrong
[2020-06-16 12:14:14,870][MwebServer.logger(MwebServer.py:52)][14839][INFO]:Performing system checks...
[2020-06-16 12:14:14,895][MwebServer.logger(MwebServer.py:52)][14839][INFO]:System check identified no issues (0 silenced).
[2020-06-16 12:14:15,035][MwebServer.logger(MwebServer.py:52)][14839][INFO]:June 16, 2020 - 04:14:15Django version 3.0.6, using settings 'MwebConsole.settings'Starting development server at http://0:8000/Quit the server with CONTROL-C.
[2020-06-16 12:15:18,167][MwebServer.logger(MwebServer.py:52)][14839][INFO]:STOPPING
[2020-06-16 12:15:20,243][MwebServer.logger(MwebServer.py:52)][14839][INFO]:Stoped server, return code: -6
[2020-06-16 12:15:20,244][MwebServer.logger(MwebServer.py:52)][14839][INFO]:Socket服务端会自动停止
[2020-06-16 12:15:20,244][MwebServer.logger(MwebServer.py:52)][14839][INFO]:Monitor Stoped
[2020-06-16 12:15:22,036][MwebServer.logger(MwebServer.py:52)][15160][INFO]:   __  ____      _____/\
[2020-06-16 12:15:22,036][MwebServer.logger(MwebServer.py:52)][15160][INFO]:  /  |/  / | /| / / ___/
[2020-06-16 12:15:22,036][MwebServer.logger(MwebServer.py:52)][15160][INFO]: / /|_/ /| |/ |/ / /__  
[2020-06-16 12:15:22,036][MwebServer.logger(MwebServer.py:52)][15160][INFO]:/ /  /_/ |__/|__/\___/
[2020-06-16 12:15:22,036][MwebServer.logger(MwebServer.py:52)][15160][INFO]:\/
[2020-06-16 12:15:22,036][MwebServer.logger(MwebServer.py:52)][15160][INFO]:==== MCDRWEBCONSOLE ====
[2020-06-16 12:15:22,536][MwebServer.logger(MwebServer.py:52)][15160][INFO]:正在启动MCDR-WEBCONSOLE
[2020-06-16 12:15:22,536][MwebServer.logger(MwebServer.py:52)][15160][INFO]:上报BUG请联系 ixiaohei:
[2020-06-16 12:15:22,536][MwebServer.logger(MwebServer.py:52)][15160][INFO]:QQ: 486118772
[2020-06-16 12:15:22,536][MwebServer.logger(MwebServer.py:52)][15160][INFO]:MwebConsole is OpenSource, find it here:
[2020-06-16 12:15:22,536][MwebServer.logger(MwebServer.py:52)][15160][INFO]:GAYHUB: https://github.com/ixiaohei-sakura/
[2020-06-16 12:15:22,537][MwebServer.logger(MwebServer.py:52)][15160][INFO]:G-PROJECT: https://github.com/ixiaohei-sakura/MWConsole
[2020-06-16 12:15:22,537][MwebServer.logger(MwebServer.py:52)][15160][INFO]:ServerStarted. Quit the server with CONTROL-C
[2020-06-16 12:15:25,540][MwebServer.logger(MwebServer.py:52)][15160][INFO]:WSocketServer已启动, 等待网页端上线
[2020-06-16 12:15:25,541][MwebServer.logger(MwebServer.py:52)][15160][INFO]:SocketServer已启动, 等待客户端连接
[2020-06-16 12:15:25,541][MwebServer.logger(MwebServer.py:52)][15160][INFO]:检查必要的数据表
[2020-06-16 12:15:25,542][MwebServer.logger(MwebServer.py:52)][15160][INFO]:Server Running at PID:15199
[2020-06-16 12:15:25,542][MwebServer.logger(MwebServer.py:52)][15160][INFO]:Monitor Started
[2020-06-16 12:15:25,557][MwebServer.logger(MwebServer.py:52)][15160][INFO]:Django is nothing wrong
[2020-06-16 12:15:26,047][MwebServer.logger(MwebServer.py:52)][15160][INFO]:Operations to perform:  Apply all migrations: admin, auth, contenttypes, sessionsRunning migrations:  No migrations to apply.
[2020-06-16 12:15:28,135][MwebServer.logger(MwebServer.py:52)][15160][INFO]:Monitor Stoped
[2020-06-16 12:15:29,138][MwebServer.logger(MwebServer.py:52)][15160][INFO]:StartProcess
[2020-06-16 12:15:29,139][MwebServer.logger(MwebServer.py:52)][15160][INFO]:Server Running at PID:15211
[2020-06-16 12:15:29,139][MwebServer.logger(MwebServer.py:52)][15160][INFO]:Monitor Started
[2020-06-16 12:15:29,154][MwebServer.logger(MwebServer.py:52)][15160][INFO]:Django is nothing wrong
[2020-06-16 12:15:29,694][MwebServer.logger(MwebServer.py:52)][15160][INFO]:Django is nothing wrong
[2020-06-16 12:15:29,916][MwebServer.logger(MwebServer.py:52)][15160][INFO]:Performing system checks...
[2020-06-16 12:15:29,956][MwebServer.logger(MwebServer.py:52)][15160][INFO]:System check identified no issues (0 silenced).
[2020-06-16 12:15:29,970][MwebServer.logger(MwebServer.py:52)][15160][INFO]:June 16, 2020 - 04:15:29Django version 3.0.6, using settings 'MwebConsole.settings'Starting development server at http://0:8000/Quit the server with CONTROL-C.
[2020-06-16 12:18:06,087][MwebServer.logger(MwebServer.py:52)][15160][INFO]:STOPPING
[2020-06-16 12:18:08,161][MwebServer.logger(MwebServer.py:52)][15160][INFO]:Stoped server, return code: -6
[2020-06-16 12:18:08,161][MwebServer.logger(MwebServer.py:52)][15160][INFO]:Monitor Stoped
[2020-06-16 12:18:08,161][MwebServer.logger(MwebServer.py:52)][15160][INFO]:Socket服务端会自动停止
[2020-06-16 12:18:09,602][MwebServer.logger(MwebServer.py:52)][15844][INFO]:   __  ____      _____/\
[2020-06-16 12:18:09,602][MwebServer.logger(MwebServer.py:52)][15844][INFO]:  /  |/  / | /| / / ___/
[2020-06-16 12:18:09,602][MwebServer.logger(MwebServer.py:52)][15844][INFO]: / /|_/ /| |/ |/ / /__  
[2020-06-16 12:18:09,603][MwebServer.logger(MwebServer.py:52)][15844][INFO]:/ /  /_/ |__/|__/\___/
[2020-06-16 12:18:09,603][MwebServer.logger(MwebServer.py:52)][15844][INFO]:\/
[2020-06-16 12:18:09,603][MwebServer.logger(MwebServer.py:52)][15844][INFO]:==== MCDRWEBCONSOLE ====
[2020-06-16 12:18:10,103][MwebServer.logger(MwebServer.py:52)][15844][INFO]:正在启动MCDR-WEBCONSOLE
[2020-06-16 12:18:10,103][MwebServer.logger(MwebServer.py:52)][15844][INFO]:上报BUG请联系 ixiaohei:
[2020-06-16 12:18:10,103][MwebServer.logger(MwebServer.py:52)][15844][INFO]:QQ: 486118772
[2020-06-16 12:18:10,104][MwebServer.logger(MwebServer.py:52)][15844][INFO]:MwebConsole is OpenSource, find it here:
[2020-06-16 12:18:10,104][MwebServer.logger(MwebServer.py:52)][15844][INFO]:GAYHUB: https://github.com/ixiaohei-sakura/
[2020-06-16 12:18:10,104][MwebServer.logger(MwebServer.py:52)][15844][INFO]:G-PROJECT: https://github.com/ixiaohei-sakura/MWConsole
[2020-06-16 12:18:10,104][MwebServer.logger(MwebServer.py:52)][15844][INFO]:ServerStarted. Quit the server with CONTROL-C
[2020-06-16 12:18:13,105][MwebServer.logger(MwebServer.py:52)][15844][INFO]:WSocketServer已启动, 等待网页端上线
[2020-06-16 12:18:13,105][MwebServer.logger(MwebServer.py:52)][15844][INFO]:SocketServer已启动, 等待客户端连接
[2020-06-16 12:18:13,105][MwebServer.logger(MwebServer.py:52)][15844][INFO]:检查必要的数据表
[2020-06-16 12:18:13,106][MwebServer.logger(MwebServer.py:52)][15844][INFO]:Server Running at PID:15848
[2020-06-16 12:18:13,107][MwebServer.logger(MwebServer.py:52)][15844][INFO]:Monitor Started
[2020-06-16 12:18:13,122][MwebServer.logger(MwebServer.py:52)][15844][INFO]:Django is nothing wrong
[2020-06-16 12:18:13,313][MwebServer.logger(MwebServer.py:52)][15844][INFO]:Operations to perform:  Apply all migrations: admin, auth, contenttypes, sessionsRunning migrations:  No migrations to apply.
[2020-06-16 12:18:15,404][MwebServer.logger(MwebServer.py:52)][15844][INFO]:Monitor Stoped
[2020-06-16 12:18:16,407][MwebServer.logger(MwebServer.py:52)][15844][INFO]:StartProcess
[2020-06-16 12:18:16,408][MwebServer.logger(MwebServer.py:52)][15844][INFO]:Server Running at PID:15896
[2020-06-16 12:18:16,408][MwebServer.logger(MwebServer.py:52)][15844][INFO]:Monitor Started
[2020-06-16 12:18:16,424][MwebServer.logger(MwebServer.py:52)][15844][INFO]:Django is nothing wrong
[2020-06-16 12:18:16,684][MwebServer.logger(MwebServer.py:52)][15844][INFO]:Django is nothing wrong
[2020-06-16 12:18:16,862][MwebServer.logger(MwebServer.py:52)][15844][INFO]:Performing system checks...
[2020-06-16 12:18:16,897][MwebServer.logger(MwebServer.py:52)][15844][INFO]:System check identified no issues (0 silenced).
[2020-06-16 12:18:16,968][MwebServer.logger(MwebServer.py:52)][15844][INFO]:June 16, 2020 - 04:18:16Django version 3.0.6, using settings 'MwebConsole.settings'Starting development server at http://0:8000/Quit the server with CONTROL-C.
[2020-06-16 12:19:23,686][MwebServer.logger(MwebServer.py:52)][15844][INFO]:STOPPING
[2020-06-16 12:19:25,764][MwebServer.logger(MwebServer.py:52)][15844][INFO]:Stoped server, return code: -6
[2020-06-16 12:19:25,764][MwebServer.logger(MwebServer.py:52)][15844][INFO]:Socket服务端会自动停止
[2020-06-16 12:19:25,765][MwebServer.logger(MwebServer.py:52)][15844][INFO]:Monitor Stoped
[2020-06-16 12:19:27,370][MwebServer.logger(MwebServer.py:52)][16179][INFO]:   __  ____      _____/\
[2020-06-16 12:19:27,370][MwebServer.logger(MwebServer.py:52)][16179][INFO]:  /  |/  / | /| / / ___/
[2020-06-16 12:19:27,370][MwebServer.logger(MwebServer.py:52)][16179][INFO]: / /|_/ /| |/ |/ / /__  
[2020-06-16 12:19:27,370][MwebServer.logger(MwebServer.py:52)][16179][INFO]:/ /  /_/ |__/|__/\___/
[2020-06-16 12:19:27,370][MwebServer.logger(MwebServer.py:52)][16179][INFO]:\/
[2020-06-16 12:19:27,370][MwebServer.logger(MwebServer.py:52)][16179][INFO]:==== MCDRWEBCONSOLE ====
[2020-06-16 12:19:27,871][MwebServer.logger(MwebServer.py:52)][16179][INFO]:正在启动MCDR-WEBCONSOLE
[2020-06-16 12:19:27,871][MwebServer.logger(MwebServer.py:52)][16179][INFO]:上报BUG请联系 ixiaohei:
[2020-06-16 12:19:27,871][MwebServer.logger(MwebServer.py:52)][16179][INFO]:QQ: 486118772
[2020-06-16 12:19:27,871][MwebServer.logger(MwebServer.py:52)][16179][INFO]:MwebConsole is OpenSource, find it here:
[2020-06-16 12:19:27,871][MwebServer.logger(MwebServer.py:52)][16179][INFO]:GAYHUB: https://github.com/ixiaohei-sakura/
[2020-06-16 12:19:27,871][MwebServer.logger(MwebServer.py:52)][16179][INFO]:G-PROJECT: https://github.com/ixiaohei-sakura/MWConsole
[2020-06-16 12:19:27,871][MwebServer.logger(MwebServer.py:52)][16179][INFO]:ServerStarted. Quit the server with CONTROL-C
[2020-06-16 12:19:30,875][MwebServer.logger(MwebServer.py:52)][16179][INFO]:WSocketServer已启动, 等待网页端上线
[2020-06-16 12:19:30,875][MwebServer.logger(MwebServer.py:52)][16179][INFO]:SocketServer已启动, 等待客户端连接
[2020-06-16 12:19:30,875][MwebServer.logger(MwebServer.py:52)][16179][INFO]:检查必要的数据表
[2020-06-16 12:19:30,876][MwebServer.logger(MwebServer.py:52)][16179][INFO]:Server Running at PID:16183
[2020-06-16 12:19:30,876][MwebServer.logger(MwebServer.py:52)][16179][INFO]:Monitor Started
[2020-06-16 12:19:30,893][MwebServer.logger(MwebServer.py:52)][16179][INFO]:Django is nothing wrong
[2020-06-16 12:19:31,389][MwebServer.logger(MwebServer.py:52)][16179][INFO]:Operations to perform:  Apply all migrations: admin, auth, contenttypes, sessionsRunning migrations:  No migrations to apply.
[2020-06-16 12:19:33,504][MwebServer.logger(MwebServer.py:52)][16179][INFO]:Monitor Stoped
[2020-06-16 12:19:34,507][MwebServer.logger(MwebServer.py:52)][16179][INFO]:StartProcess
[2020-06-16 12:19:34,508][MwebServer.logger(MwebServer.py:52)][16179][INFO]:Server Running at PID:16234
[2020-06-16 12:19:34,508][MwebServer.logger(MwebServer.py:52)][16179][INFO]:Monitor Started
[2020-06-16 12:19:34,525][MwebServer.logger(MwebServer.py:52)][16179][INFO]:Django is nothing wrong
[2020-06-16 12:19:34,728][MwebServer.logger(MwebServer.py:52)][16179][INFO]:Django is nothing wrong
[2020-06-16 12:19:34,935][MwebServer.logger(MwebServer.py:52)][16179][INFO]:Performing system checks...
[2020-06-16 12:19:34,983][MwebServer.logger(MwebServer.py:52)][16179][INFO]:System check identified no issues (0 silenced).
[2020-06-16 12:19:35,005][MwebServer.logger(MwebServer.py:52)][16179][INFO]:June 16, 2020 - 04:19:35Django version 3.0.6, using settings 'MwebConsole.settings'Starting development server at http://0:8000/Quit the server with CONTROL-C.
[2020-06-16 12:19:55,277][MwebServer.logger(MwebServer.py:52)][16179][INFO]:STOPPING
[2020-06-16 12:19:57,352][MwebServer.logger(MwebServer.py:52)][16179][INFO]:Stoped server, return code: -6
[2020-06-16 12:19:57,352][MwebServer.logger(MwebServer.py:52)][16179][INFO]:Monitor Stoped
[2020-06-16 12:19:57,352][MwebServer.logger(MwebServer.py:52)][16179][INFO]:Socket服务端会自动停止
[2020-06-16 12:19:59,560][MwebServer.logger(MwebServer.py:52)][16330][INFO]:   __  ____      _____/\
[2020-06-16 12:19:59,560][MwebServer.logger(MwebServer.py:52)][16330][INFO]:  /  |/  / | /| / / ___/
[2020-06-16 12:19:59,561][MwebServer.logger(MwebServer.py:52)][16330][INFO]: / /|_/ /| |/ |/ / /__  
[2020-06-16 12:19:59,561][MwebServer.logger(MwebServer.py:52)][16330][INFO]:/ /  /_/ |__/|__/\___/
[2020-06-16 12:19:59,561][MwebServer.logger(MwebServer.py:52)][16330][INFO]:\/
[2020-06-16 12:19:59,561][MwebServer.logger(MwebServer.py:52)][16330][INFO]:==== MCDRWEBCONSOLE ====
[2020-06-16 12:20:00,062][MwebServer.logger(MwebServer.py:52)][16330][INFO]:正在启动MCDR-WEBCONSOLE
[2020-06-16 12:20:00,062][MwebServer.logger(MwebServer.py:52)][16330][INFO]:上报BUG请联系 ixiaohei:
[2020-06-16 12:20:00,062][MwebServer.logger(MwebServer.py:52)][16330][INFO]:QQ: 486118772
[2020-06-16 12:20:00,062][MwebServer.logger(MwebServer.py:52)][16330][INFO]:MwebConsole is OpenSource, find it here:
[2020-06-16 12:20:00,062][MwebServer.logger(MwebServer.py:52)][16330][INFO]:GAYHUB: https://github.com/ixiaohei-sakura/
[2020-06-16 12:20:00,062][MwebServer.logger(MwebServer.py:52)][16330][INFO]:G-PROJECT: https://github.com/ixiaohei-sakura/MWConsole
[2020-06-16 12:20:00,062][MwebServer.logger(MwebServer.py:52)][16330][INFO]:ServerStarted. Quit the server with CONTROL-C
[2020-06-16 12:20:03,066][MwebServer.logger(MwebServer.py:52)][16330][INFO]:WSocketServer已启动, 等待网页端上线
[2020-06-16 12:20:03,067][MwebServer.logger(MwebServer.py:52)][16330][INFO]:SocketServer已启动, 等待客户端连接
[2020-06-16 12:20:03,067][MwebServer.logger(MwebServer.py:52)][16330][INFO]:检查必要的数据表
[2020-06-16 12:20:03,068][MwebServer.logger(MwebServer.py:52)][16330][INFO]:Server Running at PID:16365
[2020-06-16 12:20:03,068][MwebServer.logger(MwebServer.py:52)][16330][INFO]:Monitor Started
[2020-06-16 12:20:03,083][MwebServer.logger(MwebServer.py:52)][16330][INFO]:Django is nothing wrong
[2020-06-16 12:20:03,298][MwebServer.logger(MwebServer.py:52)][16330][INFO]:Operations to perform:  Apply all migrations: admin, auth, contenttypes, sessions
[2020-06-16 12:20:03,304][MwebServer.logger(MwebServer.py:52)][16330][INFO]:Running migrations:  No migrations to apply.
[2020-06-16 12:20:05,396][MwebServer.logger(MwebServer.py:52)][16330][INFO]:Monitor Stoped
[2020-06-16 12:20:06,399][MwebServer.logger(MwebServer.py:52)][16330][INFO]:StartProcess
[2020-06-16 12:20:06,400][MwebServer.logger(MwebServer.py:52)][16330][INFO]:Server Running at PID:16411
[2020-06-16 12:20:06,400][MwebServer.logger(MwebServer.py:52)][16330][INFO]:Monitor Started
[2020-06-16 12:20:06,416][MwebServer.logger(MwebServer.py:52)][16330][INFO]:Django is nothing wrong
[2020-06-16 12:20:06,605][MwebServer.logger(MwebServer.py:52)][16330][INFO]:Django is nothing wrong
[2020-06-16 12:20:06,818][MwebServer.logger(MwebServer.py:52)][16330][INFO]:Performing system checks...
[2020-06-16 12:20:06,889][MwebServer.logger(MwebServer.py:52)][16330][INFO]:System check identified no issues (0 silenced).
[2020-06-16 12:20:06,935][MwebServer.logger(MwebServer.py:52)][16330][INFO]:June 16, 2020 - 04:20:06Django version 3.0.6, using settings 'MwebConsole.settings'Starting development server at http://0:8000/Quit the server with CONTROL-C.
[2020-06-16 12:22:29,347][MwebServer.logger(MwebServer.py:52)][16330][INFO]:STOPPING
[2020-06-16 12:22:31,420][MwebServer.logger(MwebServer.py:52)][16330][INFO]:Stoped server, return code: -6
[2020-06-16 12:22:31,420][MwebServer.logger(MwebServer.py:52)][16330][INFO]:Monitor Stoped
[2020-06-16 12:22:31,420][MwebServer.logger(MwebServer.py:52)][16330][INFO]:Socket服务端会自动停止
[2020-06-16 12:22:33,328][MwebServer.logger(MwebServer.py:52)][17165][INFO]:   __  ____      _____/\
[2020-06-16 12:22:33,328][MwebServer.logger(MwebServer.py:52)][17165][INFO]:  /  |/  / | /| / / ___/
[2020-06-16 12:22:33,328][MwebServer.logger(MwebServer.py:52)][17165][INFO]: / /|_/ /| |/ |/ / /__  
[2020-06-16 12:22:33,328][MwebServer.logger(MwebServer.py:52)][17165][INFO]:/ /  /_/ |__/|__/\___/
[2020-06-16 12:22:33,328][MwebServer.logger(MwebServer.py:52)][17165][INFO]:\/
[2020-06-16 12:22:33,328][MwebServer.logger(MwebServer.py:52)][17165][INFO]:==== MCDRWEBCONSOLE ====
[2020-06-16 12:22:33,829][MwebServer.logger(MwebServer.py:52)][17165][INFO]:正在启动MCDR-WEBCONSOLE
[2020-06-16 12:22:33,829][MwebServer.logger(MwebServer.py:52)][17165][INFO]:上报BUG请联系 ixiaohei:
[2020-06-16 12:22:33,829][MwebServer.logger(MwebServer.py:52)][17165][INFO]:QQ: 486118772
[2020-06-16 12:22:33,829][MwebServer.logger(MwebServer.py:52)][17165][INFO]:MwebConsole is OpenSource, find it here:
[2020-06-16 12:22:33,829][MwebServer.logger(MwebServer.py:52)][17165][INFO]:GAYHUB: https://github.com/ixiaohei-sakura/
[2020-06-16 12:22:33,829][MwebServer.logger(MwebServer.py:52)][17165][INFO]:G-PROJECT: https://github.com/ixiaohei-sakura/MWConsole
[2020-06-16 12:22:33,829][MwebServer.logger(MwebServer.py:52)][17165][INFO]:ServerStarted. Quit the server with CONTROL-C
[2020-06-16 12:22:36,832][MwebServer.logger(MwebServer.py:52)][17165][INFO]:WSocketServer已启动, 等待网页端上线
[2020-06-16 12:22:36,833][MwebServer.logger(MwebServer.py:52)][17165][INFO]:SocketServer已启动, 等待客户端连接
[2020-06-16 12:22:36,833][MwebServer.logger(MwebServer.py:52)][17165][INFO]:检查必要的数据表
[2020-06-16 12:22:36,834][MwebServer.logger(MwebServer.py:52)][17165][INFO]:Server Running at PID:17214
[2020-06-16 12:22:36,834][MwebServer.logger(MwebServer.py:52)][17165][INFO]:Monitor Started
[2020-06-16 12:22:36,849][MwebServer.logger(MwebServer.py:52)][17165][INFO]:Django is nothing wrong
[2020-06-16 12:22:37,042][MwebServer.logger(MwebServer.py:52)][17165][INFO]:Operations to perform:  Apply all migrations: admin, auth, contenttypes, sessionsRunning migrations:  No migrations to apply.
[2020-06-16 12:22:39,136][MwebServer.logger(MwebServer.py:52)][17165][INFO]:Monitor Stoped
[2020-06-16 12:22:40,138][MwebServer.logger(MwebServer.py:52)][17165][INFO]:StartProcess
[2020-06-16 12:22:40,139][MwebServer.logger(MwebServer.py:52)][17165][INFO]:Server Running at PID:17232
[2020-06-16 12:22:40,140][MwebServer.logger(MwebServer.py:52)][17165][INFO]:Monitor Started
[2020-06-16 12:22:40,155][MwebServer.logger(MwebServer.py:52)][17165][INFO]:Django is nothing wrong
[2020-06-16 12:22:40,400][MwebServer.logger(MwebServer.py:52)][17165][INFO]:Django is nothing wrong
[2020-06-16 12:22:40,591][MwebServer.logger(MwebServer.py:52)][17165][INFO]:Performing system checks...
[2020-06-16 12:22:40,613][MwebServer.logger(MwebServer.py:52)][17165][INFO]:System check identified no issues (0 silenced).
[2020-06-16 12:22:40,631][MwebServer.logger(MwebServer.py:52)][17165][INFO]:June 16, 2020 - 04:22:40Django version 3.0.6, using settings 'MwebConsole.settings'Starting development server at http://0:8000/Quit the server with CONTROL-C.
[2020-06-16 12:22:52,411][MwebServer.logger(MwebServer.py:52)][17165][INFO]:STOPPING
[2020-06-16 12:22:54,487][MwebServer.logger(MwebServer.py:52)][17165][INFO]:Stoped server, return code: -6
[2020-06-16 12:22:54,487][MwebServer.logger(MwebServer.py:52)][17165][INFO]:Monitor Stoped
[2020-06-16 12:22:54,487][MwebServer.logger(MwebServer.py:52)][17165][INFO]:Socket服务端会自动停止
[2020-06-16 12:22:56,727][MwebServer.logger(MwebServer.py:52)][17372][INFO]:   __  ____      _____/\
[2020-06-16 12:22:56,727][MwebServer.logger(MwebServer.py:52)][17372][INFO]:  /  |/  / | /| / / ___/
[2020-06-16 12:22:56,728][MwebServer.logger(MwebServer.py:52)][17372][INFO]: / /|_/ /| |/ |/ / /__  
[2020-06-16 12:22:56,728][MwebServer.logger(MwebServer.py:52)][17372][INFO]:/ /  /_/ |__/|__/\___/
[2020-06-16 12:22:56,728][MwebServer.logger(MwebServer.py:52)][17372][INFO]:\/
[2020-06-16 12:22:56,728][MwebServer.logger(MwebServer.py:52)][17372][INFO]:==== MCDRWEBCONSOLE ====
[2020-06-16 12:22:57,228][MwebServer.logger(MwebServer.py:52)][17372][INFO]:正在启动MCDR-WEBCONSOLE
[2020-06-16 12:22:57,229][MwebServer.logger(MwebServer.py:52)][17372][INFO]:上报BUG请联系 ixiaohei:
[2020-06-16 12:22:57,229][MwebServer.logger(MwebServer.py:52)][17372][INFO]:QQ: 486118772
[2020-06-16 12:22:57,229][MwebServer.logger(MwebServer.py:52)][17372][INFO]:MwebConsole is OpenSource, find it here:
[2020-06-16 12:22:57,229][MwebServer.logger(MwebServer.py:52)][17372][INFO]:GAYHUB: https://github.com/ixiaohei-sakura/
[2020-06-16 12:22:57,229][MwebServer.logger(MwebServer.py:52)][17372][INFO]:G-PROJECT: https://github.com/ixiaohei-sakura/MWConsole
[2020-06-16 12:22:57,229][MwebServer.logger(MwebServer.py:52)][17372][INFO]:ServerStarted. Quit the server with CONTROL-C
[2020-06-16 12:23:00,233][MwebServer.logger(MwebServer.py:52)][17372][INFO]:WSocketServer已启动, 等待网页端上线
[2020-06-16 12:23:00,233][MwebServer.logger(MwebServer.py:52)][17372][INFO]:SocketServer已启动, 等待客户端连接
[2020-06-16 12:23:00,233][MwebServer.logger(MwebServer.py:52)][17372][INFO]:检查必要的数据表
[2020-06-16 12:23:00,233][MwebServer.logger(MwebServer.py:52)][17372][INFO]:WTF
[2020-06-16 12:23:00,240][MwebServer.logger(MwebServer.py:52)][17372][INFO]:Server Running at PID:17379
[2020-06-16 12:23:00,240][MwebServer.logger(MwebServer.py:52)][17372][INFO]:Monitor Started
[2020-06-16 12:23:00,255][MwebServer.logger(MwebServer.py:52)][17372][INFO]:Django is nothing wrong
[2020-06-16 12:23:00,479][MwebServer.logger(MwebServer.py:52)][17372][INFO]:Operations to perform:  Apply all migrations: admin, auth, contenttypes, sessionsRunning migrations:  No migrations to apply.
[2020-06-16 12:23:02,574][MwebServer.logger(MwebServer.py:52)][17372][INFO]:Monitor Stoped
[2020-06-16 12:23:02,574][MwebServer.logger(MwebServer.py:52)][17372][INFO]:StartProcess
[2020-06-16 12:23:02,575][MwebServer.logger(MwebServer.py:52)][17372][INFO]:Server Running at PID:17387
[2020-06-16 12:23:02,575][MwebServer.logger(MwebServer.py:52)][17372][INFO]:Monitor Started
[2020-06-16 12:23:02,591][MwebServer.logger(MwebServer.py:52)][17372][INFO]:Django is nothing wrong
[2020-06-16 12:23:02,817][MwebServer.logger(MwebServer.py:52)][17372][INFO]:Django is nothing wrong
[2020-06-16 12:23:03,023][MwebServer.logger(MwebServer.py:52)][17372][INFO]:Performing system checks...
[2020-06-16 12:23:03,096][MwebServer.logger(MwebServer.py:52)][17372][INFO]:System check identified no issues (0 silenced).
[2020-06-16 12:23:03,109][MwebServer.logger(MwebServer.py:52)][17372][INFO]:June 16, 2020 - 04:23:03Django version 3.0.6, using settings 'MwebConsole.settings'Starting development server at http://0:8000/Quit the server with CONTROL-C.
[2020-06-16 12:23:55,954][MwebServer.logger(MwebServer.py:52)][17372][INFO]:STOPPING
[2020-06-16 12:23:58,027][MwebServer.logger(MwebServer.py:52)][17372][INFO]:Stoped server, return code: -6
[2020-06-16 12:23:58,027][MwebServer.logger(MwebServer.py:52)][17372][INFO]:Socket服务端会自动停止
[2020-06-16 12:23:58,027][MwebServer.logger(MwebServer.py:52)][17372][INFO]:Monitor Stoped
[2020-06-16 12:24:01,898][MwebServer.logger(MwebServer.py:52)][17825][INFO]:   __  ____      _____/\
[2020-06-16 12:24:01,898][MwebServer.logger(MwebServer.py:52)][17825][INFO]:  /  |/  / | /| / / ___/
[2020-06-16 12:24:01,899][MwebServer.logger(MwebServer.py:52)][17825][INFO]: / /|_/ /| |/ |/ / /__  
[2020-06-16 12:24:01,899][MwebServer.logger(MwebServer.py:52)][17825][INFO]:/ /  /_/ |__/|__/\___/
[2020-06-16 12:24:01,899][MwebServer.logger(MwebServer.py:52)][17825][INFO]:\/
[2020-06-16 12:24:01,899][MwebServer.logger(MwebServer.py:52)][17825][INFO]:==== MCDRWEBCONSOLE ====
[2020-06-16 12:24:02,399][MwebServer.logger(MwebServer.py:52)][17825][INFO]:正在启动MCDR-WEBCONSOLE
[2020-06-16 12:24:02,399][MwebServer.logger(MwebServer.py:52)][17825][INFO]:上报BUG请联系 ixiaohei:
[2020-06-16 12:24:02,399][MwebServer.logger(MwebServer.py:52)][17825][INFO]:QQ: 486118772
[2020-06-16 12:24:02,399][MwebServer.logger(MwebServer.py:52)][17825][INFO]:MwebConsole is OpenSource, find it here:
[2020-06-16 12:24:02,399][MwebServer.logger(MwebServer.py:52)][17825][INFO]:GAYHUB: https://github.com/ixiaohei-sakura/
[2020-06-16 12:24:02,399][MwebServer.logger(MwebServer.py:52)][17825][INFO]:G-PROJECT: https://github.com/ixiaohei-sakura/MWConsole
[2020-06-16 12:24:02,400][MwebServer.logger(MwebServer.py:52)][17825][INFO]:ServerStarted. Quit the server with CONTROL-C
[2020-06-16 12:24:05,403][MwebServer.logger(MwebServer.py:52)][17825][INFO]:WSocketServer已启动, 等待网页端上线
[2020-06-16 12:24:05,404][MwebServer.logger(MwebServer.py:52)][17825][INFO]:SocketServer已启动, 等待客户端连接
[2020-06-16 12:24:05,404][MwebServer.logger(MwebServer.py:52)][17825][INFO]:检查必要的数据表
[2020-06-16 12:24:05,404][MwebServer.logger(MwebServer.py:52)][17825][INFO]:Server Running at PID:17870
[2020-06-16 12:24:05,405][MwebServer.logger(MwebServer.py:52)][17825][INFO]:Monitor Started
[2020-06-16 12:24:05,420][MwebServer.logger(MwebServer.py:52)][17825][INFO]:Django is nothing wrong
[2020-06-16 12:24:05,674][MwebServer.logger(MwebServer.py:52)][17825][INFO]:Operations to perform:  Apply all migrations: admin, auth, contenttypes, sessionsRunning migrations:  No migrations to apply.
[2020-06-16 12:24:07,765][MwebServer.logger(MwebServer.py:52)][17825][INFO]:Monitor Stoped
[2020-06-16 12:24:07,767][MwebServer.logger(MwebServer.py:52)][17825][INFO]:StartProcess
[2020-06-16 12:24:07,768][MwebServer.logger(MwebServer.py:52)][17825][INFO]:Server Running at PID:17882
[2020-06-16 12:24:07,768][MwebServer.logger(MwebServer.py:52)][17825][INFO]:Monitor Started
[2020-06-16 12:24:07,783][MwebServer.logger(MwebServer.py:52)][17825][INFO]:Django is nothing wrong
[2020-06-16 12:24:08,132][MwebServer.logger(MwebServer.py:52)][17825][INFO]:Django is nothing wrong
[2020-06-16 12:24:08,337][MwebServer.logger(MwebServer.py:52)][17825][INFO]:Performing system checks...
[2020-06-16 12:24:08,365][MwebServer.logger(MwebServer.py:52)][17825][INFO]:System check identified no issues (0 silenced).
[2020-06-16 12:24:08,394][MwebServer.logger(MwebServer.py:52)][17825][INFO]:June 16, 2020 - 04:24:08Django version 3.0.6, using settings 'MwebConsole.settings'Starting development server at http://0:8000/Quit the server with CONTROL-C.
[2020-06-16 12:24:19,594][MwebServer.logger(MwebServer.py:52)][17825][INFO]:STOPPING
[2020-06-16 12:24:21,667][MwebServer.logger(MwebServer.py:52)][17825][INFO]:Stoped server, return code: -6
[2020-06-16 12:24:21,668][MwebServer.logger(MwebServer.py:52)][17825][INFO]:Socket服务端会自动停止
[2020-06-16 12:24:21,668][MwebServer.logger(MwebServer.py:52)][17825][INFO]:Monitor Stoped
[2020-06-16 22:20:11,279][MwebServer.logger(MwebServer.py:52)][19803][INFO]:   __  ____      _____/\
[2020-06-16 22:20:11,279][MwebServer.logger(MwebServer.py:52)][19803][INFO]:  /  |/  / | /| / / ___/
[2020-06-16 22:20:11,279][MwebServer.logger(MwebServer.py:52)][19803][INFO]: / /|_/ /| |/ |/ / /__  
[2020-06-16 22:20:11,279][MwebServer.logger(MwebServer.py:52)][19803][INFO]:/ /  /_/ |__/|__/\___/
[2020-06-16 22:20:11,279][MwebServer.logger(MwebServer.py:52)][19803][INFO]:\/
[2020-06-16 22:20:11,279][MwebServer.logger(MwebServer.py:52)][19803][INFO]:==== MCDRWEBCONSOLE ====
[2020-06-16 22:20:11,780][MwebServer.logger(MwebServer.py:52)][19803][INFO]:正在启动MCDR-WEBCONSOLE
[2020-06-16 22:20:11,780][MwebServer.logger(MwebServer.py:52)][19803][INFO]:上报BUG请联系 ixiaohei:
[2020-06-16 22:20:11,780][MwebServer.logger(MwebServer.py:52)][19803][INFO]:QQ: 486118772
[2020-06-16 22:20:11,780][MwebServer.logger(MwebServer.py:52)][19803][INFO]:MwebConsole is OpenSource, find it here:
[2020-06-16 22:20:11,780][MwebServer.logger(MwebServer.py:52)][19803][INFO]:GAYHUB: https://github.com/ixiaohei-sakura/
[2020-06-16 22:20:11,780][MwebServer.logger(MwebServer.py:52)][19803][INFO]:G-PROJECT: https://github.com/ixiaohei-sakura/MWConsole
[2020-06-16 22:20:11,780][MwebServer.logger(MwebServer.py:52)][19803][INFO]:ServerStarted. Quit the server with CONTROL-C
[2020-06-16 22:20:14,781][MwebServer.logger(MwebServer.py:52)][19803][INFO]:WSocketServer已启动, 等待网页端上线
[2020-06-16 22:20:14,781][MwebServer.logger(MwebServer.py:52)][19803][INFO]:SocketServer已启动, 等待客户端连接
[2020-06-16 22:20:14,781][MwebServer.logger(MwebServer.py:52)][19803][INFO]:检查必要的数据表
[2020-06-16 22:20:14,782][MwebServer.logger(MwebServer.py:52)][19803][INFO]:Server Running at PID:19840
[2020-06-16 22:20:14,782][MwebServer.logger(MwebServer.py:52)][19803][INFO]:Monitor Started
[2020-06-16 22:20:14,798][MwebServer.logger(MwebServer.py:52)][19803][INFO]:Django is nothing wrong
[2020-06-16 22:20:14,987][MwebServer.logger(MwebServer.py:52)][19803][INFO]:Operations to perform:  Apply all migrations: admin, auth, contenttypes, sessionsRunning migrations:  No migrations to apply.
[2020-06-16 22:20:17,076][MwebServer.logger(MwebServer.py:52)][19803][INFO]:Monitor Stoped
[2020-06-16 22:20:17,078][MwebServer.logger(MwebServer.py:52)][19803][INFO]:StartProcess
[2020-06-16 22:20:17,079][MwebServer.logger(MwebServer.py:52)][19803][INFO]:Server Running at PID:19852
[2020-06-16 22:20:17,079][MwebServer.logger(MwebServer.py:52)][19803][INFO]:Monitor Started
[2020-06-16 22:20:17,094][MwebServer.logger(MwebServer.py:52)][19803][INFO]:Django is nothing wrong
[2020-06-16 22:20:17,284][MwebServer.logger(MwebServer.py:52)][19803][INFO]:Django is nothing wrong
[2020-06-16 22:20:17,859][MwebServer.logger(MwebServer.py:52)][19803][INFO]:Performing system checks...
[2020-06-16 22:20:17,896][MwebServer.logger(MwebServer.py:52)][19803][INFO]:System check identified no issues (0 silenced).
[2020-06-16 22:20:17,940][MwebServer.logger(MwebServer.py:52)][19803][INFO]:June 16, 2020 - 14:20:17Django version 3.0.6, using settings 'MwebConsole.settings'Starting development server at http://0:8000/Quit the server with CONTROL-C.
[2020-06-16 22:21:57,071][MwebServer.logger(MwebServer.py:52)][19803][INFO]:STOPPING
[2020-06-16 22:21:59,151][MwebServer.logger(MwebServer.py:52)][19803][INFO]:Stoped server, return code: -6
[2020-06-16 22:21:59,151][MwebServer.logger(MwebServer.py:52)][19803][INFO]:Monitor Stoped
[2020-06-16 22:21:59,152][MwebServer.logger(MwebServer.py:52)][19803][INFO]:Socket服务端会自动停止
