[2020-07-15 11:25:21,255][mlogger.logger(mlogger.py:42)][23674][INFO]:WSocketServer已启动, 等待网页端上线
[2020-07-15 11:25:21,264][mlogger.logger(mlogger.py:42)][23674][INFO]:SocketServer已启动, 等待客户端连接
[2020-07-15 11:25:21,265][mlogger.logger(mlogger.py:42)][23674][INFO]:检查必要的数据表
[2020-07-15 11:25:21,267][mlogger.logger(mlogger.py:42)][23674][INFO]:Server Running at PID:23678
[2020-07-15 11:25:21,886][mlogger.logger(mlogger.py:42)][23674][INFO]:Operations to perform:  Apply all migrations: admin, auth, contenttypes, sessionsRunning migrations:  No migrations to apply.
[2020-07-15 11:25:21,993][mlogger.logger(mlogger.py:42)][23674][INFO]:StartServerProcess
[2020-07-15 11:25:21,997][mlogger.logger(mlogger.py:42)][23674][INFO]:Server Running at PID:23679
[2020-07-15 11:25:21,998][mlogger.logger(mlogger.py:42)][23674][INFO]:    __  ____      _____/\
[2020-07-15 11:25:21,999][mlogger.logger(mlogger.py:42)][23674][INFO]:   /  |/  / | /| / / ___/
[2020-07-15 11:25:21,999][mlogger.logger(mlogger.py:42)][23674][INFO]:  / /|_/ /| |/ |/ / /__  
[2020-07-15 11:25:21,999][mlogger.logger(mlogger.py:42)][23674][INFO]: / /  /_/ |__/|__/\___/
[2020-07-15 11:25:21,999][mlogger.logger(mlogger.py:42)][23674][INFO]: \/
[2020-07-15 11:25:21,999][mlogger.logger(mlogger.py:42)][23674][INFO]:==== MCDRWEBCONSOLE ====
[2020-07-15 11:25:22,500][mlogger.logger(mlogger.py:42)][23674][INFO]:正在启动MCDR-WEBCONSOLE
[2020-07-15 11:25:22,500][mlogger.logger(mlogger.py:42)][23674][INFO]:上报BUG请联系 ixiaohei:
[2020-07-15 11:25:22,501][mlogger.logger(mlogger.py:42)][23674][INFO]:QQ: 486118772
[2020-07-15 11:25:22,501][mlogger.logger(mlogger.py:42)][23674][INFO]:mwc-httpserver is OpenSource, find it here:
[2020-07-15 11:25:22,501][mlogger.logger(mlogger.py:42)][23674][INFO]:GAYHUB: https://github.com/ixiaohei-sakura/
[2020-07-15 11:25:22,501][mlogger.logger(mlogger.py:42)][23674][INFO]:G-PROJECT: https://github.com/ixiaohei-sakura/MWConsole
[2020-07-15 11:25:22,501][mlogger.logger(mlogger.py:42)][23674][INFO]:ServerStarted. Quit the server with CONTROL-C
[2020-07-15 11:25:22,723][mlogger.logger(mlogger.py:42)][23674][INFO]:Performing system checks...
[2020-07-15 11:25:22,777][mlogger.logger(mlogger.py:42)][23674][INFO]:System check identified no issues (0 silenced).
[2020-07-15 11:25:22,831][mlogger.logger(mlogger.py:42)][23674][INFO]:July 15, 2020 - 03:25:22Django version 3.0.7, using settings 'MwebConsole.settings'Starting development server at http://0:8000/Quit the server with CONTROL-C.
[2020-07-15 11:25:25,004][mlogger.logger(mlogger.py:42)][23674][INFO]:==MWC正在监听标准输入流==
[2020-07-15 11:25:25,005][mlogger.logger(mlogger.py:42)][23674][INFO]:命令列表: 
[2020-07-15 11:25:25,005][mlogger.logger(mlogger.py:42)][23674][INFO]:restart: 重启web服务器
[2020-07-15 11:25:25,005][mlogger.logger(mlogger.py:42)][23674][INFO]:restart_: 重启MWC
[2020-07-15 11:25:25,005][mlogger.logger(mlogger.py:42)][23674][INFO]:start: 启动web服务器
[2020-07-15 11:25:25,006][mlogger.logger(mlogger.py:42)][23674][INFO]:stop: 停止MWC
[2020-07-15 11:25:25,006][mlogger.logger(mlogger.py:42)][23674][INFO]:stop_: 停止web服务器并等待启动
[2020-07-15 11:25:25,006][mlogger.logger(mlogger.py:42)][23674][INFO]:debug [True/False]开启/关闭debug模式
[2020-07-15 11:25:25,006][mlogger.logger(mlogger.py:42)][23674][INFO]:命令需以#m#开头, 例: #m#debug True
[2020-07-15 11:27:44,607][mlogger.logger(mlogger.py:42)][23674][INFO]:[15/Jul/2020 03:27:44] "GET / HTTP/1.1" 200 9604
[2020-07-15 11:27:44,663][mlogger.logger(mlogger.py:42)][23674][INFO]:[15/Jul/2020 03:27:44] "GET /css/mwc.main.css HTTP/1.1" 200 4658
[2020-07-15 11:27:44,716][mlogger.logger(mlogger.py:42)][23674][INFO]:[15/Jul/2020 03:27:44] "GET /css/bootstrap-4.3.1.css HTTP/1.1" 200 192348
[2020-07-15 11:27:44,772][mlogger.logger(mlogger.py:42)][23674][INFO]:[15/Jul/2020 03:27:44] "GET /js/jquery-3.4.1.min.js HTTP/1.1" 200 88145[15/Jul/2020 03:27:44] "GET /js/popper.min.js HTTP/1.1" 200 21004[15/Jul/2020 03:27:44] "GET /js/functions/check_browser.js HTTP/1.1" 200 237[15/Jul/2020 03:27:44] "GET /js/mwc.js HTTP/1.1" 200 578[15/Jul/2020 03:27:44] "GET /js/bootstrap-4.3.1.js HTTP/1.1" 200 131637[15/Jul/2020 03:27:44] "GET /js/functions/loadpage.js HTTP/1.1" 200 342[15/Jul/2020 03:27:44] "GET /js/functions/display.js HTTP/1.1" 200 1350[15/Jul/2020 03:27:44] "GET /js/functions/logger.js HTTP/1.1" 200 301[15/Jul/2020 03:27:44] "GET /js/pages/smanage.js HTTP/1.1" 200 30[15/Jul/2020 03:27:44] "GET /js/pages/login.js HTTP/1.1" 200 2645[15/Jul/2020 03:27:44] "GET /js/pages/main.js HTTP/1.1" 200 22[15/Jul/2020 03:27:44] "GET /js/functions/page_clock.js HTTP/1.1" 200 690[15/Jul/2020 03:27:44] "GET /js/pages/shell.js HTTP/1.1" 200 2421background.jpg[15/Jul/2020 03:27:44] "GET /js/ws/websocket_main.js HTTP/1.1" 200 86
[2020-07-15 11:27:44,827][mlogger.logger(mlogger.py:42)][23674][INFO]:[15/Jul/2020 03:27:44] "GET /js/mwc.main.js HTTP/1.1" 200 710[15/Jul/2020 03:27:44] "GET /images/background.jpg HTTP/1.1" 200 50967
[2020-07-15 11:27:45,252][mlogger.logger(mlogger.py:42)][23674][INFO]:logo.png
[2020-07-15 11:27:45,304][mlogger.logger(mlogger.py:42)][23674][INFO]:[15/Jul/2020 03:27:45] "GET /images/logo.png HTTP/1.1" 200 3868
[2020-07-15 11:28:24,262][mlogger.logger(mlogger.py:42)][23674][INFO]:[15/Jul/2020 03:28:24] "GET / HTTP/1.1" 200 9604
[2020-07-15 11:28:24,314][mlogger.logger(mlogger.py:42)][23674][INFO]:[15/Jul/2020 03:28:24] "GET /css/mwc.main.css HTTP/1.1" 200 4658[15/Jul/2020 03:28:24] "GET /css/bootstrap-4.3.1.css HTTP/1.1" 200 192348
[2020-07-15 11:28:24,368][mlogger.logger(mlogger.py:42)][23674][INFO]:[15/Jul/2020 03:28:24] "GET /js/jquery-3.4.1.min.js HTTP/1.1" 200 88145[15/Jul/2020 03:28:24] "GET /js/mwc.js HTTP/1.1" 200 578[15/Jul/2020 03:28:24] "GET /js/functions/display.js HTTP/1.1" 200 1350[15/Jul/2020 03:28:24] "GET /js/bootstrap-4.3.1.js HTTP/1.1" 200 131637[15/Jul/2020 03:28:24] "GET /js/popper.min.js HTTP/1.1" 200 21004[15/Jul/2020 03:28:24] "GET /js/functions/check_browser.js HTTP/1.1" 200 237[15/Jul/2020 03:28:24] "GET /js/functions/logger.js HTTP/1.1" 200 301[15/Jul/2020 03:28:24] "GET /js/functions/page_clock.js HTTP/1.1" 200 690[15/Jul/2020 03:28:24] "GET /js/pages/login.js HTTP/1.1" 200 2645[15/Jul/2020 03:28:24] "GET /js/functions/loadpage.js HTTP/1.1" 200 342[15/Jul/2020 03:28:24] "GET /js/pages/smanage.js HTTP/1.1" 200 30[15/Jul/2020 03:28:24] "GET /js/pages/main.js HTTP/1.1" 200 22[15/Jul/2020 03:28:24] "GET /js/pages/shell.js HTTP/1.1" 200 2421[15/Jul/2020 03:28:24] "GET /js/ws/websocket_main.js HTTP/1.1" 200 86background.jpg
[2020-07-15 11:28:24,422][mlogger.logger(mlogger.py:42)][23674][INFO]:[15/Jul/2020 03:28:24] "GET /js/mwc.main.js HTTP/1.1" 200 710[15/Jul/2020 03:28:24] "GET /images/background.jpg HTTP/1.1" 200 50967
[2020-07-15 11:28:24,632][mlogger.logger(mlogger.py:42)][23674][INFO]:logo.png[15/Jul/2020 03:28:24] "GET /images/logo.png HTTP/1.1" 200 3868
[2020-07-15 11:32:13,251][mlogger.logger(mlogger.py:42)][23674][INFO]:STOPPING
[2020-07-15 11:32:13,305][mlogger.logger(mlogger.py:42)][23674][INFO]:Stoped server, return code: 0
[2020-07-15 11:32:13,307][mlogger.logger(mlogger.py:42)][23674][INFO]:服务器状态: 服务器已自行停止/SERVER_stoped_by_ITSELF
[2020-07-15 11:32:13,307][mlogger.logger(mlogger.py:42)][23674][INFO]:Thank you and goodBye! :)
[2020-07-15 11:32:13,363][mlogger.logger(mlogger.py:42)][23674][INFO]:退出主程序
