[2020-07-29 21:23:08,575][mlogger.__print(mlogger.py:35)][96937][INFO]:WSocketServer已启动, 等待网页端上线, 监听地址为 127.0.0.1:3548
[2020-07-29 21:23:08,582][mlogger.__print(mlogger.py:35)][96937][INFO]:SocketServer已启动, 等待客户端连接, 监听地址为 127.0.0.1:3547
[2020-07-29 21:23:08,582][mlogger.__print(mlogger.py:35)][96937][INFO]:检查必要的数据表
[2020-07-29 21:23:08,584][mlogger.__print(mlogger.py:35)][96937][INFO]:Server Running at PID:96941
[2020-07-29 21:23:09,106][mlogger.__print(mlogger.py:35)][96937][INFO]:Operations to perform:  Apply all migrations: admin, auth, contenttypes, sessions
[2020-07-29 21:23:09,157][mlogger.__print(mlogger.py:35)][96937][INFO]:Running migrations:  No migrations to apply.
[2020-07-29 21:23:09,211][mlogger.__print(mlogger.py:35)][96937][INFO]:服务器启动/初始化成功/initialized
[2020-07-29 21:23:09,715][mlogger.__print(mlogger.py:35)][96937][INFO]:StartServerProcess
[2020-07-29 21:23:09,719][mlogger.__print(mlogger.py:35)][96937][INFO]:Server Running at PID:96942
[2020-07-29 21:23:09,720][mlogger.__print(mlogger.py:35)][96937][INFO]:    __  ____      _____/\
[2020-07-29 21:23:09,721][mlogger.__print(mlogger.py:35)][96937][INFO]:   /  |/  / | /| / / ___/
[2020-07-29 21:23:09,721][mlogger.__print(mlogger.py:35)][96937][INFO]:  / /|_/ /| |/ |/ / /__  
[2020-07-29 21:23:09,721][mlogger.__print(mlogger.py:35)][96937][INFO]: / /  /_/ |__/|__/\___/
[2020-07-29 21:23:09,721][mlogger.__print(mlogger.py:35)][96937][INFO]: \/
[2020-07-29 21:23:09,721][mlogger.__print(mlogger.py:35)][96937][INFO]:==== MCDRWEBCONSOLE ====
[2020-07-29 21:23:10,222][mlogger.__print(mlogger.py:35)][96937][INFO]:正在启动MCDR-WEBCONSOLE
[2020-07-29 21:23:10,222][mlogger.__print(mlogger.py:35)][96937][INFO]:上报BUG请联系 ixiaohei:
[2020-07-29 21:23:10,223][mlogger.__print(mlogger.py:35)][96937][INFO]:QQ: 486118772
[2020-07-29 21:23:10,223][mlogger.__print(mlogger.py:35)][96937][INFO]:mwc-httpserver is OpenSource, find it here:
[2020-07-29 21:23:10,223][mlogger.__print(mlogger.py:35)][96937][INFO]:GAYHUB: https://github.com/ixiaohei-sakura/
[2020-07-29 21:23:10,223][mlogger.__print(mlogger.py:35)][96937][INFO]:G-PROJECT: https://github.com/ixiaohei-sakura/MWConsole
[2020-07-29 21:23:10,223][mlogger.__print(mlogger.py:35)][96937][INFO]:ServerStarted. Quit the server with CONTROL-C
[2020-07-29 21:23:10,390][mlogger.__print(mlogger.py:35)][96937][INFO]:Performing system checks...
[2020-07-29 21:23:10,441][mlogger.__print(mlogger.py:35)][96937][INFO]:System check identified no issues (0 silenced).July 29, 2020 - 13:23:10Django version 3.0.7, using settings 'MwebConsole.settings'Starting development server at http://0:8000/Quit the server with CONTROL-C.
[2020-07-29 21:23:12,722][mlogger.__print(mlogger.py:35)][96937][INFO]:==MWC正在监听标准输入流==
[2020-07-29 21:23:12,722][mlogger.__print(mlogger.py:35)][96937][INFO]:命令列表: 
[2020-07-29 21:23:12,722][mlogger.__print(mlogger.py:35)][96937][INFO]:restart: 重启web服务器
[2020-07-29 21:23:12,723][mlogger.__print(mlogger.py:35)][96937][INFO]:restart_: 重启MWC
[2020-07-29 21:23:12,723][mlogger.__print(mlogger.py:35)][96937][INFO]:start: 启动web服务器
[2020-07-29 21:23:12,723][mlogger.__print(mlogger.py:35)][96937][INFO]:stop: 停止MWC
[2020-07-29 21:23:12,724][mlogger.__print(mlogger.py:35)][96937][INFO]:stop_: 停止web服务器并等待启动
[2020-07-29 21:23:12,724][mlogger.__print(mlogger.py:35)][96937][INFO]:debug [True/False]开启/关闭debug模式
[2020-07-29 21:23:12,724][mlogger.__print(mlogger.py:35)][96937][INFO]:命令需以#m#开头, 例: #m#debug True
[2020-07-29 21:46:54,997][mlogger.__print(mlogger.py:35)][96937][INFO]:STOPPING
[2020-07-29 21:46:55,050][mlogger.__print(mlogger.py:35)][96937][INFO]:Stoped server, return code: 0
[2020-07-29 21:46:55,051][mlogger.__print(mlogger.py:35)][96937][INFO]:服务器状态: 服务器已自行停止/SERVER_stoped_by_ITSELF
[2020-07-29 21:46:55,051][mlogger.__print(mlogger.py:35)][96937][INFO]:Thank you and goodBye! :)
[2020-07-29 21:46:55,106][mlogger.__print(mlogger.py:35)][96937][INFO]:退出主程序
