[2020-06-18 12:08:07,779][MwebServer.logger(MwebServer.py:53)][8186][INFO]:   __  ____      _____/\
[2020-06-18 12:08:07,779][MwebServer.logger(MwebServer.py:53)][8186][INFO]:  /  |/  / | /| / / ___/
[2020-06-18 12:08:07,779][MwebServer.logger(MwebServer.py:53)][8186][INFO]: / /|_/ /| |/ |/ / /__  
[2020-06-18 12:08:07,779][MwebServer.logger(MwebServer.py:53)][8186][INFO]:/ /  /_/ |__/|__/\___/
[2020-06-18 12:08:07,779][MwebServer.logger(MwebServer.py:53)][8186][INFO]:\/
[2020-06-18 12:08:07,779][MwebServer.logger(MwebServer.py:53)][8186][INFO]:==== MCDRWEBCONSOLE ====
[2020-06-18 12:08:08,280][MwebServer.logger(MwebServer.py:53)][8186][INFO]:正在启动MCDR-WEBCONSOLE
[2020-06-18 12:08:08,280][MwebServer.logger(MwebServer.py:53)][8186][INFO]:上报BUG请联系 ixiaohei:
[2020-06-18 12:08:08,280][MwebServer.logger(MwebServer.py:53)][8186][INFO]:QQ: 486118772
[2020-06-18 12:08:08,280][MwebServer.logger(MwebServer.py:53)][8186][INFO]:MwebConsole is OpenSource, find it here:
[2020-06-18 12:08:08,280][MwebServer.logger(MwebServer.py:53)][8186][INFO]:GAYHUB: https://github.com/ixiaohei-sakura/
[2020-06-18 12:08:08,280][MwebServer.logger(MwebServer.py:53)][8186][INFO]:G-PROJECT: https://github.com/ixiaohei-sakura/MWConsole
[2020-06-18 12:08:08,280][MwebServer.logger(MwebServer.py:53)][8186][INFO]:ServerStarted. Quit the server with CONTROL-C
[2020-06-18 12:08:11,281][MwebServer.logger(MwebServer.py:53)][8186][INFO]:WSocketServer已启动, 等待网页端上线
[2020-06-18 12:08:11,281][MwebServer.logger(MwebServer.py:53)][8186][INFO]:SocketServer已启动, 等待客户端连接
[2020-06-18 12:08:11,282][MwebServer.logger(MwebServer.py:53)][8186][INFO]:检查必要的数据表
[2020-06-18 12:08:11,282][MwebServer.logger(MwebServer.py:53)][8186][INFO]:Server Running at PID:8189
[2020-06-18 12:08:11,283][MwebServer.logger(MwebServer.py:53)][8186][INFO]:Monitor Started
[2020-06-18 12:08:11,298][MwebServer.logger(MwebServer.py:53)][8186][INFO]:Django is nothing wrong
[2020-06-18 12:08:11,580][MwebServer.logger(MwebServer.py:53)][8186][INFO]:Operations to perform:  Apply all migrations: admin, auth, contenttypes, sessionsRunning migrations:  No migrations to apply.
[2020-06-18 12:08:17,208][MwebServer.logger(MwebServer.py:53)][8186][INFO]:Monitor Stoped
[2020-06-18 12:08:17,208][MwebServer.logger(MwebServer.py:53)][8186][INFO]:StartProcess
[2020-06-18 12:08:17,209][MwebServer.logger(MwebServer.py:53)][8186][INFO]:Server Running at PID:8238
[2020-06-18 12:08:17,209][MwebServer.logger(MwebServer.py:53)][8186][INFO]:Monitor Started
[2020-06-18 12:08:17,225][MwebServer.logger(MwebServer.py:53)][8186][INFO]:Django is nothing wrong
[2020-06-18 12:08:17,426][MwebServer.logger(MwebServer.py:53)][8186][INFO]:Django is nothing wrong
[2020-06-18 12:08:17,686][MwebServer.logger(MwebServer.py:53)][8186][INFO]:Performing system checks...
[2020-06-18 12:08:17,746][MwebServer.logger(MwebServer.py:53)][8186][INFO]:System check identified no issues (0 silenced).
[2020-06-18 12:08:17,767][MwebServer.logger(MwebServer.py:53)][8186][INFO]:June 18, 2020 - 04:08:17Django version 3.0.6, using settings 'MwebConsole.settings'Starting development server at http://0:8000/Quit the server with CONTROL-C.
[2020-06-18 12:08:38,124][MwebServer.logger(MwebServer.py:53)][8186][INFO]:STOPPING
[2020-06-18 12:08:40,226][MwebServer.logger(MwebServer.py:53)][8186][INFO]:Stoped server, return code: -6
[2020-06-18 12:08:40,227][MwebServer.logger(MwebServer.py:53)][8186][INFO]:Socket服务端会自动停止
[2020-06-18 12:08:42,347][MwebServer.logger(MwebServer.py:53)][8332][INFO]:   __  ____      _____/\
[2020-06-18 12:08:42,347][MwebServer.logger(MwebServer.py:53)][8332][INFO]:  /  |/  / | /| / / ___/
[2020-06-18 12:08:42,347][MwebServer.logger(MwebServer.py:53)][8332][INFO]: / /|_/ /| |/ |/ / /__  
[2020-06-18 12:08:42,347][MwebServer.logger(MwebServer.py:53)][8332][INFO]:/ /  /_/ |__/|__/\___/
[2020-06-18 12:08:42,347][MwebServer.logger(MwebServer.py:53)][8332][INFO]:\/
[2020-06-18 12:08:42,347][MwebServer.logger(MwebServer.py:53)][8332][INFO]:==== MCDRWEBCONSOLE ====
[2020-06-18 12:08:42,848][MwebServer.logger(MwebServer.py:53)][8332][INFO]:正在启动MCDR-WEBCONSOLE
[2020-06-18 12:08:42,848][MwebServer.logger(MwebServer.py:53)][8332][INFO]:上报BUG请联系 ixiaohei:
[2020-06-18 12:08:42,848][MwebServer.logger(MwebServer.py:53)][8332][INFO]:QQ: 486118772
[2020-06-18 12:08:42,848][MwebServer.logger(MwebServer.py:53)][8332][INFO]:MwebConsole is OpenSource, find it here:
[2020-06-18 12:08:42,848][MwebServer.logger(MwebServer.py:53)][8332][INFO]:GAYHUB: https://github.com/ixiaohei-sakura/
[2020-06-18 12:08:42,848][MwebServer.logger(MwebServer.py:53)][8332][INFO]:G-PROJECT: https://github.com/ixiaohei-sakura/MWConsole
[2020-06-18 12:08:42,848][MwebServer.logger(MwebServer.py:53)][8332][INFO]:ServerStarted. Quit the server with CONTROL-C
[2020-06-18 12:08:45,852][MwebServer.logger(MwebServer.py:53)][8332][INFO]:WSocketServer已启动, 等待网页端上线
[2020-06-18 12:08:45,852][MwebServer.logger(MwebServer.py:53)][8332][INFO]:SocketServer已启动, 等待客户端连接
[2020-06-18 12:08:45,852][MwebServer.logger(MwebServer.py:53)][8332][INFO]:检查必要的数据表
[2020-06-18 12:08:45,853][MwebServer.logger(MwebServer.py:53)][8332][INFO]:Server Running at PID:8370
[2020-06-18 12:08:45,854][MwebServer.logger(MwebServer.py:53)][8332][INFO]:Monitor Started
[2020-06-18 12:08:45,874][MwebServer.logger(MwebServer.py:53)][8332][INFO]:Django is nothing wrong
[2020-06-18 12:08:46,106][MwebServer.logger(MwebServer.py:53)][8332][INFO]:Operations to perform:  Apply all migrations: admin, auth, contenttypes, sessionsRunning migrations:  No migrations to apply.
[2020-06-18 12:08:48,195][MwebServer.logger(MwebServer.py:53)][8332][INFO]:Monitor Stoped
[2020-06-18 12:08:48,195][MwebServer.logger(MwebServer.py:53)][8332][INFO]:StartProcess
[2020-06-18 12:08:48,196][MwebServer.logger(MwebServer.py:53)][8332][INFO]:Server Running at PID:8380
[2020-06-18 12:08:48,197][MwebServer.logger(MwebServer.py:53)][8332][INFO]:Monitor Started
[2020-06-18 12:08:48,212][MwebServer.logger(MwebServer.py:53)][8332][INFO]:Django is nothing wrong
[2020-06-18 12:08:48,480][MwebServer.logger(MwebServer.py:53)][8332][INFO]:Django is nothing wrong
[2020-06-18 12:08:48,674][MwebServer.logger(MwebServer.py:53)][8332][INFO]:Performing system checks...
[2020-06-18 12:08:48,708][MwebServer.logger(MwebServer.py:53)][8332][INFO]:System check identified no issues (0 silenced).
[2020-06-18 12:08:48,726][MwebServer.logger(MwebServer.py:53)][8332][INFO]:June 18, 2020 - 04:08:48Django version 3.0.6, using settings 'MwebConsole.settings'Starting development server at http://0:8000/Quit the server with CONTROL-C.
[2020-06-18 12:13:38,785][MwebServer.logger(MwebServer.py:53)][8332][INFO]:STOPPING
[2020-06-18 12:13:40,858][MwebServer.logger(MwebServer.py:53)][8332][INFO]:Stoped server, return code: -6
[2020-06-18 12:13:40,858][MwebServer.logger(MwebServer.py:53)][8332][INFO]:Socket服务端会自动停止
[2020-06-18 12:13:40,859][MwebServer.logger(MwebServer.py:53)][8332][INFO]:Monitor Stoped
