[2020-06-13 08:19:33,855][MwebServer.logger(MwebServer.py:52)][25194][INFO]:STOPPING
[2020-06-13 08:19:35,928][MwebServer.logger(MwebServer.py:52)][25194][INFO]:Stoped server, return code: -6
[2020-06-13 08:19:35,928][MwebServer.logger(MwebServer.py:52)][25194][INFO]:Socket服务端会自动停止
[2020-06-13 08:19:37,469][MwebServer.logger(MwebServer.py:52)][12981][INFO]:   __  ____      _______
[2020-06-13 08:19:37,469][MwebServer.logger(MwebServer.py:52)][12981][INFO]:  /  |/  / | /| / / ___/
[2020-06-13 08:19:37,470][MwebServer.logger(MwebServer.py:52)][12981][INFO]: / /|_/ /| |/ |/ / /__  
[2020-06-13 08:19:37,470][MwebServer.logger(MwebServer.py:52)][12981][INFO]:/_/  /_/ |__/|__/\___/
[2020-06-13 08:19:37,470][MwebServer.logger(MwebServer.py:52)][12981][INFO]:       === M C D R W E B C O N S O L E ===
[2020-06-13 08:19:37,970][MwebServer.logger(MwebServer.py:52)][12981][INFO]:正在启动MCDR-WEBCONSOLE
[2020-06-13 08:19:37,970][MwebServer.logger(MwebServer.py:52)][12981][INFO]:上报BUG请联系 ixiaohei:
[2020-06-13 08:19:37,970][MwebServer.logger(MwebServer.py:52)][12981][INFO]:上报BUG请联系 ixiaohei:
[2020-06-13 08:19:37,970][MwebServer.logger(MwebServer.py:52)][12981][INFO]:QQ: 486118772
[2020-06-13 08:19:37,970][MwebServer.logger(MwebServer.py:52)][12981][INFO]:QQ: 486118772
[2020-06-13 08:19:40,973][MwebServer.logger(MwebServer.py:52)][12981][INFO]:WSocketServer已启动, 等待网页端上线
[2020-06-13 08:19:40,973][MwebServer.logger(MwebServer.py:52)][12981][INFO]:WSocketServer已启动, 等待网页端上线
[2020-06-13 08:19:40,974][MwebServer.logger(MwebServer.py:52)][12981][INFO]:SocketServer已启动, 等待客户端连接
[2020-06-13 08:19:40,974][MwebServer.logger(MwebServer.py:52)][12981][INFO]:SocketServer已启动, 等待客户端连接
[2020-06-13 08:19:40,974][MwebServer.logger(MwebServer.py:52)][12981][INFO]:检查必要的数据表
[2020-06-13 08:19:40,974][MwebServer.logger(MwebServer.py:52)][12981][INFO]:检查必要的数据表
[2020-06-13 08:19:40,975][MwebServer.logger(MwebServer.py:52)][12981][INFO]:Server Running at PID:12984
[2020-06-13 08:19:40,975][MwebServer.logger(MwebServer.py:52)][12981][INFO]:Server Running at PID:12984
[2020-06-13 08:19:40,975][MwebServer.logger(MwebServer.py:52)][12981][INFO]:Monitor Started
[2020-06-13 08:19:40,975][MwebServer.logger(MwebServer.py:52)][12981][INFO]:Monitor Started
[2020-06-13 08:19:40,990][MwebServer.logger(MwebServer.py:52)][12981][INFO]:Django is nothing wrong
[2020-06-13 08:19:40,990][MwebServer.logger(MwebServer.py:52)][12981][INFO]:Django is nothing wrong
[2020-06-13 08:19:41,191][MwebServer.logger(MwebServer.py:52)][12981][INFO]:Operations to perform:  Apply all migrations: admin, auth, contenttypes, sessionsRunning migrations:  No migrations to apply.
[2020-06-13 08:19:41,191][MwebServer.logger(MwebServer.py:52)][12981][INFO]:Operations to perform:  Apply all migrations: admin, auth, contenttypes, sessionsRunning migrations:  No migrations to apply.
[2020-06-13 08:19:43,280][MwebServer.logger(MwebServer.py:52)][12981][INFO]:Monitor Stoped
[2020-06-13 08:19:43,280][MwebServer.logger(MwebServer.py:52)][12981][INFO]:Monitor Stoped
[2020-06-13 08:19:43,280][MwebServer.logger(MwebServer.py:52)][12981][INFO]:StartProcess
[2020-06-13 08:19:43,280][MwebServer.logger(MwebServer.py:52)][12981][INFO]:StartProcess
[2020-06-13 08:19:43,281][MwebServer.logger(MwebServer.py:52)][12981][INFO]:Server Running at PID:12994
[2020-06-13 08:19:43,281][MwebServer.logger(MwebServer.py:52)][12981][INFO]:Server Running at PID:12994
[2020-06-13 08:19:43,281][MwebServer.logger(MwebServer.py:52)][12981][INFO]:Monitor Started
[2020-06-13 08:19:43,281][MwebServer.logger(MwebServer.py:52)][12981][INFO]:Monitor Started
[2020-06-13 08:19:43,297][MwebServer.logger(MwebServer.py:52)][12981][INFO]:Django is nothing wrong
[2020-06-13 08:19:43,297][MwebServer.logger(MwebServer.py:52)][12981][INFO]:Django is nothing wrong
[2020-06-13 08:19:43,480][MwebServer.logger(MwebServer.py:52)][12981][INFO]:Django is nothing wrong
[2020-06-13 08:19:43,480][MwebServer.logger(MwebServer.py:52)][12981][INFO]:Django is nothing wrong
[2020-06-13 08:19:43,693][MwebServer.logger(MwebServer.py:52)][12981][INFO]:Performing system checks...
[2020-06-13 08:19:43,693][MwebServer.logger(MwebServer.py:52)][12981][INFO]:Performing system checks...
[2020-06-13 08:19:43,733][MwebServer.logger(MwebServer.py:52)][12981][INFO]:System check identified no issues (0 silenced).
[2020-06-13 08:19:43,733][MwebServer.logger(MwebServer.py:52)][12981][INFO]:System check identified no issues (0 silenced).
[2020-06-13 08:19:43,766][MwebServer.logger(MwebServer.py:52)][12981][INFO]:June 13, 2020 - 00:19:43Django version 3.0.6, using settings 'MwebConsole.settings'Starting development server at http://0:8000/Quit the server with CONTROL-C.
[2020-06-13 08:19:43,766][MwebServer.logger(MwebServer.py:52)][12981][INFO]:June 13, 2020 - 00:19:43Django version 3.0.6, using settings 'MwebConsole.settings'Starting development server at http://0:8000/Quit the server with CONTROL-C.
[2020-06-13 08:20:05,430][MwebServer.logger(MwebServer.py:52)][12981][INFO]:STOPPING
[2020-06-13 08:20:05,430][MwebServer.logger(MwebServer.py:52)][12981][INFO]:STOPPING
[2020-06-13 08:20:07,504][MwebServer.logger(MwebServer.py:52)][12981][INFO]:Stoped server, return code: -6
[2020-06-13 08:20:07,504][MwebServer.logger(MwebServer.py:52)][12981][INFO]:Stoped server, return code: -6
[2020-06-13 08:20:07,504][MwebServer.logger(MwebServer.py:52)][12981][INFO]:Monitor Stoped
[2020-06-13 08:20:07,504][MwebServer.logger(MwebServer.py:52)][12981][INFO]:Monitor Stoped
[2020-06-13 08:20:07,504][MwebServer.logger(MwebServer.py:52)][12981][INFO]:Socket服务端会自动停止
[2020-06-13 08:20:07,504][MwebServer.logger(MwebServer.py:52)][12981][INFO]:Socket服务端会自动停止
[2020-06-13 08:20:10,125][MwebServer.logger(MwebServer.py:52)][13154][INFO]:   __  ____      _______
[2020-06-13 08:20:10,125][MwebServer.logger(MwebServer.py:52)][13154][INFO]:  /  |/  / | /| / / ___/
[2020-06-13 08:20:10,125][MwebServer.logger(MwebServer.py:52)][13154][INFO]: / /|_/ /| |/ |/ / /__  
[2020-06-13 08:20:10,125][MwebServer.logger(MwebServer.py:52)][13154][INFO]:/_/  /_/ |__/|__/\___/
[2020-06-13 08:20:10,125][MwebServer.logger(MwebServer.py:52)][13154][INFO]:=== MCDRWEBCONSOLE ===
[2020-06-13 08:20:10,625][MwebServer.logger(MwebServer.py:52)][13154][INFO]:正在启动MCDR-WEBCONSOLE
[2020-06-13 08:20:10,625][MwebServer.logger(MwebServer.py:52)][13154][INFO]:上报BUG请联系 ixiaohei:
[2020-06-13 08:20:10,625][MwebServer.logger(MwebServer.py:52)][13154][INFO]:上报BUG请联系 ixiaohei:
[2020-06-13 08:20:10,625][MwebServer.logger(MwebServer.py:52)][13154][INFO]:QQ: 486118772
[2020-06-13 08:20:10,625][MwebServer.logger(MwebServer.py:52)][13154][INFO]:QQ: 486118772
[2020-06-13 08:20:13,626][MwebServer.logger(MwebServer.py:52)][13154][INFO]:WSocketServer已启动, 等待网页端上线
[2020-06-13 08:20:13,626][MwebServer.logger(MwebServer.py:52)][13154][INFO]:WSocketServer已启动, 等待网页端上线
[2020-06-13 08:20:13,627][MwebServer.logger(MwebServer.py:52)][13154][INFO]:SocketServer已启动, 等待客户端连接
[2020-06-13 08:20:13,627][MwebServer.logger(MwebServer.py:52)][13154][INFO]:SocketServer已启动, 等待客户端连接
[2020-06-13 08:20:13,627][MwebServer.logger(MwebServer.py:52)][13154][INFO]:检查必要的数据表
[2020-06-13 08:20:13,627][MwebServer.logger(MwebServer.py:52)][13154][INFO]:检查必要的数据表
[2020-06-13 08:20:13,628][MwebServer.logger(MwebServer.py:52)][13154][INFO]:Server Running at PID:13179
[2020-06-13 08:20:13,628][MwebServer.logger(MwebServer.py:52)][13154][INFO]:Server Running at PID:13179
[2020-06-13 08:20:13,628][MwebServer.logger(MwebServer.py:52)][13154][INFO]:Monitor Started
[2020-06-13 08:20:13,628][MwebServer.logger(MwebServer.py:52)][13154][INFO]:Monitor Started
[2020-06-13 08:20:13,644][MwebServer.logger(MwebServer.py:52)][13154][INFO]:Django is nothing wrong
[2020-06-13 08:20:13,644][MwebServer.logger(MwebServer.py:52)][13154][INFO]:Django is nothing wrong
[2020-06-13 08:20:13,999][MwebServer.logger(MwebServer.py:52)][13154][INFO]:Operations to perform:  Apply all migrations: admin, auth, contenttypes, sessionsRunning migrations:  No migrations to apply.
[2020-06-13 08:20:13,999][MwebServer.logger(MwebServer.py:52)][13154][INFO]:Operations to perform:  Apply all migrations: admin, auth, contenttypes, sessionsRunning migrations:  No migrations to apply.
[2020-06-13 08:20:16,105][MwebServer.logger(MwebServer.py:52)][13154][INFO]:Monitor Stoped
[2020-06-13 08:20:16,105][MwebServer.logger(MwebServer.py:52)][13154][INFO]:Monitor Stoped
[2020-06-13 08:20:16,105][MwebServer.logger(MwebServer.py:52)][13154][INFO]:StartProcess
[2020-06-13 08:20:16,105][MwebServer.logger(MwebServer.py:52)][13154][INFO]:StartProcess
[2020-06-13 08:20:16,106][MwebServer.logger(MwebServer.py:52)][13154][INFO]:Server Running at PID:13222
[2020-06-13 08:20:16,106][MwebServer.logger(MwebServer.py:52)][13154][INFO]:Server Running at PID:13222
[2020-06-13 08:20:16,106][MwebServer.logger(MwebServer.py:52)][13154][INFO]:Monitor Started
[2020-06-13 08:20:16,106][MwebServer.logger(MwebServer.py:52)][13154][INFO]:Monitor Started
[2020-06-13 08:20:16,122][MwebServer.logger(MwebServer.py:52)][13154][INFO]:Django is nothing wrong
[2020-06-13 08:20:16,122][MwebServer.logger(MwebServer.py:52)][13154][INFO]:Django is nothing wrong
[2020-06-13 08:20:16,345][MwebServer.logger(MwebServer.py:52)][13154][INFO]:Django is nothing wrong
[2020-06-13 08:20:16,345][MwebServer.logger(MwebServer.py:52)][13154][INFO]:Django is nothing wrong
[2020-06-13 08:20:16,526][MwebServer.logger(MwebServer.py:52)][13154][INFO]:Performing system checks...
[2020-06-13 08:20:16,526][MwebServer.logger(MwebServer.py:52)][13154][INFO]:Performing system checks...
[2020-06-13 08:20:16,560][MwebServer.logger(MwebServer.py:52)][13154][INFO]:System check identified no issues (0 silenced).
[2020-06-13 08:20:16,560][MwebServer.logger(MwebServer.py:52)][13154][INFO]:System check identified no issues (0 silenced).
[2020-06-13 08:20:16,575][MwebServer.logger(MwebServer.py:52)][13154][INFO]:June 13, 2020 - 00:20:16Django version 3.0.6, using settings 'MwebConsole.settings'Starting development server at http://0:8000/Quit the server with CONTROL-C.
[2020-06-13 08:20:16,575][MwebServer.logger(MwebServer.py:52)][13154][INFO]:June 13, 2020 - 00:20:16Django version 3.0.6, using settings 'MwebConsole.settings'Starting development server at http://0:8000/Quit the server with CONTROL-C.
[2020-06-13 08:20:25,395][MwebServer.logger(MwebServer.py:52)][13154][INFO]:STOPPING
[2020-06-13 08:20:25,395][MwebServer.logger(MwebServer.py:52)][13154][INFO]:STOPPING
[2020-06-13 08:20:27,469][MwebServer.logger(MwebServer.py:52)][13154][INFO]:Stoped server, return code: -6
[2020-06-13 08:20:27,469][MwebServer.logger(MwebServer.py:52)][13154][INFO]:Stoped server, return code: -6
[2020-06-13 08:20:27,469][MwebServer.logger(MwebServer.py:52)][13154][INFO]:Monitor Stoped
[2020-06-13 08:20:27,469][MwebServer.logger(MwebServer.py:52)][13154][INFO]:Monitor Stoped
[2020-06-13 08:20:27,469][MwebServer.logger(MwebServer.py:52)][13154][INFO]:Socket服务端会自动停止
[2020-06-13 08:20:27,469][MwebServer.logger(MwebServer.py:52)][13154][INFO]:Socket服务端会自动停止
[2020-06-13 08:20:29,699][MwebServer.logger(MwebServer.py:52)][13283][INFO]:   __  ____      _______
[2020-06-13 08:20:29,699][MwebServer.logger(MwebServer.py:52)][13283][INFO]:  /  |/  / | /| / / ___/
[2020-06-13 08:20:29,700][MwebServer.logger(MwebServer.py:52)][13283][INFO]: / /|_/ /| |/ |/ / /__  
[2020-06-13 08:20:29,700][MwebServer.logger(MwebServer.py:52)][13283][INFO]:/_/  /_/ |__/|__/\___/
[2020-06-13 08:20:29,700][MwebServer.logger(MwebServer.py:52)][13283][INFO]:==== MCDRWEBCONSOLE ====
[2020-06-13 08:20:30,200][MwebServer.logger(MwebServer.py:52)][13283][INFO]:正在启动MCDR-WEBCONSOLE
[2020-06-13 08:20:30,201][MwebServer.logger(MwebServer.py:52)][13283][INFO]:上报BUG请联系 ixiaohei:
[2020-06-13 08:20:30,201][MwebServer.logger(MwebServer.py:52)][13283][INFO]:上报BUG请联系 ixiaohei:
[2020-06-13 08:20:30,201][MwebServer.logger(MwebServer.py:52)][13283][INFO]:QQ: 486118772
[2020-06-13 08:20:30,201][MwebServer.logger(MwebServer.py:52)][13283][INFO]:QQ: 486118772
[2020-06-13 08:20:33,202][MwebServer.logger(MwebServer.py:52)][13283][INFO]:WSocketServer已启动, 等待网页端上线
[2020-06-13 08:20:33,202][MwebServer.logger(MwebServer.py:52)][13283][INFO]:WSocketServer已启动, 等待网页端上线
[2020-06-13 08:20:33,203][MwebServer.logger(MwebServer.py:52)][13283][INFO]:SocketServer已启动, 等待客户端连接
[2020-06-13 08:20:33,203][MwebServer.logger(MwebServer.py:52)][13283][INFO]:SocketServer已启动, 等待客户端连接
[2020-06-13 08:20:33,203][MwebServer.logger(MwebServer.py:52)][13283][INFO]:检查必要的数据表
[2020-06-13 08:20:33,203][MwebServer.logger(MwebServer.py:52)][13283][INFO]:检查必要的数据表
[2020-06-13 08:20:33,204][MwebServer.logger(MwebServer.py:52)][13283][INFO]:Server Running at PID:13286
[2020-06-13 08:20:33,204][MwebServer.logger(MwebServer.py:52)][13283][INFO]:Server Running at PID:13286
[2020-06-13 08:20:33,204][MwebServer.logger(MwebServer.py:52)][13283][INFO]:Monitor Started
[2020-06-13 08:20:33,204][MwebServer.logger(MwebServer.py:52)][13283][INFO]:Monitor Started
[2020-06-13 08:20:33,220][MwebServer.logger(MwebServer.py:52)][13283][INFO]:Django is nothing wrong
[2020-06-13 08:20:33,220][MwebServer.logger(MwebServer.py:52)][13283][INFO]:Django is nothing wrong
[2020-06-13 08:20:33,406][MwebServer.logger(MwebServer.py:52)][13283][INFO]:Operations to perform:  Apply all migrations: admin, auth, contenttypes, sessionsRunning migrations:  No migrations to apply.
[2020-06-13 08:20:33,406][MwebServer.logger(MwebServer.py:52)][13283][INFO]:Operations to perform:  Apply all migrations: admin, auth, contenttypes, sessionsRunning migrations:  No migrations to apply.
[2020-06-13 08:20:35,499][MwebServer.logger(MwebServer.py:52)][13283][INFO]:Monitor Stoped
[2020-06-13 08:20:35,499][MwebServer.logger(MwebServer.py:52)][13283][INFO]:Monitor Stoped
[2020-06-13 08:20:35,499][MwebServer.logger(MwebServer.py:52)][13283][INFO]:StartProcess
[2020-06-13 08:20:35,499][MwebServer.logger(MwebServer.py:52)][13283][INFO]:StartProcess
[2020-06-13 08:20:35,500][MwebServer.logger(MwebServer.py:52)][13283][INFO]:Server Running at PID:13334
[2020-06-13 08:20:35,500][MwebServer.logger(MwebServer.py:52)][13283][INFO]:Server Running at PID:13334
[2020-06-13 08:20:35,500][MwebServer.logger(MwebServer.py:52)][13283][INFO]:Monitor Started
[2020-06-13 08:20:35,500][MwebServer.logger(MwebServer.py:52)][13283][INFO]:Monitor Started
[2020-06-13 08:20:35,516][MwebServer.logger(MwebServer.py:52)][13283][INFO]:Django is nothing wrong
[2020-06-13 08:20:35,516][MwebServer.logger(MwebServer.py:52)][13283][INFO]:Django is nothing wrong
[2020-06-13 08:20:35,712][MwebServer.logger(MwebServer.py:52)][13283][INFO]:Django is nothing wrong
[2020-06-13 08:20:35,712][MwebServer.logger(MwebServer.py:52)][13283][INFO]:Django is nothing wrong
[2020-06-13 08:20:35,940][MwebServer.logger(MwebServer.py:52)][13283][INFO]:Performing system checks...
[2020-06-13 08:20:35,940][MwebServer.logger(MwebServer.py:52)][13283][INFO]:Performing system checks...
[2020-06-13 08:20:35,976][MwebServer.logger(MwebServer.py:52)][13283][INFO]:System check identified no issues (0 silenced).
[2020-06-13 08:20:35,976][MwebServer.logger(MwebServer.py:52)][13283][INFO]:System check identified no issues (0 silenced).
[2020-06-13 08:20:35,989][MwebServer.logger(MwebServer.py:52)][13283][INFO]:June 13, 2020 - 00:20:35Django version 3.0.6, using settings 'MwebConsole.settings'Starting development server at http://0:8000/Quit the server with CONTROL-C.
[2020-06-13 08:20:35,989][MwebServer.logger(MwebServer.py:52)][13283][INFO]:June 13, 2020 - 00:20:35Django version 3.0.6, using settings 'MwebConsole.settings'Starting development server at http://0:8000/Quit the server with CONTROL-C.
[2020-06-13 08:21:54,090][MwebServer.logger(MwebServer.py:52)][13283][INFO]:STOPPING
[2020-06-13 08:21:54,090][MwebServer.logger(MwebServer.py:52)][13283][INFO]:STOPPING
[2020-06-13 08:21:56,169][MwebServer.logger(MwebServer.py:52)][13283][INFO]:Stoped server, return code: -6
[2020-06-13 08:21:56,169][MwebServer.logger(MwebServer.py:52)][13283][INFO]:Stoped server, return code: -6
[2020-06-13 08:21:56,169][MwebServer.logger(MwebServer.py:52)][13283][INFO]:Monitor Stoped
[2020-06-13 08:21:56,169][MwebServer.logger(MwebServer.py:52)][13283][INFO]:Monitor Stoped
[2020-06-13 08:21:56,169][MwebServer.logger(MwebServer.py:52)][13283][INFO]:Socket服务端会自动停止
[2020-06-13 08:21:56,169][MwebServer.logger(MwebServer.py:52)][13283][INFO]:Socket服务端会自动停止
[2020-06-13 08:21:57,585][MwebServer.logger(MwebServer.py:52)][13770][INFO]:   __  ____      _______
[2020-06-13 08:21:57,585][MwebServer.logger(MwebServer.py:52)][13770][INFO]:  /  |/  / | /| / / ___/
[2020-06-13 08:21:57,585][MwebServer.logger(MwebServer.py:52)][13770][INFO]: / /|_/ /| |/ |/ / /__  
[2020-06-13 08:21:57,585][MwebServer.logger(MwebServer.py:52)][13770][INFO]:/_/  /_/ |__/|__/\___/
[2020-06-13 08:21:57,586][MwebServer.logger(MwebServer.py:52)][13770][INFO]:==== MCDRWEBCONSOLE ====
[2020-06-13 08:21:58,086][MwebServer.logger(MwebServer.py:52)][13770][INFO]:正在启动MCDR-WEBCONSOLE
[2020-06-13 08:21:58,086][MwebServer.logger(MwebServer.py:52)][13770][INFO]:上报BUG请联系 ixiaohei:
[2020-06-13 08:21:58,086][MwebServer.logger(MwebServer.py:52)][13770][INFO]:上报BUG请联系 ixiaohei:
[2020-06-13 08:21:58,086][MwebServer.logger(MwebServer.py:52)][13770][INFO]:QQ: 486118772
[2020-06-13 08:21:58,086][MwebServer.logger(MwebServer.py:52)][13770][INFO]:QQ: 486118772
[2020-06-13 08:22:01,088][MwebServer.logger(MwebServer.py:52)][13770][INFO]:WSocketServer已启动, 等待网页端上线
[2020-06-13 08:22:01,088][MwebServer.logger(MwebServer.py:52)][13770][INFO]:WSocketServer已启动, 等待网页端上线
[2020-06-13 08:22:01,088][MwebServer.logger(MwebServer.py:52)][13770][INFO]:SocketServer已启动, 等待客户端连接
[2020-06-13 08:22:01,088][MwebServer.logger(MwebServer.py:52)][13770][INFO]:SocketServer已启动, 等待客户端连接
[2020-06-13 08:22:01,088][MwebServer.logger(MwebServer.py:52)][13770][INFO]:检查必要的数据表
[2020-06-13 08:22:01,088][MwebServer.logger(MwebServer.py:52)][13770][INFO]:检查必要的数据表
[2020-06-13 08:22:01,089][MwebServer.logger(MwebServer.py:52)][13770][INFO]:Server Running at PID:13773
[2020-06-13 08:22:01,089][MwebServer.logger(MwebServer.py:52)][13770][INFO]:Server Running at PID:13773
[2020-06-13 08:22:01,089][MwebServer.logger(MwebServer.py:52)][13770][INFO]:Monitor Started
[2020-06-13 08:22:01,089][MwebServer.logger(MwebServer.py:52)][13770][INFO]:Monitor Started
[2020-06-13 08:22:01,105][MwebServer.logger(MwebServer.py:52)][13770][INFO]:Django is nothing wrong
[2020-06-13 08:22:01,105][MwebServer.logger(MwebServer.py:52)][13770][INFO]:Django is nothing wrong
[2020-06-13 08:22:01,297][MwebServer.logger(MwebServer.py:52)][13770][INFO]:Operations to perform:  Apply all migrations: admin, auth, contenttypes, sessionsRunning migrations:  No migrations to apply.
[2020-06-13 08:22:01,297][MwebServer.logger(MwebServer.py:52)][13770][INFO]:Operations to perform:  Apply all migrations: admin, auth, contenttypes, sessionsRunning migrations:  No migrations to apply.
[2020-06-13 08:22:03,395][MwebServer.logger(MwebServer.py:52)][13770][INFO]:Monitor Stoped
[2020-06-13 08:22:03,395][MwebServer.logger(MwebServer.py:52)][13770][INFO]:Monitor Stoped
[2020-06-13 08:22:03,396][MwebServer.logger(MwebServer.py:52)][13770][INFO]:StartProcess
[2020-06-13 08:22:03,396][MwebServer.logger(MwebServer.py:52)][13770][INFO]:StartProcess
[2020-06-13 08:22:03,396][MwebServer.logger(MwebServer.py:52)][13770][INFO]:Server Running at PID:13785
[2020-06-13 08:22:03,396][MwebServer.logger(MwebServer.py:52)][13770][INFO]:Server Running at PID:13785
[2020-06-13 08:22:03,397][MwebServer.logger(MwebServer.py:52)][13770][INFO]:Monitor Started
[2020-06-13 08:22:03,397][MwebServer.logger(MwebServer.py:52)][13770][INFO]:Monitor Started
[2020-06-13 08:22:03,412][MwebServer.logger(MwebServer.py:52)][13770][INFO]:Django is nothing wrong
[2020-06-13 08:22:03,412][MwebServer.logger(MwebServer.py:52)][13770][INFO]:Django is nothing wrong
[2020-06-13 08:22:03,591][MwebServer.logger(MwebServer.py:52)][13770][INFO]:Django is nothing wrong
[2020-06-13 08:22:03,591][MwebServer.logger(MwebServer.py:52)][13770][INFO]:Django is nothing wrong
[2020-06-13 08:22:03,753][MwebServer.logger(MwebServer.py:52)][13770][INFO]:Performing system checks...
[2020-06-13 08:22:03,753][MwebServer.logger(MwebServer.py:52)][13770][INFO]:Performing system checks...
[2020-06-13 08:22:03,792][MwebServer.logger(MwebServer.py:52)][13770][INFO]:System check identified no issues (0 silenced).
[2020-06-13 08:22:03,792][MwebServer.logger(MwebServer.py:52)][13770][INFO]:System check identified no issues (0 silenced).
[2020-06-13 08:22:03,809][MwebServer.logger(MwebServer.py:52)][13770][INFO]:June 13, 2020 - 00:22:03Django version 3.0.6, using settings 'MwebConsole.settings'Starting development server at http://0:8000/Quit the server with CONTROL-C.
[2020-06-13 08:22:03,809][MwebServer.logger(MwebServer.py:52)][13770][INFO]:June 13, 2020 - 00:22:03Django version 3.0.6, using settings 'MwebConsole.settings'Starting development server at http://0:8000/Quit the server with CONTROL-C.
