[2020-08-02 09:06:18,494][mlogger.__print(mlogger.py:35)][9828][INFO]:WSocketServer已启动, 等待网页端上线, 监听地址为 127.0.0.1:3548
[2020-08-02 09:06:18,498][mlogger.__print(mlogger.py:35)][9828][INFO]:SocketServer已启动, 等待客户端连接, 监听地址为 127.0.0.1:3547
[2020-08-02 09:06:18,498][mlogger.__print(mlogger.py:35)][9828][INFO]:检查必要的数据表
[2020-08-02 09:06:18,500][mlogger.__print(mlogger.py:35)][9828][INFO]:Server Running at PID:9832
[2020-08-02 09:06:18,967][mlogger.__print(mlogger.py:35)][9828][INFO]:Operations to perform:  Apply all migrations: admin, auth, contenttypes, sessions
[2020-08-02 09:06:19,018][mlogger.__print(mlogger.py:35)][9828][INFO]:Running migrations:  No migrations to apply.
[2020-08-02 09:06:19,073][mlogger.__print(mlogger.py:35)][9828][INFO]:服务器启动/初始化成功/initialized
[2020-08-02 09:06:19,578][mlogger.__print(mlogger.py:35)][9828][INFO]:StartServerProcess
[2020-08-02 09:06:19,581][mlogger.__print(mlogger.py:35)][9828][INFO]:Server Running at PID:9833
[2020-08-02 09:06:19,582][mlogger.__print(mlogger.py:35)][9828][INFO]:    __  ____      _____/\
[2020-08-02 09:06:19,582][mlogger.__print(mlogger.py:35)][9828][INFO]:   /  |/  / | /| / / ___/
[2020-08-02 09:06:19,582][mlogger.__print(mlogger.py:35)][9828][INFO]:  / /|_/ /| |/ |/ / /__  
[2020-08-02 09:06:19,583][mlogger.__print(mlogger.py:35)][9828][INFO]: / /  /_/ |__/|__/\___/
[2020-08-02 09:06:19,583][mlogger.__print(mlogger.py:35)][9828][INFO]: \/
[2020-08-02 09:06:19,583][mlogger.__print(mlogger.py:35)][9828][INFO]:==== MCDRWEBCONSOLE ====
[2020-08-02 09:06:20,086][mlogger.__print(mlogger.py:35)][9828][INFO]:正在启动MCDR-WEBCONSOLE
[2020-08-02 09:06:20,086][mlogger.__print(mlogger.py:35)][9828][INFO]:上报BUG请联系 ixiaohei:
[2020-08-02 09:06:20,086][mlogger.__print(mlogger.py:35)][9828][INFO]:QQ: 486118772
[2020-08-02 09:06:20,086][mlogger.__print(mlogger.py:35)][9828][INFO]:mwc-httpserver is OpenSource, find it here:
[2020-08-02 09:06:20,086][mlogger.__print(mlogger.py:35)][9828][INFO]:GAYHUB: https://github.com/ixiaohei-sakura/
[2020-08-02 09:06:20,086][mlogger.__print(mlogger.py:35)][9828][INFO]:G-PROJECT: https://github.com/ixiaohei-sakura/MWConsole
[2020-08-02 09:06:20,086][mlogger.__print(mlogger.py:35)][9828][INFO]:ServerStarted. Quit the server with CONTROL-C
[2020-08-02 09:06:20,245][mlogger.__print(mlogger.py:35)][9828][INFO]:Performing system checks...
[2020-08-02 09:06:20,301][mlogger.__print(mlogger.py:35)][9828][INFO]:System check identified no issues (0 silenced).August 02, 2020 - 01:06:20Django version 3.0.7, using settings 'MwebConsole.settings'Starting development server at http://0:8000/Quit the server with CONTROL-C.
[2020-08-02 09:06:22,585][mlogger.__print(mlogger.py:35)][9828][INFO]:==MWC正在监听标准输入流==
[2020-08-02 09:06:22,585][mlogger.__print(mlogger.py:35)][9828][INFO]:命令列表: 
[2020-08-02 09:06:22,585][mlogger.__print(mlogger.py:35)][9828][INFO]:restart: 重启web服务器
[2020-08-02 09:06:22,585][mlogger.__print(mlogger.py:35)][9828][INFO]:restart_: 重启MWC
[2020-08-02 09:06:22,585][mlogger.__print(mlogger.py:35)][9828][INFO]:start: 启动web服务器
[2020-08-02 09:06:22,585][mlogger.__print(mlogger.py:35)][9828][INFO]:stop: 停止MWC
[2020-08-02 09:06:22,585][mlogger.__print(mlogger.py:35)][9828][INFO]:stop_: 停止web服务器并等待启动
[2020-08-02 09:06:22,585][mlogger.__print(mlogger.py:35)][9828][INFO]:debug [True/False]开启/关闭debug模式
[2020-08-02 09:06:22,585][mlogger.__print(mlogger.py:35)][9828][INFO]:命令需以#m#开头, 例: #m#debug True
[2020-08-02 09:06:38,553][mlogger.__print(mlogger.py:35)][9828][INFO]:[1;33m[02/Aug/2020 01:06:38] "GET /?awa=2 HTTP/1.1" 200 9624[02/Aug/2020 01:06:38] "GET /css/mwc.main.css HTTP/1.1" 200 4658[0m
[2020-08-02 09:06:38,606][mlogger.__print(mlogger.py:35)][9828][INFO]:[1;33m[02/Aug/2020 01:06:38] "GET /css/bootstrap-4.3.1.css HTTP/1.1" 200 192348[0m
[2020-08-02 09:06:38,661][mlogger.__print(mlogger.py:35)][9828][INFO]:[1;33m[02/Aug/2020 01:06:38] "GET /js/jquery-3.4.1.min.js HTTP/1.1" 200 88145[02/Aug/2020 01:06:38] "GET /js/popper.min.js HTTP/1.1" 200 21004[02/Aug/2020 01:06:38] "GET /js/bootstrap-4.3.1.js HTTP/1.1" 200 131637[02/Aug/2020 01:06:38] "GET /js/mwc.js HTTP/1.1" 200 578[02/Aug/2020 01:06:38] "GET /js/functions/check_browser.js HTTP/1.1" 200 237[02/Aug/2020 01:06:38] "GET /js/functions/display.js HTTP/1.1" 200 1495[02/Aug/2020 01:06:38] "GET /js/functions/loadpage.js HTTP/1.1" 200 396[02/Aug/2020 01:06:38] "GET /js/functions/page_clock.js HTTP/1.1" 200 748[0m
[2020-08-02 09:06:48,481][mlogger.__print(mlogger.py:35)][9828][INFO]:[1;33m[02/Aug/2020 01:06:48] "GET /?awa=2 HTTP/1.1" 200 9624[02/Aug/2020 01:06:48] "GET /css/mwc.main.css HTTP/1.1" 200 4658[0m
[2020-08-02 09:06:49,594][mlogger.__print(mlogger.py:35)][9828][INFO]:[1;33m[02/Aug/2020 01:06:49] "GET /?awa=2 HTTP/1.1" 200 9624[02/Aug/2020 01:06:49] "GET /css/mwc.main.css HTTP/1.1" 200 4658[0m
[2020-08-02 09:06:53,466][mlogger.__print(mlogger.py:35)][9828][INFO]:[1;33m[02/Aug/2020 01:06:53] "GET /?awa=2 HTTP/1.1" 200 9624[0m
[2020-08-02 09:06:53,521][mlogger.__print(mlogger.py:35)][9828][INFO]:[1;33m[02/Aug/2020 01:06:53] "GET /css/mwc.main.css HTTP/1.1" 200 4658[02/Aug/2020 01:06:53] "GET /css/bootstrap-4.3.1.css HTTP/1.1" 200 192348[0m
[2020-08-02 09:06:54,575][mlogger.__print(mlogger.py:35)][9828][INFO]:[1;33m[02/Aug/2020 01:06:54] "GET /?awa=2 HTTP/1.1" 200 9624[0m
[2020-08-02 09:06:55,423][mlogger.__print(mlogger.py:35)][9828][INFO]:[1;33m[02/Aug/2020 01:06:55] "GET /?awa=2 HTTP/1.1" 200 9624[0m
[2020-08-02 09:06:55,479][mlogger.__print(mlogger.py:35)][9828][INFO]:[1;33m[02/Aug/2020 01:06:55] "GET /css/bootstrap-4.3.1.css HTTP/1.1" 200 192348[02/Aug/2020 01:06:55] "GET /css/mwc.main.css HTTP/1.1" 200 4658[02/Aug/2020 01:06:55] "GET /js/jquery-3.4.1.min.js HTTP/1.1" 200 88145[0m
[2020-08-02 09:06:55,902][mlogger.__print(mlogger.py:35)][9828][INFO]:[1;33m[02/Aug/2020 01:06:55] "GET /?awa=2 HTTP/1.1" 200 9624[0m
[2020-08-02 09:06:55,958][mlogger.__print(mlogger.py:35)][9828][INFO]:[1;33m[02/Aug/2020 01:06:55] "GET /css/mwc.main.css HTTP/1.1" 200 4658[02/Aug/2020 01:06:55] "GET /css/bootstrap-4.3.1.css HTTP/1.1" 200 192348[02/Aug/2020 01:06:55] "GET /js/jquery-3.4.1.min.js HTTP/1.1" 200 88145[0m
[2020-08-02 09:06:56,283][mlogger.__print(mlogger.py:35)][9828][INFO]:[1;33m[02/Aug/2020 01:06:56] "GET /?awa=2 HTTP/1.1" 200 9624[02/Aug/2020 01:06:56] "GET /css/mwc.main.css HTTP/1.1" 200 4658[0m
[2020-08-02 09:06:56,664][mlogger.__print(mlogger.py:35)][9828][INFO]:[1;33m[02/Aug/2020 01:06:56] "GET /?awa=2 HTTP/1.1" 200 9624[02/Aug/2020 01:06:56] "GET /css/bootstrap-4.3.1.css HTTP/1.1" 200 192348[0m
[2020-08-02 09:06:56,882][mlogger.__print(mlogger.py:35)][9828][INFO]:[1;33m[02/Aug/2020 01:06:56] "GET /css/bootstrap-4.3.1.css HTTP/1.1" 200 192348[02/Aug/2020 01:06:56] "GET /css/mwc.main.css HTTP/1.1" 200 4658[02/Aug/2020 01:06:56] "GET /js/popper.min.js HTTP/1.1" 200 21004[02/Aug/2020 01:06:56] "GET /js/jquery-3.4.1.min.js HTTP/1.1" 200 88145[02/Aug/2020 01:06:56] "GET /js/functions/display.js HTTP/1.1" 200 1495[0m
[2020-08-02 09:06:57,048][mlogger.__print(mlogger.py:35)][9828][INFO]:[1;33m[02/Aug/2020 01:06:57] "GET /?awa=2 HTTP/1.1" 200 9624[02/Aug/2020 01:06:57] "GET /css/mwc.main.css HTTP/1.1" 200 4658[0m
[2020-08-02 09:06:57,263][mlogger.__print(mlogger.py:35)][9828][INFO]:[1;33m[02/Aug/2020 01:06:57] "GET /?awa=2 HTTP/1.1" 200 9624[02/Aug/2020 01:06:57] "GET /css/mwc.main.css HTTP/1.1" 200 4658[0m
[2020-08-02 09:06:57,482][mlogger.__print(mlogger.py:35)][9828][INFO]:[1;33m[02/Aug/2020 01:06:57] "GET /?awa=2 HTTP/1.1" 200 9624[0m
[2020-08-02 09:06:57,535][mlogger.__print(mlogger.py:35)][9828][INFO]:[1;33m[02/Aug/2020 01:06:57] "GET /css/mwc.main.css HTTP/1.1" 200 4658[02/Aug/2020 01:06:57] "GET /css/bootstrap-4.3.1.css HTTP/1.1" 200 192348[02/Aug/2020 01:06:57] "GET /js/popper.min.js HTTP/1.1" 200 21004[0m
[2020-08-02 09:06:57,917][mlogger.__print(mlogger.py:35)][9828][INFO]:[1;33m[02/Aug/2020 01:06:57] "GET /?awa=2 HTTP/1.1" 200 9624[02/Aug/2020 01:06:57] "GET /css/mwc.main.css HTTP/1.1" 200 4658[0m
[2020-08-02 09:06:58,135][mlogger.__print(mlogger.py:35)][9828][INFO]:[1;33m[02/Aug/2020 01:06:58] "GET /?awa=2 HTTP/1.1" 200 9624[02/Aug/2020 01:06:58] "GET /css/bootstrap-4.3.1.css HTTP/1.1" 200 192348[02/Aug/2020 01:06:58] "GET /css/mwc.main.css HTTP/1.1" 200 4658[0m
[2020-08-02 09:06:58,618][mlogger.__print(mlogger.py:35)][9828][INFO]:[1;33m[02/Aug/2020 01:06:58] "GET /?awa=2 HTTP/1.1" 200 9624[02/Aug/2020 01:06:58] "GET /css/mwc.main.css HTTP/1.1" 200 4658[0m
[2020-08-02 09:06:58,999][mlogger.__print(mlogger.py:35)][9828][INFO]:[1;33m[02/Aug/2020 01:06:58] "GET /?awa=2 HTTP/1.1" 200 9624[0m
[2020-08-02 09:06:59,051][mlogger.__print(mlogger.py:35)][9828][INFO]:[1;33m[02/Aug/2020 01:06:59] "GET /css/mwc.main.css HTTP/1.1" 200 4658[02/Aug/2020 01:06:59] "GET /css/bootstrap-4.3.1.css HTTP/1.1" 200 192348[02/Aug/2020 01:06:59] "GET /js/jquery-3.4.1.min.js HTTP/1.1" 200 88145[02/Aug/2020 01:06:59] "GET /js/popper.min.js HTTP/1.1" 200 21004[02/Aug/2020 01:06:59] "GET /js/functions/display.js HTTP/1.1" 200 1495[02/Aug/2020 01:06:59] "GET /js/mwc.js HTTP/1.1" 200 578[02/Aug/2020 01:06:59] "GET /js/functions/check_browser.js HTTP/1.1" 200 237[02/Aug/2020 01:06:59] "GET /js/functions/loadpage.js HTTP/1.1" 200 396[02/Aug/2020 01:06:59] "GET /js/bootstrap-4.3.1.js HTTP/1.1" 200 131637[02/Aug/2020 01:06:59] "GET /js/functions/page_clock.js HTTP/1.1" 200 748[02/Aug/2020 01:06:59] "GET /js/functions/logger.js HTTP/1.1" 200 301[02/Aug/2020 01:06:59] "GET /js/pages/main.js HTTP/1.1" 200 22[02/Aug/2020 01:06:59] "GET /js/pages/shell.js HTTP/1.1" 200 2421[0m
[2020-08-02 09:06:59,376][mlogger.__print(mlogger.py:35)][9828][INFO]:[1;33m[02/Aug/2020 01:06:59] "GET /?awa=2 HTTP/1.1" 200 9624[0m
[2020-08-02 09:06:59,592][mlogger.__print(mlogger.py:35)][9828][INFO]:[1;33m[02/Aug/2020 01:06:59] "GET /?awa=2 HTTP/1.1" 200 9624[0m
[2020-08-02 09:06:59,648][mlogger.__print(mlogger.py:35)][9828][INFO]:[1;33m[02/Aug/2020 01:06:59] "GET /css/mwc.main.css HTTP/1.1" 200 4658[02/Aug/2020 01:06:59] "GET /css/bootstrap-4.3.1.css HTTP/1.1" 200 192348[0m
[2020-08-02 09:07:00,126][mlogger.__print(mlogger.py:35)][9828][INFO]:[1;33m[02/Aug/2020 01:07:00] "GET /?awa=2 HTTP/1.1" 200 9624[02/Aug/2020 01:07:00] "GET /css/mwc.main.css HTTP/1.1" 200 4658[0m
[2020-08-02 09:07:00,340][mlogger.__print(mlogger.py:35)][9828][INFO]:[1;33m[02/Aug/2020 01:07:00] "GET /css/mwc.main.css HTTP/1.1" 200 4658[02/Aug/2020 01:07:00] "GET /css/bootstrap-4.3.1.css HTTP/1.1" 200 192348[02/Aug/2020 01:07:00] "GET /js/jquery-3.4.1.min.js HTTP/1.1" 200 88145[02/Aug/2020 01:07:00] "GET /js/functions/check_browser.js HTTP/1.1" 200 237[02/Aug/2020 01:07:00] "GET /js/bootstrap-4.3.1.js HTTP/1.1" 200 131637[02/Aug/2020 01:07:00] "GET /js/mwc.js HTTP/1.1" 200 578[02/Aug/2020 01:07:00] "GET /js/functions/display.js HTTP/1.1" 200 1495[02/Aug/2020 01:07:00] "GET /js/functions/loadpage.js HTTP/1.1" 200 396[02/Aug/2020 01:07:00] "GET /js/popper.min.js HTTP/1.1" 200 21004[02/Aug/2020 01:07:00] "GET /js/functions/page_clock.js HTTP/1.1" 200 748[02/Aug/2020 01:07:00] "GET /js/functions/logger.js HTTP/1.1" 200 301[02/Aug/2020 01:07:00] "GET /js/pages/shell.js HTTP/1.1" 200 2421[02/Aug/2020 01:07:00] "GET /js/pages/login.js HTTP/1.1" 200 2645[02/Aug/2020 01:07:00] "GET /js/ws/websocket_main.js HTTP/1.1" 200 86[0m
[2020-08-02 09:08:46,738][mlogger.__print(mlogger.py:35)][9828][INFO]:[1;33m[02/Aug/2020 01:08:46] "GET /?awa=2 HTTP/1.1" 200 9624[02/Aug/2020 01:08:46] "GET /css/mwc.main.css HTTP/1.1" 200 4658[0m
[2020-08-02 09:08:46,790][mlogger.__print(mlogger.py:35)][9828][INFO]:[1;33m[02/Aug/2020 01:08:46] "GET /css/bootstrap-4.3.1.css HTTP/1.1" 200 192348[02/Aug/2020 01:08:46] "GET /js/jquery-3.4.1.min.js HTTP/1.1" 200 88145[02/Aug/2020 01:08:46] "GET /js/popper.min.js HTTP/1.1" 200 21004[02/Aug/2020 01:08:46] "GET /js/functions/display.js HTTP/1.1" 200 1495[02/Aug/2020 01:08:46] "GET /js/bootstrap-4.3.1.js HTTP/1.1" 200 131637[02/Aug/2020 01:08:46] "GET /js/functions/loadpage.js HTTP/1.1" 200 396[02/Aug/2020 01:08:46] "GET /js/mwc.js HTTP/1.1" 200 578[02/Aug/2020 01:08:46] "GET /js/functions/check_browser.js HTTP/1.1" 200 237[02/Aug/2020 01:08:46] "GET /js/functions/page_clock.js HTTP/1.1" 200 748[0m
[2020-08-02 09:10:02,937][mlogger.__print(mlogger.py:35)][9828][INFO]:STOPPING
[2020-08-02 09:10:02,991][mlogger.__print(mlogger.py:35)][9828][INFO]:Stoped server, return code: 0
[2020-08-02 09:10:02,992][mlogger.__print(mlogger.py:35)][9828][INFO]:服务器状态: 服务器已自行停止/SERVER_stoped_by_ITSELF
[2020-08-02 09:10:02,992][mlogger.__print(mlogger.py:35)][9828][INFO]:Thank you and goodBye! :)
[2020-08-02 09:10:03,044][mlogger.__print(mlogger.py:35)][9828][INFO]:退出主程序
